#
# There is insufficient memory for the Java Runtime Environment to continue.
# Native memory allocation (mmap) failed to map 266338304 bytes for G1 virtual space
# Possible reasons:
#   The system is out of physical RAM or swap space
#   The process is running with CompressedOops enabled, and the Java Heap may be blocking the growth of the native heap
# Possible solutions:
#   Reduce memory load on the system
#   Increase physical memory or swap space
#   Check if swap backing store is full
#   Decrease Java heap size (-Xmx/-Xms)
#   Decrease number of Java threads
#   Decrease Java thread stack sizes (-Xss)
#   Set larger code cache with -XX:ReservedCodeCacheSize=
#   JVM is running with Zero Based Compressed Oops mode in which the Java heap is
#     placed in the first 32GB address space. The Java Heap base address is the
#     maximum limit for the native heap growth. Please use -XX:HeapBaseMinAddress
#     to set the Java Heap base and to place the Java Heap above 32GB virtual address.
# This output file may be truncated or incomplete.
#
#  Out of Memory Error (os_windows.cpp:3548), pid=22052, tid=30428
#
# JRE version:  (17.0.11+7) (build )
# Java VM: Java HotSpot(TM) 64-Bit Server VM (17.0.11+7-LTS-207, mixed mode, sharing, tiered, compressed oops, compressed class ptrs, g1 gc, windows-amd64)
# No core dump will be written. Minidumps are not enabled by default on client versions of Windows
#

---------------  S U M M A R Y ------------

Command Line: org.jetbrains.kotlin.cli.jvm.K2JVMCompiler @D:\MindIsight-mian\node_modules\react-native-webview\android\build\20240618_12334443883422998297.compiler.options

Host: 11th Gen Intel(R) Core(TM) i5-11300H @ 3.10GHz, 8 cores, 15G,  Windows 11 , 64 bit Build 22621 (10.0.22621.3527)
Time: Tue Jun 18 11:04:45 2024  Windows 11 , 64 bit Build 22621 (10.0.22621.3527) elapsed time: 0.056277 seconds (0d 0h 0m 0s)

---------------  T H R E A D  ---------------

Current thread (0x0000021b7d9fa0b0):  JavaThread "Unknown thread" [_thread_in_vm, id=30428, stack(0x000000625ed00000,0x000000625ee00000)]

Stack: [0x000000625ed00000,0x000000625ee00000]
Native frames: (J=compiled Java code, j=interpreted, Vv=VM code, C=native code)
V  [jvm.dll+0x679cca]
V  [jvm.dll+0x7da13d]
V  [jvm.dll+0x7dba83]
V  [jvm.dll+0x7dc0f3]
V  [jvm.dll+0x2449af]
V  [jvm.dll+0x676ce9]
V  [jvm.dll+0x66b852]
V  [jvm.dll+0x3018d6]
V  [jvm.dll+0x308e76]
V  [jvm.dll+0x3596ee]
V  [jvm.dll+0x35991f]
V  [jvm.dll+0x2d89a8]
V  [jvm.dll+0x2d9914]
V  [jvm.dll+0x7ac6b1]
V  [jvm.dll+0x366f61]
V  [jvm.dll+0x78b609]
V  [jvm.dll+0x3ec22f]
V  [jvm.dll+0x3ede61]
C  [jli.dll+0x5297]
C  [ucrtbase.dll+0x29333]
C  [KERNEL32.DLL+0x1257d]
C  [ntdll.dll+0x5aa48]


---------------  P R O C E S S  ---------------

Threads class SMR info:
_java_thread_list=0x00007ff82b567a18, length=0, elements={
}

Java Threads: ( => current thread )

Other Threads:
  0x0000021b7da68220 GCTaskThread "GC Thread#0" [stack: 0x000000625ee00000,0x000000625ef00000] [id=17872]
  0x0000021b7da78e00 ConcurrentGCThread "G1 Main Marker" [stack: 0x000000625ef00000,0x000000625f000000] [id=25380]
  0x0000021b7da79810 ConcurrentGCThread "G1 Conc#0" [stack: 0x000000625f000000,0x000000625f100000] [id=13796]

[error occurred during error reporting (printing all threads), id 0xc0000005, EXCEPTION_ACCESS_VIOLATION (0xc0000005) at pc=0x00007ff82ad99497]

VM state: not at safepoint (not fully initialized)

VM Mutex/Monitor currently owned by a thread:  ([mutex/lock_event])
[0x0000021b7d9f6ef0] Heap_lock - owner thread: 0x0000021b7d9fa0b0

Heap address: 0x0000000703600000, size: 4042 MB, Compressed Oops mode: Zero based, Oop shift amount: 3

CDS archive(s) mapped at: [0x0000000000000000-0x0000000000000000-0x0000000000000000), size 0, SharedBaseAddress: 0x0000000800000000, ArchiveRelocationMode: 1.
Narrow klass base: 0x0000000000000000, Narrow klass shift: 0, Narrow klass range: 0x0

GC Precious Log:
<Empty>

Heap:
 garbage-first heap   total 0K, used 0K [0x0000000703600000, 0x0000000800000000)
  region size 2048K, 0 young (0K), 0 survivors (0K)

[error occurred during error reporting (printing heap information), id 0xc0000005, EXCEPTION_ACCESS_VIOLATION (0xc0000005) at pc=0x00007ff82b183559]

GC Heap History (0 events):
No events

Deoptimization events (0 events):
No events

Classes unloaded (0 events):
No events

Classes redefined (0 events):
No events

Internal exceptions (0 events):
No events

VM Operations (0 events):
No events

Events (1 events):
Event: 0.041 Loaded shared library C:\Program Files\Java\jdk-17\bin\java.dll


Dynamic libraries:
0x00007ff7605c0000 - 0x00007ff7605d0000 	C:\Program Files\Java\jdk-17\bin\java.exe
0x00007ff8cdbb0000 - 0x00007ff8cddc7000 	C:\WINDOWS\SYSTEM32\ntdll.dll
0x00007ff8cd130000 - 0x00007ff8cd1f4000 	C:\WINDOWS\System32\KERNEL32.DLL
0x00007ff8cb4c0000 - 0x00007ff8cb867000 	C:\WINDOWS\System32\KERNELBASE.dll
0x00007ff8cb1b0000 - 0x00007ff8cb2c1000 	C:\WINDOWS\System32\ucrtbase.dll
0x00007ff8b7430000 - 0x00007ff8b7449000 	C:\Program Files\Java\jdk-17\bin\jli.dll
0x00007ff8cbee0000 - 0x00007ff8cbf92000 	C:\WINDOWS\System32\ADVAPI32.dll
0x00007ff8cd9b0000 - 0x00007ff8cda57000 	C:\WINDOWS\System32\msvcrt.dll
0x00007ff8cdac0000 - 0x00007ff8cdb68000 	C:\WINDOWS\System32\sechost.dll
0x00007ff8bc8d0000 - 0x00007ff8bc8eb000 	C:\Program Files\Java\jdk-17\bin\VCRUNTIME140.dll
0x00007ff8cb490000 - 0x00007ff8cb4b8000 	C:\WINDOWS\System32\bcrypt.dll
0x00007ff8cd010000 - 0x00007ff8cd125000 	C:\WINDOWS\System32\RPCRT4.dll
0x00007ff8cc4b0000 - 0x00007ff8cc65e000 	C:\WINDOWS\System32\USER32.dll
0x00007ff8cb180000 - 0x00007ff8cb1a6000 	C:\WINDOWS\System32\win32u.dll
0x00007ff8cb8f0000 - 0x00007ff8cb919000 	C:\WINDOWS\System32\GDI32.dll
0x00007ff8cb2d0000 - 0x00007ff8cb3e9000 	C:\WINDOWS\System32\gdi32full.dll
0x00007ff8cb3f0000 - 0x00007ff8cb48a000 	C:\WINDOWS\System32\msvcp_win.dll
0x00007ff8ac760000 - 0x00007ff8ac9f3000 	C:\WINDOWS\WinSxS\amd64_microsoft.windows.common-controls_6595b64144ccf1df_6.0.22621.3527_none_270e469b73872a76\COMCTL32.dll
0x00007ff8bf540000 - 0x00007ff8bf54a000 	C:\WINDOWS\SYSTEM32\VERSION.dll
0x00007ff8cbea0000 - 0x00007ff8cbed1000 	C:\WINDOWS\System32\IMM32.DLL
0x00007ff8c3a20000 - 0x00007ff8c3a2c000 	C:\Program Files\Java\jdk-17\bin\vcruntime140_1.dll
0x00007ff88dd50000 - 0x00007ff88ddde000 	C:\Program Files\Java\jdk-17\bin\msvcp140.dll
0x00007ff82aab0000 - 0x00007ff82b690000 	C:\Program Files\Java\jdk-17\bin\server\jvm.dll
0x00007ff8cb8e0000 - 0x00007ff8cb8e8000 	C:\WINDOWS\System32\PSAPI.DLL
0x00007ff8afcb0000 - 0x00007ff8afcb9000 	C:\WINDOWS\SYSTEM32\WSOCK32.dll
0x00007ff8c4620000 - 0x00007ff8c4654000 	C:\WINDOWS\SYSTEM32\WINMM.dll
0x00007ff8cd8c0000 - 0x00007ff8cd931000 	C:\WINDOWS\System32\WS2_32.dll
0x00007ff8c9ef0000 - 0x00007ff8c9f08000 	C:\WINDOWS\SYSTEM32\kernel.appcore.dll
0x00007ff8c3240000 - 0x00007ff8c324a000 	C:\Program Files\Java\jdk-17\bin\jimage.dll
0x00007ff8c88a0000 - 0x00007ff8c8ad2000 	C:\WINDOWS\SYSTEM32\DBGHELP.DLL
0x00007ff8cbb10000 - 0x00007ff8cbe98000 	C:\WINDOWS\System32\combase.dll
0x00007ff8cd7e0000 - 0x00007ff8cd8b7000 	C:\WINDOWS\System32\OLEAUT32.dll
0x00007ff8c2fd0000 - 0x00007ff8c3002000 	C:\WINDOWS\SYSTEM32\dbgcore.DLL
0x00007ff8caed0000 - 0x00007ff8caf49000 	C:\WINDOWS\System32\bcryptPrimitives.dll
0x00007ff8b29a0000 - 0x00007ff8b29c5000 	C:\Program Files\Java\jdk-17\bin\java.dll

dbghelp: loaded successfully - version: 4.0.5 - missing functions: none
symbol engine: initialized successfully - sym options: 0x614 - pdb path: .;C:\Program Files\Java\jdk-17\bin;C:\WINDOWS\SYSTEM32;C:\WINDOWS\WinSxS\amd64_microsoft.windows.common-controls_6595b64144ccf1df_6.0.22621.3527_none_270e469b73872a76;C:\Program Files\Java\jdk-17\bin\server

VM Arguments:
java_command: org.jetbrains.kotlin.cli.jvm.K2JVMCompiler @D:\MindIsight-mian\node_modules\react-native-webview\android\build\20240618_12334443883422998297.compiler.options
java_class_path (initial): D:\AndroidTool\gradleRepository\caches\modules-2\files-2.1\org.jetbrains.kotlin\kotlin-compiler-embeddable\1.6.0\aa8da3bedc53c89219b84a0b40c7419431a13e76\kotlin-compiler-embeddable-1.6.0.jar;D:\AndroidTool\gradleRepository\caches\modules-2\files-2.1\org.jetbrains.kotlin\kotlin-reflect\1.6.0\a215a7f914d5916dc5fd2d45cea16524e0220203\kotlin-reflect-1.6.0.jar;D:\AndroidTool\gradleRepository\caches\modules-2\files-2.1\org.jetbrains.kotlin\kotlin-stdlib\1.6.0\a40b8b22529b733892edf4b73468ce598bb17f04\kotlin-stdlib-1.6.0.jar;D:\AndroidTool\gradleRepository\caches\modules-2\files-2.1\org.jetbrains.kotlin\kotlin-script-runtime\1.6.0\55f72526ddcff6fc77d72cdf949c7e3d9bd95620\kotlin-script-runtime-1.6.0.jar;D:\AndroidTool\gradleRepository\caches\modules-2\files-2.1\org.jetbrains.kotlin\kotlin-daemon-embeddable\1.6.0\d6242b37f4ce6b637d10847c7558446272ec8432\kotlin-daemon-embeddable-1.6.0.jar;D:\AndroidTool\gradleRepository\caches\modules-2\files-2.1\org.jetbrains.intellij.deps\trove4j\1.0.20181211\216c2e14b070f334479d800987affe4054cd563f\trove4j-1.0.20181211.jar;D:\AndroidTool\gradleRepository\caches\modules-2\files-2.1\net.java.dev.jna\jna\5.6.0\330f2244e9030119ab3030fc3fededc86713d9cc\jna-5.6.0.jar;D:\AndroidTool\gradleRepository\caches\modules-2\files-2.1\org.jetbrains\annotations\13.0\919f0dfe192fb4e063e7dacadee7f8bb9a2672a9\annotations-13.0.jar;D:\AndroidTool\gradleRepository\caches\modules-2\files-2.1\org.jetbrains.kotlin\kotlin-stdlib-common\1.6.0\7857e365f925cfa060f941c1357cda1f8790502c\kotlin-stdlib-common-1.6.0.jar
Launcher Type: SUN_STANDARD

[Global flags]
     intx CICompilerCount                          = 4                                         {product} {ergonomic}
     uint ConcGCThreads                            = 2                                         {product} {ergonomic}
     uint G1ConcRefinementThreads                  = 8                                         {product} {ergonomic}
   size_t G1HeapRegionSize                         = 2097152                                   {product} {ergonomic}
    uintx GCDrainStackTargetSize                   = 64                                        {product} {ergonomic}
   size_t InitialHeapSize                          = 266338304                                 {product} {ergonomic}
   size_t MarkStackSize                            = 4194304                                   {product} {ergonomic}
   size_t MaxHeapSize                              = 4238344192                                {product} {ergonomic}
   size_t MinHeapDeltaBytes                        = 2097152                                   {product} {ergonomic}
   size_t MinHeapSize                              = 8388608                                   {product} {ergonomic}
    uintx NonNMethodCodeHeapSize                   = 5839372                                {pd product} {ergonomic}
    uintx NonProfiledCodeHeapSize                  = 122909434                              {pd product} {ergonomic}
    uintx ProfiledCodeHeapSize                     = 122909434                              {pd product} {ergonomic}
    uintx ReservedCodeCacheSize                    = 251658240                              {pd product} {ergonomic}
     bool SegmentedCodeCache                       = true                                      {product} {ergonomic}
   size_t SoftMaxHeapSize                          = 4238344192                             {manageable} {ergonomic}
     bool UseCompressedClassPointers               = true                           {product lp64_product} {ergonomic}
     bool UseCompressedOops                        = true                           {product lp64_product} {ergonomic}
     bool UseG1GC                                  = true                                      {product} {ergonomic}
     bool UseLargePagesIndividualAllocation        = false                                  {pd product} {ergonomic}

Logging:
Log output configuration:
 #0: stdout all=warning uptime,level,tags
 #1: stderr all=off uptime,level,tags

Environment Variables:
JAVA_HOME=C:\Program Files\Java\jdk-17
CLASSPATH=D:\MindIsight-mian\android\\gradle\wrapper\gradle-wrapper.jar
PATH=D:\MindIsight-mian\node_modules\.bin;D:\node_modules\.bin;C:\Users\wwwu\AppData\Roaming\npm\node_modules\npm\node_modules\@npmcli\run-script\lib\node-gyp-bin;C:\Program Files\Common Files\Oracle\Java\javapath;D:\app\wwwu\product\11.2.0\dbhome_2\bin;D:\app\wwwu\product\11.2.0\dbhome_1\bin;D:\app\wwwu\product\11.2.0\dbhome_3\bin;C:\Program Files (x86)\VMware\VMware Workstation\bin\;C:\Program Files (x86)\Common Files\Oracle\Java\javapath;C:\Program Files\Microsoft MPI\Bin\;D:\anaconda;D:\anaconda\Library\mingw-w64\bin;D:\anaconda\Library\usr\bin;D:\anaconda\Library\bin;D:\anaconda\Scripts;C:\Program Files\Java\jdk-17\bin;C:\WINDOWS\system32;C:\WINDOWS;C:\WINDOWS\System32\Wbem;C:\WINDOWS\System32\WindowsPowerShell\v1.0\;C:\WINDOWS\System32\OpenSSH\;C:\Program Files\Git\cmd;D:\nodejs\node_global;D:\MySQL\bin;D:\微信开发者工具\微信web开发者工具\dll;C:\Users\wwwu\AppData\Local\Programs\Python\Python311\Scripts\;C:\Program Files (x86)\Microsoft SQL Server\160\Tools\Binn\;C:\Program Files\Microsoft SQL Server\160\Tools\Binn\;C:\Program Files\Microsoft SQL Server\Client SDK\ODBC\170\Tools\Binn\;C:\Program Files\Microsoft SQL Server\160\DTS\Binn\;C:\Program Files (x86)\Microsoft SQL Server\160\DTS\Binn\;C:\Program Files\Azure Data Studio\bin;C:\Users\wwwu\AppData\Roaming\npm;C:\Program Files (x86)\NetSarang\Xftp 7\;D:\nodejs\;D:\redis\;D:\apache-maven-3.9.4-bin\apache-maven-3.9.4\bin;C:\Program Files (x86)\Windows Kits\10\Windows Performance Toolkit\;D:\app\wwwu\;D:\AndroidTool\gradle\gradle-8.0\bin;D:\AndroidTool\androidSdk\platform-tools;D:\AndroidTool\androidSdk\tools;D:\AndroidTool\androidSdk\build-tools\33.0.0;D:\网络管理\Rational Rose 2003\Rationl\common;C:\Users\wwwu\AppData\Local\Programs\Python\Python311\Scripts\;C:\Users\wwwu\AppData\Local\Programs\Python\Python311\;C:\Ruby27-x64\bin;C:\Users\wwwu\AppData\Local\Microsoft\WindowsApps;C:\Program Files\Bandizip\;C:\Users\wwwu\Downloads\Microsoft VS Code\bin;C:\Program Files\JetBrains\WebStorm 2022.2.3\bin;C:\Program 
USERNAME=wwwu
LANG=zh_CN.UTF-8
OS=Windows_NT
PROCESSOR_IDENTIFIER=Intel64 Family 6 Model 140 Stepping 1, GenuineIntel



---------------  S Y S T E M  ---------------

OS:
 Windows 11 , 64 bit Build 22621 (10.0.22621.3527)
OS uptime: 25 days 0:48 hours

CPU: total 8 (initial active 8) (4 cores per cpu, 2 threads per core) family 6 model 140 stepping 1 microcode 0x8a, cx8, cmov, fxsr, ht, mmx, 3dnowpref, sse, sse2, sse3, ssse3, sse4.1, sse4.2, popcnt, lzcnt, tsc, tscinvbit, avx, avx2, aes, erms, clmul, bmi1, bmi2, adx, avx512f, avx512dq, avx512cd, avx512bw, avx512vl, sha, fma, vzeroupper, avx512_vpopcntdq, avx512_vpclmulqdq, avx512_vaes, avx512_vnni, clflush, clflushopt, clwb, avx512_vbmi2, avx512_vbmi

Memory: 4k page, system-wide physical 16167M (207M free)
TotalPageFile size 40869M (AvailPageFile size 66M)
current process WorkingSet (physical memory assigned to process): 11M, peak: 11M
current process commit charge ("private bytes"): 60M, peak: 314M

vm_info: Java HotSpot(TM) 64-Bit Server VM (17.0.11+7-LTS-207) for windows-amd64 JRE (17.0.11+7-LTS-207), built on Mar 11 2024 19:01:50 by "mach5one" with MS VC++ 17.6 (VS2022)

END.
