#
# There is insufficient memory for the Java Runtime Environment to continue.
# Native memory allocation (malloc) failed to allocate 502336 bytes for Chunk::new
# Possible reasons:
#   The system is out of physical RAM or swap space
#   The process is running with CompressedOops enabled, and the Java Heap may be blocking the growth of the native heap
# Possible solutions:
#   Reduce memory load on the system
#   Increase physical memory or swap space
#   Check if swap backing store is full
#   Decrease Java heap size (-Xmx/-Xms)
#   Decrease number of Java threads
#   Decrease Java thread stack sizes (-Xss)
#   Set larger code cache with -XX:ReservedCodeCacheSize=
#   JVM is running with Unscaled Compressed Oops mode in which the Java heap is
#     placed in the first 4GB address space. The Java Heap base address is the
#     maximum limit for the native heap growth. Please use -XX:HeapBaseMinAddress
#     to set the Java Heap base and to place the Java Heap above 4GB virtual address.
# This output file may be truncated or incomplete.
#
#  Out of Memory Error (t:/workspace/open/src/hotspot/share/memory/arena.cpp:197), pid=25200, tid=36348
#
# JRE version: Java(TM) SE Runtime Environment (11.0+28) (build 11+28)
# Java VM: Java HotSpot(TM) 64-Bit Server VM (11+28, mixed mode, tiered, compressed oops, g1 gc, windows-amd64)
# No core dump will be written. Minidumps are not enabled by default on client versions of Windows
#

---------------  S U M M A R Y ------------

Command Line: -XX:MaxMetaspaceSize=512m --add-opens=java.base/java.util=ALL-UNNAMED --add-opens=java.base/java.lang=ALL-UNNAMED --add-opens=java.base/java.lang.invoke=ALL-UNNAMED --add-opens=java.prefs/java.util.prefs=ALL-UNNAMED --add-opens=java.base/java.nio.charset=ALL-UNNAMED --add-opens=java.base/java.net=ALL-UNNAMED --add-opens=java.base/java.util.concurrent.atomic=ALL-UNNAMED -Xmx2048m -Dfile.encoding=GBK -Duser.country=CN -Duser.language=zh -Duser.variant org.gradle.launcher.daemon.bootstrap.GradleDaemon 8.0.1

Host: 11th Gen Intel(R) Core(TM) i5-11300H @ 3.10GHz, 8 cores, 15G,  Windows 10 , 64 bit Build 22000 (10.0.22000.2003)
Time: Mon Sep  4 15:40:33 2023 中国标准时间 elapsed time: 94 seconds (0d 0h 1m 34s)

---------------  T H R E A D  ---------------

Current thread (0x0000029b86b9d000):  JavaThread "C2 CompilerThread0" daemon [_thread_in_native, id=36348, stack(0x000000cccaa00000,0x000000cccab00000)]


Current CompileTask:
C2:  94380 2832   !   4       java.lang.reflect.Executable::declaredAnnotations (85 bytes)

Stack: [0x000000cccaa00000,0x000000cccab00000]
Native frames: (J=compiled Java code, j=interpreted, Vv=VM code, C=native code)
V  [jvm.dll+0x63c22a]
V  [jvm.dll+0x7797ef]
V  [jvm.dll+0x77adda]
V  [jvm.dll+0x77b493]
V  [jvm.dll+0x262818]
V  [jvm.dll+0xc5c71]
V  [jvm.dll+0xc61fc]
V  [jvm.dll+0x2d1114]
V  [jvm.dll+0x55413f]
V  [jvm.dll+0x21df45]
V  [jvm.dll+0x21b866]
V  [jvm.dll+0x198390]
V  [jvm.dll+0x22a99f]
V  [jvm.dll+0x228fb8]
V  [jvm.dll+0x73f04d]
V  [jvm.dll+0x63b2c2]
C  [ucrtbase.dll+0x26c0c]
C  [KERNEL32.DLL+0x155a0]
C  [ntdll.dll+0x485b]


---------------  P R O C E S S  ---------------

Threads class SMR info:
_java_thread_list=0x0000029b88167050, length=32, elements={
0x0000029be7620000, 0x0000029b86b31800, 0x0000029b86b32000, 0x0000029b86b4d000,
0x0000029b86b9b000, 0x0000029b86b9d000, 0x0000029b86c08000, 0x0000029b86c0a800,
0x0000029b86d09800, 0x0000029b86d0f000, 0x0000029b877c7000, 0x0000029b87c7f800,
0x0000029b87a75800, 0x0000029b87b8b000, 0x0000029b86ea4800, 0x0000029b8745e800,
0x0000029b87af2800, 0x0000029b87af3800, 0x0000029b87eb1000, 0x0000029b87eb1800,
0x0000029b890a7800, 0x0000029b890a9000, 0x0000029b890a6800, 0x0000029b890a5800,
0x0000029b890a8000, 0x0000029b890a3800, 0x0000029b890a4000, 0x0000029b890aa000,
0x0000029b890a5000, 0x0000029b87b8e800, 0x0000029b87b8f800, 0x0000029b87b90000
}

Java Threads: ( => current thread )
  0x0000029be7620000 JavaThread "main" [_thread_blocked, id=37640, stack(0x000000ccc9f00000,0x000000ccca000000)]
  0x0000029b86b31800 JavaThread "Reference Handler" daemon [_thread_blocked, id=30552, stack(0x000000ccca600000,0x000000ccca700000)]
  0x0000029b86b32000 JavaThread "Finalizer" daemon [_thread_blocked, id=40320, stack(0x000000ccca700000,0x000000ccca800000)]
  0x0000029b86b4d000 JavaThread "Signal Dispatcher" daemon [_thread_blocked, id=36596, stack(0x000000ccca800000,0x000000ccca900000)]
  0x0000029b86b9b000 JavaThread "Attach Listener" daemon [_thread_blocked, id=4032, stack(0x000000ccca900000,0x000000cccaa00000)]
=>0x0000029b86b9d000 JavaThread "C2 CompilerThread0" daemon [_thread_in_native, id=36348, stack(0x000000cccaa00000,0x000000cccab00000)]
  0x0000029b86c08000 JavaThread "C1 CompilerThread0" daemon [_thread_blocked, id=37324, stack(0x000000cccab00000,0x000000cccac00000)]
  0x0000029b86c0a800 JavaThread "Sweeper thread" daemon [_thread_blocked, id=22604, stack(0x000000cccac00000,0x000000cccad00000)]
  0x0000029b86d09800 JavaThread "Common-Cleaner" daemon [_thread_blocked, id=12552, stack(0x000000cccad00000,0x000000cccae00000)]
  0x0000029b86d0f000 JavaThread "Service Thread" daemon [_thread_blocked, id=932, stack(0x000000cccae00000,0x000000cccaf00000)]
  0x0000029b877c7000 JavaThread "Daemon health stats" [_thread_blocked, id=32388, stack(0x000000cccb500000,0x000000cccb600000)]
  0x0000029b87c7f800 JavaThread "Incoming local TCP Connector on port 57895" [_thread_in_native, id=37912, stack(0x000000ccc9d00000,0x000000ccc9e00000)]
  0x0000029b87a75800 JavaThread "Daemon periodic checks" [_thread_blocked, id=20228, stack(0x000000ccc9e00000,0x000000ccc9f00000)]
  0x0000029b87b8b000 JavaThread "Daemon" [_thread_blocked, id=3700, stack(0x000000cccb800000,0x000000cccb900000)]
  0x0000029b86ea4800 JavaThread "Handler for socket connection from /127.0.0.1:57895 to /127.0.0.1:57898" [_thread_in_native, id=22004, stack(0x000000cccb900000,0x000000cccba00000)]
  0x0000029b8745e800 JavaThread "Cancel handler" [_thread_blocked, id=32756, stack(0x000000cccba00000,0x000000cccbb00000)]
  0x0000029b87af2800 JavaThread "Daemon worker" [_thread_in_Java, id=35192, stack(0x000000cccbb00000,0x000000cccbc00000)]
  0x0000029b87af3800 JavaThread "Asynchronous log dispatcher for DefaultDaemonConnection: socket connection from /127.0.0.1:57895 to /127.0.0.1:57898" [_thread_blocked, id=8296, stack(0x000000cccbc00000,0x000000cccbd00000)]
  0x0000029b87eb1000 JavaThread "Stdin handler" [_thread_blocked, id=25732, stack(0x000000cccbd00000,0x000000cccbe00000)]
  0x0000029b87eb1800 JavaThread "Daemon client event forwarder" [_thread_blocked, id=25532, stack(0x000000cccbe00000,0x000000cccbf00000)]
  0x0000029b890a7800 JavaThread "Cache worker for journal cache (C:\Users\wwwu\.gradle\caches\journal-1)" [_thread_blocked, id=29280, stack(0x000000cccbf00000,0x000000cccc000000)]
  0x0000029b890a9000 JavaThread "File lock request listener" [_thread_in_native, id=40292, stack(0x000000cccc300000,0x000000cccc400000)]
  0x0000029b890a6800 JavaThread "File lock release action executor" [_thread_blocked, id=35696, stack(0x000000cccc400000,0x000000cccc500000)]
  0x0000029b890a5800 JavaThread "Cache worker for file hash cache (C:\Users\wwwu\.gradle\caches\8.0.1\fileHashes)" [_thread_blocked, id=38360, stack(0x000000cccc500000,0x000000cccc600000)]
  0x0000029b890a8000 JavaThread "File watcher server" daemon [_thread_in_native, id=39840, stack(0x000000cccc600000,0x000000cccc700000)]
  0x0000029b890a3800 JavaThread "File watcher consumer" daemon [_thread_blocked, id=35588, stack(0x000000cccc700000,0x000000cccc800000)]
  0x0000029b890a4000 JavaThread "Cache worker for checksums cache (D:\mind\MindInsight\android\.gradle\8.0.1\checksums)" [_thread_blocked, id=29288, stack(0x000000cccc800000,0x000000cccc900000)]
  0x0000029b890aa000 JavaThread "Cache worker for cache directory md-rule (C:\Users\wwwu\.gradle\caches\8.0.1\md-rule)" [_thread_blocked, id=35836, stack(0x000000cccc900000,0x000000cccca00000)]
  0x0000029b890a5000 JavaThread "Cache worker for file content cache (C:\Users\wwwu\.gradle\caches\8.0.1\fileContent)" [_thread_blocked, id=35164, stack(0x000000cccca00000,0x000000ccccb00000)]
  0x0000029b87b8e800 JavaThread "Cache worker for file hash cache (D:\mind\MindInsight\android\.gradle\8.0.1\fileHashes)" [_thread_blocked, id=35240, stack(0x000000ccccb00000,0x000000ccccc00000)]
  0x0000029b87b8f800 JavaThread "Cache worker for cache directory md-supplier (C:\Users\wwwu\.gradle\caches\8.0.1\md-supplier)" [_thread_blocked, id=39808, stack(0x000000ccccc00000,0x000000ccccd00000)]
  0x0000029b87b90000 JavaThread "Cache worker for execution history cache (C:\Users\wwwu\.gradle\caches\8.0.1\executionHistory)" [_thread_blocked, id=26468, stack(0x000000ccccd00000,0x000000cccce00000)]

Other Threads:
  0x0000029b862f9800 VMThread "VM Thread" [stack: 0x000000ccca500000,0x000000ccca600000] [id=39728]
  0x0000029b86d38800 WatcherThread [stack: 0x000000cccaf00000,0x000000cccb000000] [id=10952]
  0x0000029be7636800 GCTaskThread "GC Thread#0" [stack: 0x000000ccca000000,0x000000ccca100000] [id=36468]
  0x0000029b87dd1800 GCTaskThread "GC Thread#1" [stack: 0x000000cccb000000,0x000000cccb100000] [id=24964]
  0x0000029b86c6b000 GCTaskThread "GC Thread#2" [stack: 0x000000cccb100000,0x000000cccb200000] [id=18756]
  0x0000029b86c7d800 GCTaskThread "GC Thread#3" [stack: 0x000000cccb200000,0x000000cccb300000] [id=25404]
  0x0000029b87847800 GCTaskThread "GC Thread#4" [stack: 0x000000cccb300000,0x000000cccb400000] [id=18852]
  0x0000029b86c7a000 GCTaskThread "GC Thread#5" [stack: 0x000000cccb400000,0x000000cccb500000] [id=17164]
  0x0000029b881f0800 GCTaskThread "GC Thread#6" [stack: 0x000000cccc000000,0x000000cccc100000] [id=39992]
  0x0000029b882da000 GCTaskThread "GC Thread#7" [stack: 0x000000cccc100000,0x000000cccc200000] [id=29608]
  0x0000029be7667800 ConcurrentGCThread "G1 Main Marker" [stack: 0x000000ccca100000,0x000000ccca200000] [id=31896]
  0x0000029be766a000 ConcurrentGCThread "G1 Conc#0" [stack: 0x000000ccca200000,0x000000ccca300000] [id=37636]
  0x0000029b87f00800 ConcurrentGCThread "G1 Conc#1" [stack: 0x000000cccc200000,0x000000cccc300000] [id=19380]
  0x0000029b8618a800 ConcurrentGCThread "G1 Refine#0" [stack: 0x000000ccca300000,0x000000ccca400000] [id=27956]
  0x0000029b8618d000 ConcurrentGCThread "G1 Young RemSet Sampling" [stack: 0x000000ccca400000,0x000000ccca500000] [id=36464]

Threads with active compile tasks:
C2 CompilerThread02832   !   4       java.lang.reflect.Executable::declaredAnnotations (85 bytes)

VM state:not at safepoint (normal execution)

VM Mutex/Monitor currently owned by a thread: None

Heap address: 0x0000000080000000, size: 2048 MB, Compressed Oops mode: 32-bit
Narrow klass base: 0x0000000000000000, Narrow klass shift: 3
Compressed class space size: 528482304 Address: 0x0000000100000000

Heap:
 garbage-first heap   total 260096K, used 75592K [0x0000000080000000, 0x0000000100000000)
  region size 1024K, 57 young (58368K), 3 survivors (3072K)
 Metaspace       used 31396K, capacity 32216K, committed 32432K, reserved 544768K
  class space    used 4193K, capacity 4498K, committed 4608K, reserved 516096K
Heap Regions: E=young(eden), S=young(survivor), O=old, HS=humongous(starts), HC=humongous(continues), CS=collection set, F=free, A=archive, TAMS=top-at-mark-start (previous, next)
|   0|0x0000000080000000, 0x0000000080100000, 0x0000000080100000|100%|HS|  |TAMS 0x0000000080100000, 0x0000000080000000| Complete 
|   1|0x0000000080100000, 0x0000000080200000, 0x0000000080200000|100%|HC|  |TAMS 0x0000000080200000, 0x0000000080100000| Complete 
|   2|0x0000000080200000, 0x0000000080300000, 0x0000000080300000|100%|HC|  |TAMS 0x0000000080300000, 0x0000000080200000| Complete 
|   3|0x0000000080300000, 0x0000000080400000, 0x0000000080400000|100%|HC|  |TAMS 0x0000000080400000, 0x0000000080300000| Complete 
|   4|0x0000000080400000, 0x0000000080500000, 0x0000000080500000|100%| O|  |TAMS 0x0000000080500000, 0x0000000080400000| Untracked 
|   5|0x0000000080500000, 0x0000000080600000, 0x0000000080600000|100%| O|  |TAMS 0x0000000080600000, 0x0000000080500000| Untracked 
|   6|0x0000000080600000, 0x0000000080700000, 0x0000000080700000|100%| O|  |TAMS 0x0000000080700000, 0x0000000080600000| Untracked 
|   7|0x0000000080700000, 0x0000000080800000, 0x0000000080800000|100%| O|  |TAMS 0x0000000080784200, 0x0000000080700000| Untracked 
|   8|0x0000000080800000, 0x0000000080900000, 0x0000000080900000|100%| O|  |TAMS 0x0000000080800000, 0x0000000080800000| Untracked 
|   9|0x0000000080900000, 0x0000000080a00000, 0x0000000080a00000|100%| O|  |TAMS 0x0000000080900000, 0x0000000080900000| Untracked 
|  10|0x0000000080a00000, 0x0000000080b00000, 0x0000000080b00000|100%| O|  |TAMS 0x0000000080a00000, 0x0000000080a00000| Untracked 
|  11|0x0000000080b00000, 0x0000000080c00000, 0x0000000080c00000|100%| O|  |TAMS 0x0000000080b00000, 0x0000000080b00000| Untracked 
|  12|0x0000000080c00000, 0x0000000080d00000, 0x0000000080d00000|100%| O|  |TAMS 0x0000000080c00000, 0x0000000080c00000| Untracked 
|  13|0x0000000080d00000, 0x0000000080e00000, 0x0000000080e00000|100%| O|  |TAMS 0x0000000080d00000, 0x0000000080d00000| Untracked 
|  14|0x0000000080e00000, 0x0000000080f00000, 0x0000000080f00000|100%| O|  |TAMS 0x0000000080e00000, 0x0000000080e00000| Untracked 
|  15|0x0000000080f00000, 0x0000000081000000, 0x0000000081000000|100%| O|  |TAMS 0x0000000080f00000, 0x0000000080f00000| Untracked 
|  16|0x0000000081000000, 0x0000000081100000, 0x0000000081100000|100%| O|  |TAMS 0x0000000081000000, 0x0000000081000000| Untracked 
|  17|0x0000000081100000, 0x0000000081200000, 0x0000000081200000|100%| O|  |TAMS 0x0000000081100000, 0x0000000081100000| Untracked 
|  18|0x0000000081200000, 0x000000008122a200, 0x0000000081300000| 16%| O|  |TAMS 0x0000000081200000, 0x0000000081200000| Untracked 
|  19|0x0000000081300000, 0x0000000081300000, 0x0000000081400000|  0%| F|  |TAMS 0x0000000081300000, 0x0000000081300000| Untracked 
|  20|0x0000000081400000, 0x0000000081400000, 0x0000000081500000|  0%| F|  |TAMS 0x0000000081400000, 0x0000000081400000| Untracked 
|  21|0x0000000081500000, 0x0000000081500000, 0x0000000081600000|  0%| F|  |TAMS 0x0000000081500000, 0x0000000081500000| Untracked 
|  22|0x0000000081600000, 0x0000000081600000, 0x0000000081700000|  0%| F|  |TAMS 0x0000000081600000, 0x0000000081600000| Untracked 
|  23|0x0000000081700000, 0x0000000081700000, 0x0000000081800000|  0%| F|  |TAMS 0x0000000081700000, 0x0000000081700000| Untracked 
|  24|0x0000000081800000, 0x0000000081800000, 0x0000000081900000|  0%| F|  |TAMS 0x0000000081800000, 0x0000000081800000| Untracked 
|  25|0x0000000081900000, 0x0000000081900000, 0x0000000081a00000|  0%| F|  |TAMS 0x0000000081900000, 0x0000000081900000| Untracked 
|  26|0x0000000081a00000, 0x0000000081a00000, 0x0000000081b00000|  0%| F|  |TAMS 0x0000000081a00000, 0x0000000081a00000| Untracked 
|  27|0x0000000081b00000, 0x0000000081b00000, 0x0000000081c00000|  0%| F|  |TAMS 0x0000000081b00000, 0x0000000081b00000| Untracked 
|  28|0x0000000081c00000, 0x0000000081c00000, 0x0000000081d00000|  0%| F|  |TAMS 0x0000000081c00000, 0x0000000081c00000| Untracked 
|  29|0x0000000081d00000, 0x0000000081d00000, 0x0000000081e00000|  0%| F|  |TAMS 0x0000000081d00000, 0x0000000081d00000| Untracked 
|  30|0x0000000081e00000, 0x0000000081e00000, 0x0000000081f00000|  0%| F|  |TAMS 0x0000000081e00000, 0x0000000081e00000| Untracked 
|  31|0x0000000081f00000, 0x0000000081f00000, 0x0000000082000000|  0%| F|  |TAMS 0x0000000081f00000, 0x0000000081f00000| Untracked 
|  32|0x0000000082000000, 0x0000000082000000, 0x0000000082100000|  0%| F|  |TAMS 0x0000000082000000, 0x0000000082000000| Untracked 
|  33|0x0000000082100000, 0x0000000082100000, 0x0000000082200000|  0%| F|  |TAMS 0x0000000082100000, 0x0000000082100000| Untracked 
|  34|0x0000000082200000, 0x0000000082200000, 0x0000000082300000|  0%| F|  |TAMS 0x0000000082200000, 0x0000000082200000| Untracked 
|  35|0x0000000082300000, 0x0000000082300000, 0x0000000082400000|  0%| F|  |TAMS 0x0000000082300000, 0x0000000082300000| Untracked 
|  36|0x0000000082400000, 0x0000000082400000, 0x0000000082500000|  0%| F|  |TAMS 0x0000000082400000, 0x0000000082400000| Untracked 
|  37|0x0000000082500000, 0x0000000082500000, 0x0000000082600000|  0%| F|  |TAMS 0x0000000082500000, 0x0000000082500000| Untracked 
|  38|0x0000000082600000, 0x0000000082600000, 0x0000000082700000|  0%| F|  |TAMS 0x0000000082600000, 0x0000000082600000| Untracked 
|  39|0x0000000082700000, 0x0000000082700000, 0x0000000082800000|  0%| F|  |TAMS 0x0000000082700000, 0x0000000082700000| Untracked 
|  40|0x0000000082800000, 0x0000000082800000, 0x0000000082900000|  0%| F|  |TAMS 0x0000000082800000, 0x0000000082800000| Untracked 
|  41|0x0000000082900000, 0x0000000082900000, 0x0000000082a00000|  0%| F|  |TAMS 0x0000000082900000, 0x0000000082900000| Untracked 
|  42|0x0000000082a00000, 0x0000000082a00000, 0x0000000082b00000|  0%| F|  |TAMS 0x0000000082a00000, 0x0000000082a00000| Untracked 
|  43|0x0000000082b00000, 0x0000000082b00000, 0x0000000082c00000|  0%| F|  |TAMS 0x0000000082b00000, 0x0000000082b00000| Untracked 
|  44|0x0000000082c00000, 0x0000000082c00000, 0x0000000082d00000|  0%| F|  |TAMS 0x0000000082c00000, 0x0000000082c00000| Untracked 
|  45|0x0000000082d00000, 0x0000000082d00000, 0x0000000082e00000|  0%| F|  |TAMS 0x0000000082d00000, 0x0000000082d00000| Untracked 
|  46|0x0000000082e00000, 0x0000000082e00000, 0x0000000082f00000|  0%| F|  |TAMS 0x0000000082e00000, 0x0000000082e00000| Untracked 
|  47|0x0000000082f00000, 0x0000000082f00000, 0x0000000083000000|  0%| F|  |TAMS 0x0000000082f00000, 0x0000000082f00000| Untracked 
|  48|0x0000000083000000, 0x0000000083000000, 0x0000000083100000|  0%| F|  |TAMS 0x0000000083000000, 0x0000000083000000| Untracked 
|  49|0x0000000083100000, 0x0000000083100000, 0x0000000083200000|  0%| F|  |TAMS 0x0000000083100000, 0x0000000083100000| Untracked 
|  50|0x0000000083200000, 0x0000000083200000, 0x0000000083300000|  0%| F|  |TAMS 0x0000000083200000, 0x0000000083200000| Untracked 
|  51|0x0000000083300000, 0x0000000083300000, 0x0000000083400000|  0%| F|  |TAMS 0x0000000083300000, 0x0000000083300000| Untracked 
|  52|0x0000000083400000, 0x0000000083400000, 0x0000000083500000|  0%| F|  |TAMS 0x0000000083400000, 0x0000000083400000| Untracked 
|  53|0x0000000083500000, 0x0000000083500000, 0x0000000083600000|  0%| F|  |TAMS 0x0000000083500000, 0x0000000083500000| Untracked 
|  54|0x0000000083600000, 0x0000000083600000, 0x0000000083700000|  0%| F|  |TAMS 0x0000000083600000, 0x0000000083600000| Untracked 
|  55|0x0000000083700000, 0x0000000083700000, 0x0000000083800000|  0%| F|  |TAMS 0x0000000083700000, 0x0000000083700000| Untracked 
|  56|0x0000000083800000, 0x0000000083800000, 0x0000000083900000|  0%| F|  |TAMS 0x0000000083800000, 0x0000000083800000| Untracked 
|  57|0x0000000083900000, 0x0000000083900000, 0x0000000083a00000|  0%| F|  |TAMS 0x0000000083900000, 0x0000000083900000| Untracked 
|  58|0x0000000083a00000, 0x0000000083a00000, 0x0000000083b00000|  0%| F|  |TAMS 0x0000000083a00000, 0x0000000083a00000| Untracked 
|  59|0x0000000083b00000, 0x0000000083b00000, 0x0000000083c00000|  0%| F|  |TAMS 0x0000000083b00000, 0x0000000083b00000| Untracked 
|  60|0x0000000083c00000, 0x0000000083c00000, 0x0000000083d00000|  0%| F|  |TAMS 0x0000000083c00000, 0x0000000083c00000| Untracked 
|  61|0x0000000083d00000, 0x0000000083d00000, 0x0000000083e00000|  0%| F|  |TAMS 0x0000000083d00000, 0x0000000083d00000| Untracked 
|  62|0x0000000083e00000, 0x0000000083e00000, 0x0000000083f00000|  0%| F|  |TAMS 0x0000000083e00000, 0x0000000083e00000| Untracked 
|  63|0x0000000083f00000, 0x0000000083f00000, 0x0000000084000000|  0%| F|  |TAMS 0x0000000083f00000, 0x0000000083f00000| Untracked 
|  64|0x0000000084000000, 0x0000000084000000, 0x0000000084100000|  0%| F|  |TAMS 0x0000000084000000, 0x0000000084000000| Untracked 
|  65|0x0000000084100000, 0x0000000084100000, 0x0000000084200000|  0%| F|  |TAMS 0x0000000084100000, 0x0000000084100000| Untracked 
|  66|0x0000000084200000, 0x0000000084200000, 0x0000000084300000|  0%| F|  |TAMS 0x0000000084200000, 0x0000000084200000| Untracked 
|  67|0x0000000084300000, 0x0000000084300000, 0x0000000084400000|  0%| F|  |TAMS 0x0000000084300000, 0x0000000084300000| Untracked 
|  68|0x0000000084400000, 0x0000000084400000, 0x0000000084500000|  0%| F|  |TAMS 0x0000000084400000, 0x0000000084400000| Untracked 
|  69|0x0000000084500000, 0x0000000084500000, 0x0000000084600000|  0%| F|  |TAMS 0x0000000084500000, 0x0000000084500000| Untracked 
|  70|0x0000000084600000, 0x0000000084600000, 0x0000000084700000|  0%| F|  |TAMS 0x0000000084600000, 0x0000000084600000| Untracked 
|  71|0x0000000084700000, 0x0000000084700000, 0x0000000084800000|  0%| F|  |TAMS 0x0000000084700000, 0x0000000084700000| Untracked 
|  72|0x0000000084800000, 0x0000000084800000, 0x0000000084900000|  0%| F|  |TAMS 0x0000000084800000, 0x0000000084800000| Untracked 
|  73|0x0000000084900000, 0x0000000084900000, 0x0000000084a00000|  0%| F|  |TAMS 0x0000000084900000, 0x0000000084900000| Untracked 
|  74|0x0000000084a00000, 0x0000000084a00000, 0x0000000084b00000|  0%| F|  |TAMS 0x0000000084a00000, 0x0000000084a00000| Untracked 
|  75|0x0000000084b00000, 0x0000000084b00000, 0x0000000084c00000|  0%| F|  |TAMS 0x0000000084b00000, 0x0000000084b00000| Untracked 
|  76|0x0000000084c00000, 0x0000000084c00000, 0x0000000084d00000|  0%| F|  |TAMS 0x0000000084c00000, 0x0000000084c00000| Untracked 
|  77|0x0000000084d00000, 0x0000000084d00000, 0x0000000084e00000|  0%| F|  |TAMS 0x0000000084d00000, 0x0000000084d00000| Untracked 
|  78|0x0000000084e00000, 0x0000000084e00000, 0x0000000084f00000|  0%| F|  |TAMS 0x0000000084e00000, 0x0000000084e00000| Untracked 
|  79|0x0000000084f00000, 0x0000000084f00000, 0x0000000085000000|  0%| F|  |TAMS 0x0000000084f00000, 0x0000000084f00000| Untracked 
|  80|0x0000000085000000, 0x0000000085000000, 0x0000000085100000|  0%| F|  |TAMS 0x0000000085000000, 0x0000000085000000| Untracked 
|  81|0x0000000085100000, 0x0000000085100000, 0x0000000085200000|  0%| F|  |TAMS 0x0000000085100000, 0x0000000085100000| Untracked 
|  82|0x0000000085200000, 0x0000000085200000, 0x0000000085300000|  0%| F|  |TAMS 0x0000000085200000, 0x0000000085200000| Untracked 
|  83|0x0000000085300000, 0x0000000085300000, 0x0000000085400000|  0%| F|  |TAMS 0x0000000085300000, 0x0000000085300000| Untracked 
|  84|0x0000000085400000, 0x0000000085400000, 0x0000000085500000|  0%| F|  |TAMS 0x0000000085400000, 0x0000000085400000| Untracked 
|  85|0x0000000085500000, 0x0000000085500000, 0x0000000085600000|  0%| F|  |TAMS 0x0000000085500000, 0x0000000085500000| Untracked 
|  86|0x0000000085600000, 0x0000000085600000, 0x0000000085700000|  0%| F|  |TAMS 0x0000000085600000, 0x0000000085600000| Untracked 
|  87|0x0000000085700000, 0x0000000085700000, 0x0000000085800000|  0%| F|  |TAMS 0x0000000085700000, 0x0000000085700000| Untracked 
|  88|0x0000000085800000, 0x0000000085800000, 0x0000000085900000|  0%| F|  |TAMS 0x0000000085800000, 0x0000000085800000| Untracked 
|  89|0x0000000085900000, 0x0000000085900000, 0x0000000085a00000|  0%| F|  |TAMS 0x0000000085900000, 0x0000000085900000| Untracked 
|  90|0x0000000085a00000, 0x0000000085a00000, 0x0000000085b00000|  0%| F|  |TAMS 0x0000000085a00000, 0x0000000085a00000| Untracked 
|  91|0x0000000085b00000, 0x0000000085b00000, 0x0000000085c00000|  0%| F|  |TAMS 0x0000000085b00000, 0x0000000085b00000| Untracked 
|  92|0x0000000085c00000, 0x0000000085c00000, 0x0000000085d00000|  0%| F|  |TAMS 0x0000000085c00000, 0x0000000085c00000| Untracked 
|  93|0x0000000085d00000, 0x0000000085d00000, 0x0000000085e00000|  0%| F|  |TAMS 0x0000000085d00000, 0x0000000085d00000| Untracked 
|  94|0x0000000085e00000, 0x0000000085e00000, 0x0000000085f00000|  0%| F|  |TAMS 0x0000000085e00000, 0x0000000085e00000| Untracked 
|  95|0x0000000085f00000, 0x0000000085f00000, 0x0000000086000000|  0%| F|  |TAMS 0x0000000085f00000, 0x0000000085f00000| Untracked 
|  96|0x0000000086000000, 0x0000000086000000, 0x0000000086100000|  0%| F|  |TAMS 0x0000000086000000, 0x0000000086000000| Untracked 
|  97|0x0000000086100000, 0x0000000086100000, 0x0000000086200000|  0%| F|  |TAMS 0x0000000086100000, 0x0000000086100000| Untracked 
|  98|0x0000000086200000, 0x0000000086200000, 0x0000000086300000|  0%| F|  |TAMS 0x0000000086200000, 0x0000000086200000| Untracked 
|  99|0x0000000086300000, 0x0000000086300000, 0x0000000086400000|  0%| F|  |TAMS 0x0000000086300000, 0x0000000086300000| Untracked 
| 100|0x0000000086400000, 0x0000000086400000, 0x0000000086500000|  0%| F|  |TAMS 0x0000000086400000, 0x0000000086400000| Untracked 
| 101|0x0000000086500000, 0x0000000086500000, 0x0000000086600000|  0%| F|  |TAMS 0x0000000086500000, 0x0000000086500000| Untracked 
| 102|0x0000000086600000, 0x0000000086600000, 0x0000000086700000|  0%| F|  |TAMS 0x0000000086600000, 0x0000000086600000| Untracked 
| 103|0x0000000086700000, 0x0000000086700000, 0x0000000086800000|  0%| F|  |TAMS 0x0000000086700000, 0x0000000086700000| Untracked 
| 104|0x0000000086800000, 0x0000000086800000, 0x0000000086900000|  0%| F|  |TAMS 0x0000000086800000, 0x0000000086800000| Untracked 
| 105|0x0000000086900000, 0x0000000086900000, 0x0000000086a00000|  0%| F|  |TAMS 0x0000000086900000, 0x0000000086900000| Untracked 
| 106|0x0000000086a00000, 0x0000000086a00000, 0x0000000086b00000|  0%| F|  |TAMS 0x0000000086a00000, 0x0000000086a00000| Untracked 
| 107|0x0000000086b00000, 0x0000000086b00000, 0x0000000086c00000|  0%| F|  |TAMS 0x0000000086b00000, 0x0000000086b00000| Untracked 
| 108|0x0000000086c00000, 0x0000000086c00000, 0x0000000086d00000|  0%| F|  |TAMS 0x0000000086c00000, 0x0000000086c00000| Untracked 
| 109|0x0000000086d00000, 0x0000000086d00000, 0x0000000086e00000|  0%| F|  |TAMS 0x0000000086d00000, 0x0000000086d00000| Untracked 
| 110|0x0000000086e00000, 0x0000000086e00000, 0x0000000086f00000|  0%| F|  |TAMS 0x0000000086e00000, 0x0000000086e00000| Untracked 
| 111|0x0000000086f00000, 0x0000000086f00000, 0x0000000087000000|  0%| F|  |TAMS 0x0000000086f00000, 0x0000000086f00000| Untracked 
| 112|0x0000000087000000, 0x0000000087000000, 0x0000000087100000|  0%| F|  |TAMS 0x0000000087000000, 0x0000000087000000| Untracked 
| 113|0x0000000087100000, 0x0000000087100000, 0x0000000087200000|  0%| F|  |TAMS 0x0000000087100000, 0x0000000087100000| Untracked 
| 114|0x0000000087200000, 0x0000000087200000, 0x0000000087300000|  0%| F|  |TAMS 0x0000000087200000, 0x0000000087200000| Untracked 
| 115|0x0000000087300000, 0x0000000087300000, 0x0000000087400000|  0%| F|  |TAMS 0x0000000087300000, 0x0000000087300000| Untracked 
| 116|0x0000000087400000, 0x0000000087400000, 0x0000000087500000|  0%| F|  |TAMS 0x0000000087400000, 0x0000000087400000| Untracked 
| 117|0x0000000087500000, 0x0000000087500000, 0x0000000087600000|  0%| F|  |TAMS 0x0000000087500000, 0x0000000087500000| Untracked 
| 118|0x0000000087600000, 0x0000000087600000, 0x0000000087700000|  0%| F|  |TAMS 0x0000000087600000, 0x0000000087600000| Untracked 
| 119|0x0000000087700000, 0x0000000087700000, 0x0000000087800000|  0%| F|  |TAMS 0x0000000087700000, 0x0000000087700000| Untracked 
| 120|0x0000000087800000, 0x0000000087800000, 0x0000000087900000|  0%| F|  |TAMS 0x0000000087800000, 0x0000000087800000| Untracked 
| 121|0x0000000087900000, 0x0000000087900000, 0x0000000087a00000|  0%| F|  |TAMS 0x0000000087900000, 0x0000000087900000| Untracked 
| 122|0x0000000087a00000, 0x0000000087a00000, 0x0000000087b00000|  0%| F|  |TAMS 0x0000000087a00000, 0x0000000087a00000| Untracked 
| 123|0x0000000087b00000, 0x0000000087b00000, 0x0000000087c00000|  0%| F|  |TAMS 0x0000000087b00000, 0x0000000087b00000| Untracked 
| 124|0x0000000087c00000, 0x0000000087c00000, 0x0000000087d00000|  0%| F|  |TAMS 0x0000000087c00000, 0x0000000087c00000| Untracked 
| 125|0x0000000087d00000, 0x0000000087d00000, 0x0000000087e00000|  0%| F|  |TAMS 0x0000000087d00000, 0x0000000087d00000| Untracked 
| 126|0x0000000087e00000, 0x0000000087e00000, 0x0000000087f00000|  0%| F|  |TAMS 0x0000000087e00000, 0x0000000087e00000| Untracked 
| 127|0x0000000087f00000, 0x0000000087f00000, 0x0000000088000000|  0%| F|  |TAMS 0x0000000087f00000, 0x0000000087f00000| Untracked 
| 128|0x0000000088000000, 0x0000000088000000, 0x0000000088100000|  0%| F|  |TAMS 0x0000000088000000, 0x0000000088000000| Untracked 
| 129|0x0000000088100000, 0x0000000088100000, 0x0000000088200000|  0%| F|  |TAMS 0x0000000088100000, 0x0000000088100000| Untracked 
| 130|0x0000000088200000, 0x0000000088200000, 0x0000000088300000|  0%| F|  |TAMS 0x0000000088200000, 0x0000000088200000| Untracked 
| 131|0x0000000088300000, 0x0000000088300000, 0x0000000088400000|  0%| F|  |TAMS 0x0000000088300000, 0x0000000088300000| Untracked 
| 132|0x0000000088400000, 0x0000000088400000, 0x0000000088500000|  0%| F|  |TAMS 0x0000000088400000, 0x0000000088400000| Untracked 
| 133|0x0000000088500000, 0x0000000088500000, 0x0000000088600000|  0%| F|  |TAMS 0x0000000088500000, 0x0000000088500000| Untracked 
| 134|0x0000000088600000, 0x0000000088600000, 0x0000000088700000|  0%| F|  |TAMS 0x0000000088600000, 0x0000000088600000| Untracked 
| 135|0x0000000088700000, 0x0000000088700000, 0x0000000088800000|  0%| F|  |TAMS 0x0000000088700000, 0x0000000088700000| Untracked 
| 136|0x0000000088800000, 0x0000000088800000, 0x0000000088900000|  0%| F|  |TAMS 0x0000000088800000, 0x0000000088800000| Untracked 
| 137|0x0000000088900000, 0x0000000088900000, 0x0000000088a00000|  0%| F|  |TAMS 0x0000000088900000, 0x0000000088900000| Untracked 
| 138|0x0000000088a00000, 0x0000000088a00000, 0x0000000088b00000|  0%| F|  |TAMS 0x0000000088a00000, 0x0000000088a00000| Untracked 
| 139|0x0000000088b00000, 0x0000000088b00000, 0x0000000088c00000|  0%| F|  |TAMS 0x0000000088b00000, 0x0000000088b00000| Untracked 
| 140|0x0000000088c00000, 0x0000000088c00000, 0x0000000088d00000|  0%| F|  |TAMS 0x0000000088c00000, 0x0000000088c00000| Untracked 
| 141|0x0000000088d00000, 0x0000000088d00000, 0x0000000088e00000|  0%| F|  |TAMS 0x0000000088d00000, 0x0000000088d00000| Untracked 
| 142|0x0000000088e00000, 0x0000000088e00000, 0x0000000088f00000|  0%| F|  |TAMS 0x0000000088e00000, 0x0000000088e00000| Untracked 
| 143|0x0000000088f00000, 0x0000000088f00000, 0x0000000089000000|  0%| F|  |TAMS 0x0000000088f00000, 0x0000000088f00000| Untracked 
| 144|0x0000000089000000, 0x0000000089000000, 0x0000000089100000|  0%| F|  |TAMS 0x0000000089000000, 0x0000000089000000| Untracked 
| 145|0x0000000089100000, 0x0000000089100000, 0x0000000089200000|  0%| F|  |TAMS 0x0000000089100000, 0x0000000089100000| Untracked 
| 146|0x0000000089200000, 0x0000000089200000, 0x0000000089300000|  0%| F|  |TAMS 0x0000000089200000, 0x0000000089200000| Untracked 
| 147|0x0000000089300000, 0x0000000089300000, 0x0000000089400000|  0%| F|  |TAMS 0x0000000089300000, 0x0000000089300000| Untracked 
| 148|0x0000000089400000, 0x0000000089400000, 0x0000000089500000|  0%| F|  |TAMS 0x0000000089400000, 0x0000000089400000| Untracked 
| 149|0x0000000089500000, 0x0000000089500000, 0x0000000089600000|  0%| F|  |TAMS 0x0000000089500000, 0x0000000089500000| Untracked 
| 150|0x0000000089600000, 0x0000000089600000, 0x0000000089700000|  0%| F|  |TAMS 0x0000000089600000, 0x0000000089600000| Untracked 
| 151|0x0000000089700000, 0x0000000089700000, 0x0000000089800000|  0%| F|  |TAMS 0x0000000089700000, 0x0000000089700000| Untracked 
| 152|0x0000000089800000, 0x0000000089800000, 0x0000000089900000|  0%| F|  |TAMS 0x0000000089800000, 0x0000000089800000| Untracked 
| 153|0x0000000089900000, 0x0000000089900000, 0x0000000089a00000|  0%| F|  |TAMS 0x0000000089900000, 0x0000000089900000| Untracked 
| 154|0x0000000089a00000, 0x0000000089a00000, 0x0000000089b00000|  0%| F|  |TAMS 0x0000000089a00000, 0x0000000089a00000| Untracked 
| 155|0x0000000089b00000, 0x0000000089b00000, 0x0000000089c00000|  0%| F|  |TAMS 0x0000000089b00000, 0x0000000089b00000| Untracked 
| 156|0x0000000089c00000, 0x0000000089c00000, 0x0000000089d00000|  0%| F|  |TAMS 0x0000000089c00000, 0x0000000089c00000| Untracked 
| 157|0x0000000089d00000, 0x0000000089d00000, 0x0000000089e00000|  0%| F|  |TAMS 0x0000000089d00000, 0x0000000089d00000| Untracked 
| 158|0x0000000089e00000, 0x0000000089e00000, 0x0000000089f00000|  0%| F|  |TAMS 0x0000000089e00000, 0x0000000089e00000| Untracked 
| 159|0x0000000089f00000, 0x0000000089f00000, 0x000000008a000000|  0%| F|  |TAMS 0x0000000089f00000, 0x0000000089f00000| Untracked 
| 160|0x000000008a000000, 0x000000008a000000, 0x000000008a100000|  0%| F|  |TAMS 0x000000008a000000, 0x000000008a000000| Untracked 
| 161|0x000000008a100000, 0x000000008a100000, 0x000000008a200000|  0%| F|  |TAMS 0x000000008a100000, 0x000000008a100000| Untracked 
| 162|0x000000008a200000, 0x000000008a200000, 0x000000008a300000|  0%| F|  |TAMS 0x000000008a200000, 0x000000008a200000| Untracked 
| 163|0x000000008a300000, 0x000000008a300000, 0x000000008a400000|  0%| F|  |TAMS 0x000000008a300000, 0x000000008a300000| Untracked 
| 164|0x000000008a400000, 0x000000008a400000, 0x000000008a500000|  0%| F|  |TAMS 0x000000008a400000, 0x000000008a400000| Untracked 
| 165|0x000000008a500000, 0x000000008a500000, 0x000000008a600000|  0%| F|  |TAMS 0x000000008a500000, 0x000000008a500000| Untracked 
| 166|0x000000008a600000, 0x000000008a600000, 0x000000008a700000|  0%| F|  |TAMS 0x000000008a600000, 0x000000008a600000| Untracked 
| 167|0x000000008a700000, 0x000000008a700000, 0x000000008a800000|  0%| F|  |TAMS 0x000000008a700000, 0x000000008a700000| Untracked 
| 168|0x000000008a800000, 0x000000008a800000, 0x000000008a900000|  0%| F|  |TAMS 0x000000008a800000, 0x000000008a800000| Untracked 
| 169|0x000000008a900000, 0x000000008a900000, 0x000000008aa00000|  0%| F|  |TAMS 0x000000008a900000, 0x000000008a900000| Untracked 
| 170|0x000000008aa00000, 0x000000008aa00000, 0x000000008ab00000|  0%| F|  |TAMS 0x000000008aa00000, 0x000000008aa00000| Untracked 
| 171|0x000000008ab00000, 0x000000008ab00000, 0x000000008ac00000|  0%| F|  |TAMS 0x000000008ab00000, 0x000000008ab00000| Untracked 
| 172|0x000000008ac00000, 0x000000008ac00000, 0x000000008ad00000|  0%| F|  |TAMS 0x000000008ac00000, 0x000000008ac00000| Untracked 
| 173|0x000000008ad00000, 0x000000008ad00000, 0x000000008ae00000|  0%| F|  |TAMS 0x000000008ad00000, 0x000000008ad00000| Untracked 
| 174|0x000000008ae00000, 0x000000008ae00000, 0x000000008af00000|  0%| F|  |TAMS 0x000000008ae00000, 0x000000008ae00000| Untracked 
| 175|0x000000008af00000, 0x000000008af00000, 0x000000008b000000|  0%| F|  |TAMS 0x000000008af00000, 0x000000008af00000| Untracked 
| 176|0x000000008b000000, 0x000000008b000000, 0x000000008b100000|  0%| F|  |TAMS 0x000000008b000000, 0x000000008b000000| Untracked 
| 177|0x000000008b100000, 0x000000008b100000, 0x000000008b200000|  0%| F|  |TAMS 0x000000008b100000, 0x000000008b100000| Untracked 
| 178|0x000000008b200000, 0x000000008b200000, 0x000000008b300000|  0%| F|  |TAMS 0x000000008b200000, 0x000000008b200000| Untracked 
| 179|0x000000008b300000, 0x000000008b300000, 0x000000008b400000|  0%| F|  |TAMS 0x000000008b300000, 0x000000008b300000| Untracked 
| 180|0x000000008b400000, 0x000000008b400000, 0x000000008b500000|  0%| F|  |TAMS 0x000000008b400000, 0x000000008b400000| Untracked 
| 181|0x000000008b500000, 0x000000008b500000, 0x000000008b600000|  0%| F|  |TAMS 0x000000008b500000, 0x000000008b500000| Untracked 
| 182|0x000000008b600000, 0x000000008b600000, 0x000000008b700000|  0%| F|  |TAMS 0x000000008b600000, 0x000000008b600000| Untracked 
| 183|0x000000008b700000, 0x000000008b700000, 0x000000008b800000|  0%| F|  |TAMS 0x000000008b700000, 0x000000008b700000| Untracked 
| 184|0x000000008b800000, 0x000000008b800000, 0x000000008b900000|  0%| F|  |TAMS 0x000000008b800000, 0x000000008b800000| Untracked 
| 185|0x000000008b900000, 0x000000008b900000, 0x000000008ba00000|  0%| F|  |TAMS 0x000000008b900000, 0x000000008b900000| Untracked 
| 186|0x000000008ba00000, 0x000000008ba00000, 0x000000008bb00000|  0%| F|  |TAMS 0x000000008ba00000, 0x000000008ba00000| Untracked 
| 187|0x000000008bb00000, 0x000000008bb00000, 0x000000008bc00000|  0%| F|  |TAMS 0x000000008bb00000, 0x000000008bb00000| Untracked 
| 188|0x000000008bc00000, 0x000000008bc00000, 0x000000008bd00000|  0%| F|  |TAMS 0x000000008bc00000, 0x000000008bc00000| Untracked 
| 189|0x000000008bd00000, 0x000000008bd00000, 0x000000008be00000|  0%| F|  |TAMS 0x000000008bd00000, 0x000000008bd00000| Untracked 
| 190|0x000000008be00000, 0x000000008be00000, 0x000000008bf00000|  0%| F|  |TAMS 0x000000008be00000, 0x000000008be00000| Untracked 
| 191|0x000000008bf00000, 0x000000008bf00000, 0x000000008c000000|  0%| F|  |TAMS 0x000000008bf00000, 0x000000008bf00000| Untracked 
| 192|0x000000008c000000, 0x000000008c000000, 0x000000008c100000|  0%| F|  |TAMS 0x000000008c000000, 0x000000008c000000| Untracked 
| 193|0x000000008c100000, 0x000000008c1a80e0, 0x000000008c200000| 65%| S|CS|TAMS 0x000000008c100000, 0x000000008c100000| Complete 
| 194|0x000000008c200000, 0x000000008c300000, 0x000000008c300000|100%| S|CS|TAMS 0x000000008c200000, 0x000000008c200000| Complete 
| 195|0x000000008c300000, 0x000000008c400000, 0x000000008c400000|100%| S|CS|TAMS 0x000000008c300000, 0x000000008c300000| Complete 
| 196|0x000000008c400000, 0x000000008c400000, 0x000000008c500000|  0%| F|  |TAMS 0x000000008c400000, 0x000000008c400000| Untracked 
| 197|0x000000008c500000, 0x000000008c500000, 0x000000008c600000|  0%| F|  |TAMS 0x000000008c500000, 0x000000008c500000| Untracked 
| 198|0x000000008c600000, 0x000000008c600000, 0x000000008c700000|  0%| F|  |TAMS 0x000000008c600000, 0x000000008c600000| Untracked 
| 199|0x000000008c700000, 0x000000008c700000, 0x000000008c800000|  0%| F|  |TAMS 0x000000008c700000, 0x000000008c700000| Untracked 
| 200|0x000000008c800000, 0x000000008c880800, 0x000000008c900000| 50%| E|  |TAMS 0x000000008c800000, 0x000000008c800000| Complete 
| 201|0x000000008c900000, 0x000000008ca00000, 0x000000008ca00000|100%| E|CS|TAMS 0x000000008c900000, 0x000000008c900000| Complete 
| 202|0x000000008ca00000, 0x000000008cb00000, 0x000000008cb00000|100%| E|CS|TAMS 0x000000008ca00000, 0x000000008ca00000| Complete 
| 203|0x000000008cb00000, 0x000000008cc00000, 0x000000008cc00000|100%| E|CS|TAMS 0x000000008cb00000, 0x000000008cb00000| Complete 
| 204|0x000000008cc00000, 0x000000008cd00000, 0x000000008cd00000|100%| E|CS|TAMS 0x000000008cc00000, 0x000000008cc00000| Complete 
| 205|0x000000008cd00000, 0x000000008ce00000, 0x000000008ce00000|100%| E|CS|TAMS 0x000000008cd00000, 0x000000008cd00000| Complete 
| 206|0x000000008ce00000, 0x000000008cf00000, 0x000000008cf00000|100%| E|CS|TAMS 0x000000008ce00000, 0x000000008ce00000| Complete 
| 207|0x000000008cf00000, 0x000000008d000000, 0x000000008d000000|100%| E|CS|TAMS 0x000000008cf00000, 0x000000008cf00000| Complete 
| 208|0x000000008d000000, 0x000000008d100000, 0x000000008d100000|100%| E|CS|TAMS 0x000000008d000000, 0x000000008d000000| Complete 
| 209|0x000000008d100000, 0x000000008d200000, 0x000000008d200000|100%| E|CS|TAMS 0x000000008d100000, 0x000000008d100000| Complete 
| 210|0x000000008d200000, 0x000000008d300000, 0x000000008d300000|100%| E|CS|TAMS 0x000000008d200000, 0x000000008d200000| Complete 
| 211|0x000000008d300000, 0x000000008d400000, 0x000000008d400000|100%| E|CS|TAMS 0x000000008d300000, 0x000000008d300000| Complete 
| 212|0x000000008d400000, 0x000000008d500000, 0x000000008d500000|100%| E|CS|TAMS 0x000000008d400000, 0x000000008d400000| Complete 
| 213|0x000000008d500000, 0x000000008d600000, 0x000000008d600000|100%| E|CS|TAMS 0x000000008d500000, 0x000000008d500000| Complete 
| 214|0x000000008d600000, 0x000000008d700000, 0x000000008d700000|100%| E|CS|TAMS 0x000000008d600000, 0x000000008d600000| Complete 
| 215|0x000000008d700000, 0x000000008d800000, 0x000000008d800000|100%| E|CS|TAMS 0x000000008d700000, 0x000000008d700000| Complete 
| 216|0x000000008d800000, 0x000000008d900000, 0x000000008d900000|100%| E|CS|TAMS 0x000000008d800000, 0x000000008d800000| Complete 
| 217|0x000000008d900000, 0x000000008da00000, 0x000000008da00000|100%| E|CS|TAMS 0x000000008d900000, 0x000000008d900000| Complete 
| 218|0x000000008da00000, 0x000000008db00000, 0x000000008db00000|100%| E|CS|TAMS 0x000000008da00000, 0x000000008da00000| Complete 
| 219|0x000000008db00000, 0x000000008dc00000, 0x000000008dc00000|100%| E|CS|TAMS 0x000000008db00000, 0x000000008db00000| Complete 
| 220|0x000000008dc00000, 0x000000008dd00000, 0x000000008dd00000|100%| E|CS|TAMS 0x000000008dc00000, 0x000000008dc00000| Complete 
| 221|0x000000008dd00000, 0x000000008de00000, 0x000000008de00000|100%| E|CS|TAMS 0x000000008dd00000, 0x000000008dd00000| Complete 
| 222|0x000000008de00000, 0x000000008df00000, 0x000000008df00000|100%| E|CS|TAMS 0x000000008de00000, 0x000000008de00000| Complete 
| 223|0x000000008df00000, 0x000000008e000000, 0x000000008e000000|100%| E|CS|TAMS 0x000000008df00000, 0x000000008df00000| Complete 
| 224|0x000000008e000000, 0x000000008e100000, 0x000000008e100000|100%| E|CS|TAMS 0x000000008e000000, 0x000000008e000000| Complete 
| 225|0x000000008e100000, 0x000000008e200000, 0x000000008e200000|100%| E|CS|TAMS 0x000000008e100000, 0x000000008e100000| Complete 
| 226|0x000000008e200000, 0x000000008e300000, 0x000000008e300000|100%| E|CS|TAMS 0x000000008e200000, 0x000000008e200000| Complete 
| 227|0x000000008e300000, 0x000000008e400000, 0x000000008e400000|100%| E|CS|TAMS 0x000000008e300000, 0x000000008e300000| Complete 
| 228|0x000000008e400000, 0x000000008e500000, 0x000000008e500000|100%| E|CS|TAMS 0x000000008e400000, 0x000000008e400000| Complete 
| 229|0x000000008e500000, 0x000000008e600000, 0x000000008e600000|100%| E|CS|TAMS 0x000000008e500000, 0x000000008e500000| Complete 
| 230|0x000000008e600000, 0x000000008e700000, 0x000000008e700000|100%| E|CS|TAMS 0x000000008e600000, 0x000000008e600000| Complete 
| 231|0x000000008e700000, 0x000000008e800000, 0x000000008e800000|100%| E|CS|TAMS 0x000000008e700000, 0x000000008e700000| Complete 
| 232|0x000000008e800000, 0x000000008e900000, 0x000000008e900000|100%| E|CS|TAMS 0x000000008e800000, 0x000000008e800000| Complete 
| 233|0x000000008e900000, 0x000000008ea00000, 0x000000008ea00000|100%| E|CS|TAMS 0x000000008e900000, 0x000000008e900000| Complete 
| 234|0x000000008ea00000, 0x000000008eb00000, 0x000000008eb00000|100%| E|CS|TAMS 0x000000008ea00000, 0x000000008ea00000| Complete 
| 235|0x000000008eb00000, 0x000000008ec00000, 0x000000008ec00000|100%| E|CS|TAMS 0x000000008eb00000, 0x000000008eb00000| Complete 
| 236|0x000000008ec00000, 0x000000008ed00000, 0x000000008ed00000|100%| E|CS|TAMS 0x000000008ec00000, 0x000000008ec00000| Complete 
| 237|0x000000008ed00000, 0x000000008ee00000, 0x000000008ee00000|100%| E|CS|TAMS 0x000000008ed00000, 0x000000008ed00000| Complete 
| 238|0x000000008ee00000, 0x000000008ef00000, 0x000000008ef00000|100%| E|CS|TAMS 0x000000008ee00000, 0x000000008ee00000| Complete 
| 239|0x000000008ef00000, 0x000000008f000000, 0x000000008f000000|100%| E|CS|TAMS 0x000000008ef00000, 0x000000008ef00000| Complete 
| 240|0x000000008f000000, 0x000000008f100000, 0x000000008f100000|100%| E|CS|TAMS 0x000000008f000000, 0x000000008f000000| Complete 
| 241|0x000000008f100000, 0x000000008f200000, 0x000000008f200000|100%| E|CS|TAMS 0x000000008f100000, 0x000000008f100000| Complete 
| 242|0x000000008f200000, 0x000000008f300000, 0x000000008f300000|100%| E|CS|TAMS 0x000000008f200000, 0x000000008f200000| Complete 
| 243|0x000000008f300000, 0x000000008f400000, 0x000000008f400000|100%| E|CS|TAMS 0x000000008f300000, 0x000000008f300000| Complete 
| 244|0x000000008f400000, 0x000000008f500000, 0x000000008f500000|100%| E|CS|TAMS 0x000000008f400000, 0x000000008f400000| Complete 
| 245|0x000000008f500000, 0x000000008f600000, 0x000000008f600000|100%| E|CS|TAMS 0x000000008f500000, 0x000000008f500000| Complete 
| 246|0x000000008f600000, 0x000000008f700000, 0x000000008f700000|100%| E|CS|TAMS 0x000000008f600000, 0x000000008f600000| Complete 
| 247|0x000000008f700000, 0x000000008f800000, 0x000000008f800000|100%| E|CS|TAMS 0x000000008f700000, 0x000000008f700000| Complete 
| 248|0x000000008f800000, 0x000000008f900000, 0x000000008f900000|100%| E|CS|TAMS 0x000000008f800000, 0x000000008f800000| Complete 
| 249|0x000000008f900000, 0x000000008fa00000, 0x000000008fa00000|100%| E|CS|TAMS 0x000000008f900000, 0x000000008f900000| Complete 
| 250|0x000000008fa00000, 0x000000008fb00000, 0x000000008fb00000|100%| E|CS|TAMS 0x000000008fa00000, 0x000000008fa00000| Complete 
| 251|0x000000008fb00000, 0x000000008fc00000, 0x000000008fc00000|100%| E|CS|TAMS 0x000000008fb00000, 0x000000008fb00000| Complete 
| 252|0x000000008fc00000, 0x000000008fd00000, 0x000000008fd00000|100%| E|CS|TAMS 0x000000008fc00000, 0x000000008fc00000| Complete 
| 253|0x000000008fd00000, 0x000000008fe00000, 0x000000008fe00000|100%| E|CS|TAMS 0x000000008fd00000, 0x000000008fd00000| Complete 

Card table byte_map: [0x0000029bff080000,0x0000029bff480000] _byte_map_base: 0x0000029bfec80000

Marking Bits (Prev, Next): (CMBitMap*) 0x0000029be765ef50, (CMBitMap*) 0x0000029be765ef18
 Prev Bits: [0x0000029b82000000, 0x0000029b84000000)
 Next Bits: [0x0000029b80000000, 0x0000029b82000000)

Polling page: 0x0000029be55d0000

Metaspace:

Usage:
  Non-class:     27.07 MB capacity,    26.57 MB ( 98%) used,   441.47 KB (  2%) free+waste,    73.56 KB ( <1%) overhead. 
      Class:      4.39 MB capacity,     4.10 MB ( 93%) used,   267.47 KB (  6%) free+waste,    36.88 KB ( <1%) overhead. 
       Both:     31.46 MB capacity,    30.66 MB ( 97%) used,   708.94 KB (  2%) free+waste,   110.44 KB ( <1%) overhead. 

Virtual space:
  Non-class space:       28.00 MB reserved,      27.17 MB ( 97%) committed 
      Class space:      504.00 MB reserved,       4.50 MB ( <1%) committed 
             Both:      532.00 MB reserved,      31.67 MB (  6%) committed 

Chunk freelists:
   Non-Class:  5.25 KB
       Class:  1.75 KB
        Both:  7.00 KB

CodeHeap 'non-profiled nmethods': size=120000Kb used=1235Kb max_used=1235Kb free=118764Kb
 bounds [0x0000029bf7420000, 0x0000029bf7690000, 0x0000029bfe950000]
CodeHeap 'profiled nmethods': size=120000Kb used=5645Kb max_used=5645Kb free=114354Kb
 bounds [0x0000029befef0000, 0x0000029bf0480000, 0x0000029bf7420000]
CodeHeap 'non-nmethods': size=5760Kb used=1174Kb max_used=1207Kb free=4585Kb
 bounds [0x0000029bef950000, 0x0000029befbc0000, 0x0000029befef0000]
 total_blobs=3989 nmethods=2619 adapters=427
 compilation: enabled
              stopped_count=0, restarted_count=0
 full_count=0

Compilation events (10 events):
Event: 94.342 Thread 0x0000029b86c08000 nmethod 2841 0x0000029bf046f510 code [0x0000029bf046f980, 0x0000029bf0471360]
Event: 94.342 Thread 0x0000029b86c08000 2840       3       org.objectweb.asm.SymbolTable::addTypeInternal (85 bytes)
Event: 94.342 Thread 0x0000029b86c08000 nmethod 2840 0x0000029bf0471e10 code [0x0000029bf0472000, 0x0000029bf0472660]
Event: 94.342 Thread 0x0000029b86c08000 2838       1       com.google.common.collect.LinkedHashMultimap$ValueEntry::setSuccessorInMultimap (6 bytes)
Event: 94.343 Thread 0x0000029b86c08000 nmethod 2838 0x0000029bf7554210 code [0x0000029bf75543c0, 0x0000029bf7554518]
Event: 94.343 Thread 0x0000029b86c08000 2839       1       com.google.common.collect.LinkedHashMultimap$ValueEntry::setPredecessorInMultimap (6 bytes)
Event: 94.343 Thread 0x0000029b86c08000 nmethod 2839 0x0000029bf7554590 code [0x0000029bf7554740, 0x0000029bf7554898]
Event: 94.343 Thread 0x0000029b86c08000 2835       1       org.gradle.internal.instantiation.generator.AbstractClassGenerator$ClassGenerationHandler::claimPropertyImplementation (2 bytes)
Event: 94.343 Thread 0x0000029b86c08000 nmethod 2835 0x0000029bf7554910 code [0x0000029bf7554ac0, 0x0000029bf7554bd8]
Event: 94.370 Thread 0x0000029b86c08000 2842       3       org.gradle.model.internal.asm.MethodVisitorScope::_INVOKEVIRTUAL (11 bytes)

GC Heap History (6 events):
Event: 6.782 GC heap before
{Heap before GC invocations=0 (full 0):
 garbage-first heap   total 260096K, used 27648K [0x0000000080000000, 0x0000000100000000)
  region size 1024K, 24 young (24576K), 0 survivors (0K)
 Metaspace       used 9975K, capacity 10205K, committed 10368K, reserved 526336K
  class space    used 1031K, capacity 1104K, committed 1152K, reserved 516096K
}
Event: 7.215 GC heap after
{Heap after GC invocations=1 (full 0):
 garbage-first heap   total 260096K, used 10768K [0x0000000080000000, 0x0000000100000000)
  region size 1024K, 3 young (3072K), 3 survivors (3072K)
 Metaspace       used 9975K, capacity 10205K, committed 10368K, reserved 526336K
  class space    used 1031K, capacity 1104K, committed 1152K, reserved 516096K
}
Event: 74.820 GC heap before
{Heap before GC invocations=1 (full 0):
 garbage-first heap   total 260096K, used 106000K [0x0000000080000000, 0x0000000100000000)
  region size 1024K, 97 young (99328K), 3 survivors (3072K)
 Metaspace       used 20783K, capacity 21241K, committed 21296K, reserved 536576K
  class space    used 2516K, capacity 2684K, committed 2688K, reserved 516096K
}
Event: 75.032 GC heap after
{Heap after GC invocations=2 (full 0):
 garbage-first heap   total 260096K, used 18541K [0x0000000080000000, 0x0000000100000000)
  region size 1024K, 11 young (11264K), 11 survivors (11264K)
 Metaspace       used 20783K, capacity 21241K, committed 21296K, reserved 536576K
  class space    used 2516K, capacity 2684K, committed 2688K, reserved 516096K
}
Event: 87.148 GC heap before
{Heap before GC invocations=3 (full 0):
 garbage-first heap   total 260096K, used 77933K [0x0000000080000000, 0x0000000100000000)
  region size 1024K, 69 young (70656K), 11 survivors (11264K)
 Metaspace       used 26467K, capacity 27120K, committed 27184K, reserved 540672K
  class space    used 3438K, capacity 3689K, committed 3712K, reserved 516096K
}
Event: 87.169 GC heap after
{Heap after GC invocations=4 (full 0):
 garbage-first heap   total 260096K, used 21320K [0x0000000080000000, 0x0000000100000000)
  region size 1024K, 3 young (3072K), 3 survivors (3072K)
 Metaspace       used 26467K, capacity 27120K, committed 27184K, reserved 540672K
  class space    used 3438K, capacity 3689K, committed 3712K, reserved 516096K
}

Deoptimization events (10 events):
Event: 75.366 Thread 0x0000029b87af2800 Uncommon trap: reason=unstable_if action=reinterpret pc=0x0000029bf743c6b0 method=java.io.WinNTFileSystem.resolve(Ljava/lang/String;Ljava/lang/String;)Ljava/lang/String; @ 19 c2
Event: 75.368 Thread 0x0000029b87af2800 Uncommon trap: reason=bimorphic_or_optimized_type_check action=maybe_recompile pc=0x0000029bf749e724 method=java.util.AbstractList$Itr.hasNext()Z @ 8 c2
Event: 75.368 Thread 0x0000029b87af2800 Uncommon trap: reason=bimorphic_or_optimized_type_check action=maybe_recompile pc=0x0000029bf749eadc method=java.util.AbstractList$Itr.next()Ljava/lang/Object; @ 14 c2
Event: 75.370 Thread 0x0000029b87af2800 Uncommon trap: reason=unstable_if action=reinterpret pc=0x0000029bf7493ee0 method=java.io.File.getName()Ljava/lang/String; @ 16 c2
Event: 75.370 Thread 0x0000029b87af2800 Uncommon trap: reason=unstable_if action=reinterpret pc=0x0000029bf7490394 method=java.lang.String.substring(I)Ljava/lang/String; @ 34 c2
Event: 76.851 Thread 0x0000029b87af2800 Uncommon trap: reason=intrinsic_or_type_checked_inlining action=make_not_entrant pc=0x0000029bf74a6778 method=java.util.Arrays.copyOf([Ljava/lang/Object;ILjava/lang/Class;)[Ljava/lang/Object; @ 35 c2
Event: 84.672 Thread 0x0000029b87af2800 Uncommon trap: reason=unstable_if action=reinterpret pc=0x0000029bf7459ef0 method=java.util.HashMap.hash(Ljava/lang/Object;)I @ 1 c2
Event: 87.075 Thread 0x0000029b87af2800 Uncommon trap: reason=predicate action=maybe_recompile pc=0x0000029bf7532190 method=com.google.common.base.CharMatcher.indexIn(Ljava/lang/CharSequence;I)I @ 19 c2
Event: 91.450 Thread 0x0000029b87af2800 Uncommon trap: reason=unstable_if action=reinterpret pc=0x0000029bf7448654 method=java.util.HashMap.hash(Ljava/lang/Object;)I @ 1 c2
Event: 91.963 Thread 0x0000029b87af2800 Uncommon trap: reason=unstable_if action=reinterpret pc=0x0000029bf7548968 method=java.util.regex.Pattern$BmpCharProperty.match(Ljava/util/regex/Matcher;ILjava/lang/CharSequence;)Z @ 39 c2

Classes redefined (0 events):
No events

Internal exceptions (10 events):
Event: 87.282 Thread 0x0000029b87af2800 Exception <a 'java/lang/NoSuchMethodError'{0x000000008fb3f358}: java.lang.invoke.DirectMethodHandle$Holder.invokeVirtual(Ljava/lang/Object;Ljava/lang/Object;Ljava/lang/Object;)I> (0x000000008fb3f358) thrown at [t:/workspace/open/src/hotspot/share/interpre
Event: 90.373 Thread 0x0000029b87af2800 Exception <a 'java/lang/NoSuchMethodError'{0x000000008eaa1da0}: java.lang.invoke.DirectMethodHandle$Holder.invokeSpecialIFC(Ljava/lang/Object;Ljava/lang/Object;Ljava/lang/Object;Ljava/lang/Object;)Ljava/lang/Object;> (0x000000008eaa1da0) thrown at [t:/wor
Event: 91.450 Thread 0x0000029b87af2800 Implicit null exception at 0x0000029bf7448475 to 0x0000029bf7448642
Event: 91.972 Thread 0x0000029b87af2800 Exception <a 'java/lang/NoSuchMethodError'{0x000000008df91428}: java.lang.invoke.DirectMethodHandle$Holder.invokeSpecial(Ljava/lang/Object;Ljava/lang/Object;Ljava/lang/Object;Ljava/lang/Object;Ljava/lang/Object;Ljava/lang/Object;Ljava/lang/Object;Ljava/la
Event: 91.973 Thread 0x0000029b87af2800 Exception <a 'java/lang/NoSuchMethodError'{0x000000008dfa1d18}: java.lang.invoke.Invokers$Holder.linkToTargetMethod(Ljava/lang/Object;Ljava/lang/Object;Ljava/lang/Object;Ljava/lang/Object;Ljava/lang/Object;Ljava/lang/Object;Ljava/lang/Object;Ljava/lang/Ob
Event: 91.985 Thread 0x0000029b87af2800 Exception <a 'java/lang/NoSuchMethodError'{0x000000008de39718}: java.lang.invoke.DirectMethodHandle$Holder.invokeSpecial(Ljava/lang/Object;Ljava/lang/Object;Ljava/lang/Object;Ljava/lang/Object;Ljava/lang/Object;Ljava/lang/Object;Ljava/lang/Object;Ljava/la
Event: 91.987 Thread 0x0000029b87af2800 Exception <a 'java/lang/NoSuchMethodError'{0x000000008de4af80}: java.lang.invoke.Invokers$Holder.linkToTargetMethod(Ljava/lang/Object;Ljava/lang/Object;Ljava/lang/Object;Ljava/lang/Object;Ljava/lang/Object;Ljava/lang/Object;Ljava/lang/Object;Ljava/lang/Ob
Event: 92.129 Thread 0x0000029b87af2800 Exception <a 'java/lang/NoSuchMethodError'{0x000000008dd3b358}: java.lang.invoke.DirectMethodHandle$Holder.invokeStaticInit(Ljava/lang/Object;Ljava/lang/Object;Ljava/lang/Object;Ljava/lang/Object;)Ljava/lang/Object;> (0x000000008dd3b358) thrown at [t:/wor
Event: 93.932 Thread 0x0000029b87af2800 Exception <a 'java/lang/NoSuchMethodError'{0x000000008ce78798}: java.lang.invoke.Invokers$Holder.linkToTargetMethod(Ljava/lang/Object;Ljava/lang/Object;Ljava/lang/Object;Ljava/lang/Object;Ljava/lang/Object;Ljava/lang/Object;Ljava/lang/Object;Ljava/lang/Ob
Event: 94.035 Thread 0x0000029b87af2800 Exception <a 'java/lang/IncompatibleClassChangeError'{0x000000008cefa3f8}: Found class java.lang.Object, but interface was expected> (0x000000008cefa3f8) thrown at [t:/workspace/open/src/hotspot/share/interpreter/linkResolver.cpp, line 856]

Events (10 events):
Event: 94.312 loading class org/gradle/api/artifacts/UnknownConfigurationException
Event: 94.312 loading class org/gradle/api/artifacts/UnknownConfigurationException done
Event: 94.314 loading class org/gradle/api/internal/artifacts/configurations/DefaultConfiguration
Event: 94.314 loading class org/gradle/api/internal/artifacts/configurations/DefaultConfiguration done
Event: 94.320 loading class org/gradle/api/internal/artifacts/configurations/MutationValidator
Event: 94.320 loading class org/gradle/api/internal/artifacts/configurations/MutationValidator done
Event: 94.321 loading class org/gradle/api/internal/initialization/ResettableConfiguration
Event: 94.321 loading class org/gradle/api/internal/initialization/ResettableConfiguration done
Event: 94.323 loading class org/gradle/api/internal/file/AbstractFileCollection
Event: 94.323 loading class org/gradle/api/internal/file/AbstractFileCollection done


Dynamic libraries:
0x00007ff6552e0000 - 0x00007ff655327000 	C:\Program Files\Java\bin\java.exe
0x00007ffb91740000 - 0x00007ffb91949000 	C:\WINDOWS\SYSTEM32\ntdll.dll
0x00007ffb90250000 - 0x00007ffb9030e000 	C:\WINDOWS\System32\KERNEL32.DLL
0x00007ffb8ec50000 - 0x00007ffb8efd4000 	C:\WINDOWS\System32\KERNELBASE.dll
0x00007ffb91650000 - 0x00007ffb916ff000 	C:\WINDOWS\System32\ADVAPI32.dll
0x00007ffb8f940000 - 0x00007ffb8f9e3000 	C:\WINDOWS\System32\msvcrt.dll
0x00007ffb90c10000 - 0x00007ffb90cae000 	C:\WINDOWS\System32\sechost.dll
0x00007ffb905f0000 - 0x00007ffb90711000 	C:\WINDOWS\System32\RPCRT4.dll
0x00007ffb90a60000 - 0x00007ffb90c0d000 	C:\WINDOWS\System32\USER32.dll
0x00007ffb8f0a0000 - 0x00007ffb8f0c6000 	C:\WINDOWS\System32\win32u.dll
0x00007ffb90970000 - 0x00007ffb9099a000 	C:\WINDOWS\System32\GDI32.dll
0x00007ffb8f2e0000 - 0x00007ffb8f3ff000 	C:\WINDOWS\System32\gdi32full.dll
0x00007ffb8f0d0000 - 0x00007ffb8f16d000 	C:\WINDOWS\System32\msvcp_win.dll
0x00007ffb8f400000 - 0x00007ffb8f511000 	C:\WINDOWS\System32\ucrtbase.dll
0x00007ffb7be20000 - 0x00007ffb7c0c5000 	C:\WINDOWS\WinSxS\amd64_microsoft.windows.common-controls_6595b64144ccf1df_6.0.22000.120_none_9d947278b86cc467\COMCTL32.dll
0x00007ffb84130000 - 0x00007ffb8413a000 	C:\WINDOWS\SYSTEM32\VERSION.dll
0x00007ffb908b0000 - 0x00007ffb908e1000 	C:\WINDOWS\System32\IMM32.DLL
0x00007ffb7b060000 - 0x00007ffb7b076000 	C:\Program Files\Java\bin\vcruntime140.dll
0x00007ffb2faf0000 - 0x00007ffb2fb9a000 	C:\Program Files\Java\bin\msvcp140.dll
0x00007ffaf7e60000 - 0x00007ffaf89a2000 	C:\Program Files\Java\bin\server\jvm.dll
0x00007ffb8f8d0000 - 0x00007ffb8f8d8000 	C:\WINDOWS\System32\PSAPI.DLL
0x00007ffb87d00000 - 0x00007ffb87d09000 	C:\WINDOWS\SYSTEM32\WSOCK32.dll
0x00007ffb90720000 - 0x00007ffb9078f000 	C:\WINDOWS\System32\WS2_32.dll
0x00007ffb87430000 - 0x00007ffb87463000 	C:\WINDOWS\SYSTEM32\WINMM.dll
0x00007ffb8dd40000 - 0x00007ffb8dd58000 	C:\WINDOWS\SYSTEM32\kernel.appcore.dll
0x00007ffb7b040000 - 0x00007ffb7b051000 	C:\Program Files\Java\bin\verify.dll
0x00007ffb8bf50000 - 0x00007ffb8c171000 	C:\WINDOWS\SYSTEM32\DBGHELP.DLL
0x00007ffb650c0000 - 0x00007ffb650f1000 	C:\WINDOWS\SYSTEM32\dbgcore.DLL
0x00007ffb8f520000 - 0x00007ffb8f59f000 	C:\WINDOWS\System32\bcryptPrimitives.dll
0x00007ffb5f1b0000 - 0x00007ffb5f1d9000 	C:\Program Files\Java\bin\java.dll
0x00007ffb694f0000 - 0x00007ffb69506000 	C:\Program Files\Java\bin\zip.dll
0x00007ffb795e0000 - 0x00007ffb795ea000 	C:\Program Files\Java\bin\jimage.dll
0x00007ffb90cb0000 - 0x00007ffb91475000 	C:\WINDOWS\System32\SHELL32.dll
0x00007ffb8ccb0000 - 0x00007ffb8d514000 	C:\WINDOWS\SYSTEM32\windows.storage.dll
0x00007ffb8fed0000 - 0x00007ffb90246000 	C:\WINDOWS\System32\combase.dll
0x00007ffb8cb40000 - 0x00007ffb8cca7000 	C:\WINDOWS\SYSTEM32\wintypes.dll
0x00007ffb91480000 - 0x00007ffb9156a000 	C:\WINDOWS\System32\SHCORE.dll
0x00007ffb8f8e0000 - 0x00007ffb8f93d000 	C:\WINDOWS\System32\shlwapi.dll
0x00007ffb8eb10000 - 0x00007ffb8eb31000 	C:\WINDOWS\SYSTEM32\profapi.dll
0x00007ffb60470000 - 0x00007ffb60489000 	C:\Program Files\Java\bin\net.dll
0x00007ffb86500000 - 0x00007ffb86613000 	C:\WINDOWS\SYSTEM32\WINHTTP.dll
0x00007ffb8e1f0000 - 0x00007ffb8e257000 	C:\WINDOWS\system32\mswsock.dll
0x00007ffb60270000 - 0x00007ffb60283000 	C:\Program Files\Java\bin\nio.dll
0x00007ffb7a1b0000 - 0x00007ffb7a1d7000 	C:\Users\wwwu\.gradle\native\68d5fa5c4cc2d200863cafc0d521ce42e7d3e7ee720ec0a83991735586a16f82\windows-amd64\native-platform.dll
0x00007ffb2e250000 - 0x00007ffb2e394000 	C:\Users\wwwu\.gradle\native\e376f236ea51e6404a007f0833ffe2c6e607c4080706a723a18a27aeea778392\windows-amd64\native-platform-file-events.dll
0x00007ffb79510000 - 0x00007ffb79519000 	C:\Program Files\Java\bin\management.dll
0x00007ffb79300000 - 0x00007ffb7930c000 	C:\Program Files\Java\bin\management_ext.dll
0x00007ffb8e440000 - 0x00007ffb8e458000 	C:\WINDOWS\SYSTEM32\CRYPTSP.dll
0x00007ffb8dca0000 - 0x00007ffb8dcd5000 	C:\WINDOWS\system32\rsaenh.dll
0x00007ffb8e2f0000 - 0x00007ffb8e319000 	C:\WINDOWS\SYSTEM32\USERENV.dll
0x00007ffb8e5c0000 - 0x00007ffb8e5e7000 	C:\WINDOWS\SYSTEM32\bcrypt.dll
0x00007ffb8e460000 - 0x00007ffb8e46c000 	C:\WINDOWS\SYSTEM32\CRYPTBASE.dll
0x00007ffb8d860000 - 0x00007ffb8d88d000 	C:\WINDOWS\SYSTEM32\IPHLPAPI.DLL
0x00007ffb90a30000 - 0x00007ffb90a39000 	C:\WINDOWS\System32\NSI.dll
0x00007ffb86670000 - 0x00007ffb86689000 	C:\WINDOWS\SYSTEM32\dhcpcsvc6.DLL
0x00007ffb867b0000 - 0x00007ffb867ce000 	C:\WINDOWS\SYSTEM32\dhcpcsvc.DLL
0x00007ffb8d890000 - 0x00007ffb8d977000 	C:\WINDOWS\SYSTEM32\DNSAPI.dll

dbghelp: loaded successfully - version: 4.0.5 - missing functions: none
symbol engine: initialized successfully - sym options: 0x614 - pdb path: .;C:\Program Files\Java\bin;C:\WINDOWS\SYSTEM32;C:\WINDOWS\WinSxS\amd64_microsoft.windows.common-controls_6595b64144ccf1df_6.0.22000.120_none_9d947278b86cc467;C:\Program Files\Java\bin\server;C:\Users\wwwu\.gradle\native\68d5fa5c4cc2d200863cafc0d521ce42e7d3e7ee720ec0a83991735586a16f82\windows-amd64;C:\Users\wwwu\.gradle\native\e376f236ea51e6404a007f0833ffe2c6e607c4080706a723a18a27aeea778392\windows-amd64

VM Arguments:
jvm_args: -XX:MaxMetaspaceSize=512m --add-opens=java.base/java.util=ALL-UNNAMED --add-opens=java.base/java.lang=ALL-UNNAMED --add-opens=java.base/java.lang.invoke=ALL-UNNAMED --add-opens=java.prefs/java.util.prefs=ALL-UNNAMED --add-opens=java.base/java.nio.charset=ALL-UNNAMED --add-opens=java.base/java.net=ALL-UNNAMED --add-opens=java.base/java.util.concurrent.atomic=ALL-UNNAMED -Xmx2048m -Dfile.encoding=GBK -Duser.country=CN -Duser.language=zh -Duser.variant 
java_command: org.gradle.launcher.daemon.bootstrap.GradleDaemon 8.0.1
java_class_path (initial): C:\Users\wwwu\.gradle\wrapper\dists\gradle-8.0.1-all\aro4hu1c3oeioove7l0i4i14o\gradle-8.0.1\lib\gradle-launcher-8.0.1.jar
Launcher Type: SUN_STANDARD

[Global flags]
     intx CICompilerCount                          = 4                                         {product} {ergonomic}
   size_t CompressedClassSpaceSize                 = 528482304                                 {product} {ergonomic}
     uint ConcGCThreads                            = 2                                         {product} {ergonomic}
     uint G1ConcRefinementThreads                  = 8                                         {product} {ergonomic}
   size_t G1HeapRegionSize                         = 1048576                                   {product} {ergonomic}
    uintx GCDrainStackTargetSize                   = 64                                        {product} {ergonomic}
   size_t InitialHeapSize                          = 266338304                                 {product} {ergonomic}
   size_t MarkStackSize                            = 4194304                                   {product} {ergonomic}
   size_t MaxHeapSize                              = 2147483648                                {product} {command line}
   size_t MaxMetaspaceSize                         = 536870912                                 {product} {command line}
   size_t MaxNewSize                               = 1287651328                                {product} {ergonomic}
   size_t MinHeapDeltaBytes                        = 1048576                                   {product} {ergonomic}
    uintx NonNMethodCodeHeapSize                   = 5835340                                {pd product} {ergonomic}
    uintx NonProfiledCodeHeapSize                  = 122911450                              {pd product} {ergonomic}
    uintx ProfiledCodeHeapSize                     = 122911450                              {pd product} {ergonomic}
    uintx ReservedCodeCacheSize                    = 251658240                              {pd product} {ergonomic}
     bool SegmentedCodeCache                       = true                                      {product} {ergonomic}
     bool UseCompressedClassPointers               = true                                 {lp64_product} {ergonomic}
     bool UseCompressedOops                        = true                                 {lp64_product} {ergonomic}
     bool UseG1GC                                  = true                                      {product} {ergonomic}
     bool UseLargePagesIndividualAllocation        = false                                  {pd product} {ergonomic}

Logging:
Log output configuration:
 #0: stdout all=warning uptime,level,tags
 #1: stderr all=off uptime,level,tags

Environment Variables:
JAVA_HOME=C:\Program Files\Java
CLASSPATH=D:\mind\MindInsight\android\\gradle\wrapper\gradle-wrapper.jar
PATH=D:\mind\MindInsight\node_modules\.bin;D:\mind\MindInsight\node_modules\.bin;D:\mind\node_modules\.bin;D:\node_modules\.bin;C:\Users\wwwu\AppData\Roaming\npm\node_modules\npm\node_modules\@npmcli\run-script\lib\node-gyp-bin;D:\mind\MindInsight\node_modules\.bin;D:\mind\node_modules\.bin;D:\node_modules\.bin;C:\Users\wwwu\AppData\Roaming\npm\node_modules\npm\node_modules\@npmcli\run-script\lib\node-gyp-bin;C:\Program Files (x86)\VMware\VMware Workstation\bin\;C:\Program Files (x86)\Common Files\Oracle\Java\javapath;C:\Program Files\Microsoft MPI\Bin\;D:\anaconda;D:\anaconda\Library\mingw-w64\bin;D:\anaconda\Library\usr\bin;D:\anaconda\Library\bin;D:\anaconda\Scripts;C:\Program Files\Java\bin;C:\WINDOWS\system32;C:\WINDOWS;C:\WINDOWS\System32\Wbem;C:\WINDOWS\System32\WindowsPowerShell\v1.0\;C:\WINDOWS\System32\OpenSSH\;C:\Program Files\Git\cmd;D:\nodejs\node_global;C:\Users\wwwu\AppData\Local\Android\Sdk\platform-tools;D:\MySQL\bin;D:\微信开发者工具\微信web开发者工具\dll;C:\Users\wwwu\AppData\Local\Programs\Python\Python311\Scripts\;C:\Program Files (x86)\Microsoft SQL Server\160\Tools\Binn\;C:\Program Files\Microsoft SQL Server\160\Tools\Binn\;C:\Program Files\Microsoft SQL Server\Client SDK\ODBC\170\Tools\Binn\;C:\Program Files\Microsoft SQL Server\160\DTS\Binn\;C:\Program Files (x86)\Microsoft SQL Server\160\DTS\Binn\;C:\Program Files\Azure Data Studio\bin;C:\Users\wwwu\AppData\Roaming\npm;C:\Program Files (x86)\NetSarang\Xshell 7\;C:\Program Files (x86)\NetSarang\Xftp 7\;%ANDROID_HOME%\platform-tools;%ANDROID_HOME%\platform-tools;%ANDROID_HOME%\emulator;%ANDROID_HOME%\tools;D:\nodejs\;D:\gradle\gradle-8.2.1\bin;C:\Users\wwwu\AppData\Local\Programs\Python\Python311\Scripts\;C:\Users\wwwu\AppData\Local\Programs\Python\Python311\;C:\Ruby27-x64\bin;C:\Users\wwwu\AppData\Local\Microsoft\WindowsApps;C:\Program Files\Bandizip\;C:\Users\wwwu\Downloads\Microsoft VS Code\bin;C:\Program Files\JetBrains\WebStorm 2022.2.3\bin;;C:\Program Files\JetBrains\IntelliJ IDEA 2021.1.1
USERNAME=wwwu
OS=Windows_NT
PROCESSOR_IDENTIFIER=Intel64 Family 6 Model 140 Stepping 1, GenuineIntel



---------------  S Y S T E M  ---------------

OS: Windows 10 , 64 bit Build 22000 (10.0.22000.2003)

CPU:total 8 (initial active 8) (4 cores per cpu, 2 threads per core) family 6 model 140 stepping 1, cmov, cx8, fxsr, mmx, sse, sse2, sse3, ssse3, sse4.1, sse4.2, popcnt, avx, avx2, aes, clmul, erms, 3dnowpref, lzcnt, ht, tsc, tscinvbit, bmi1, bmi2, adx, sha, fma

Memory: 4k page, system-wide physical 16167M (164M free)
TotalPageFile size 41767M (AvailPageFile size 0M)
current process WorkingSet (physical memory assigned to process): 201M, peak: 213M
current process commit charge ("private bytes"): 397M, peak: 412M

vm_info: Java HotSpot(TM) 64-Bit Server VM (11+28) for windows-amd64 JRE (11+28), built on Aug 23 2018 03:03:59 by "mach5one" with MS VC++ 15.5 (VS2017)

END.
