#
# There is insufficient memory for the Java Runtime Environment to continue.
# Native memory allocation (malloc) failed to allocate 131088 bytes for Chunk::new
# Possible reasons:
#   The system is out of physical RAM or swap space
#   The process is running with CompressedOops enabled, and the Java Heap may be blocking the growth of the native heap
# Possible solutions:
#   Reduce memory load on the system
#   Increase physical memory or swap space
#   Check if swap backing store is full
#   Decrease Java heap size (-Xmx/-Xms)
#   Decrease number of Java threads
#   Decrease Java thread stack sizes (-Xss)
#   Set larger code cache with -XX:ReservedCodeCacheSize=
#   JVM is running with Unscaled Compressed Oops mode in which the Java heap is
#     placed in the first 4GB address space. The Java Heap base address is the
#     maximum limit for the native heap growth. Please use -XX:HeapBaseMinAddress
#     to set the Java Heap base and to place the Java Heap above 4GB virtual address.
# This output file may be truncated or incomplete.
#
#  Out of Memory Error (t:/workspace/open/src/hotspot/share/memory/arena.cpp:197), pid=32112, tid=29264
#
# JRE version: Java(TM) SE Runtime Environment (11.0+28) (build 11+28)
# Java VM: Java HotSpot(TM) 64-Bit Server VM (11+28, mixed mode, tiered, compressed oops, g1 gc, windows-amd64)
# No core dump will be written. Minidumps are not enabled by default on client versions of Windows
#

---------------  S U M M A R Y ------------

Command Line: -XX:MaxMetaspaceSize=512m --add-opens=java.base/java.util=ALL-UNNAMED --add-opens=java.base/java.lang=ALL-UNNAMED --add-opens=java.base/java.lang.invoke=ALL-UNNAMED --add-opens=java.prefs/java.util.prefs=ALL-UNNAMED --add-opens=java.base/java.nio.charset=ALL-UNNAMED --add-opens=java.base/java.net=ALL-UNNAMED --add-opens=java.base/java.util.concurrent.atomic=ALL-UNNAMED -Xmx2048m -Dfile.encoding=GBK -Duser.country=CN -Duser.language=zh -Duser.variant org.gradle.launcher.daemon.bootstrap.GradleDaemon 8.0.1

Host: 11th Gen Intel(R) Core(TM) i5-11300H @ 3.10GHz, 8 cores, 15G,  Windows 10 , 64 bit Build 22000 (10.0.22000.2003)
Time: Mon Sep  4 15:40:33 2023 中国标准时间 elapsed time: 99 seconds (0d 0h 1m 39s)

---------------  T H R E A D  ---------------

Current thread (0x0000015551a6c000):  JavaThread "C2 CompilerThread0" daemon [_thread_in_native, id=29264, stack(0x000000077eb00000,0x000000077ec00000)]


Current CompileTask:
C2:  99122 2844   !   4       java.lang.reflect.Executable::declaredAnnotations (85 bytes)

Stack: [0x000000077eb00000,0x000000077ec00000]
Native frames: (J=compiled Java code, j=interpreted, Vv=VM code, C=native code)
V  [jvm.dll+0x63c22a]
V  [jvm.dll+0x7797ef]
V  [jvm.dll+0x77adda]
V  [jvm.dll+0x77b493]
V  [jvm.dll+0x262818]
V  [jvm.dll+0xc5c71]
V  [jvm.dll+0xc61fc]
V  [jvm.dll+0xc5d50]
V  [jvm.dll+0x61b30f]
V  [jvm.dll+0x349745]
V  [jvm.dll+0x656b19]
V  [jvm.dll+0x65a741]
V  [jvm.dll+0x651e5b]
V  [jvm.dll+0x651472]
V  [jvm.dll+0x64f097]
V  [jvm.dll+0x19af4c]
V  [jvm.dll+0x2d0126]
V  [jvm.dll+0x65a848]
V  [jvm.dll+0x651e5b]
V  [jvm.dll+0x651472]
V  [jvm.dll+0x64f097]
V  [jvm.dll+0x19af4c]
V  [jvm.dll+0x2d0126]
V  [jvm.dll+0x65a848]
V  [jvm.dll+0x651e5b]
V  [jvm.dll+0x651472]
V  [jvm.dll+0x64f097]
V  [jvm.dll+0x19af4c]
V  [jvm.dll+0x2d0126]
V  [jvm.dll+0x65a848]
V  [jvm.dll+0x651e5b]
V  [jvm.dll+0x651472]
V  [jvm.dll+0x64f097]
V  [jvm.dll+0x19af4c]
V  [jvm.dll+0x2d0126]
V  [jvm.dll+0x65a848]
V  [jvm.dll+0x651e5b]
V  [jvm.dll+0x651472]
V  [jvm.dll+0x64f097]
V  [jvm.dll+0x19af4c]
V  [jvm.dll+0x2d0126]
V  [jvm.dll+0x65a848]
V  [jvm.dll+0x651e5b]
V  [jvm.dll+0x651472]
V  [jvm.dll+0x64f097]
V  [jvm.dll+0x19af4c]
V  [jvm.dll+0x21b62b]
V  [jvm.dll+0x198390]
V  [jvm.dll+0x22a99f]
V  [jvm.dll+0x228fb8]
V  [jvm.dll+0x73f04d]
V  [jvm.dll+0x63b2c2]
C  [ucrtbase.dll+0x26c0c]
C  [KERNEL32.DLL+0x155a0]
C  [ntdll.dll+0x485b]


---------------  P R O C E S S  ---------------

Threads class SMR info:
_java_thread_list=0x00000155522aa9a0, length=32, elements={
0x00000155324f0000, 0x00000155511cc800, 0x00000155511cd800, 0x0000015551a67000,
0x0000015551a6a000, 0x0000015551a6c000, 0x0000015551ad3800, 0x0000015551ad9000,
0x0000015551bd7800, 0x0000015551bf7800, 0x0000015552a7a000, 0x0000015552555000,
0x00000155546c8800, 0x0000015552fcd800, 0x000001555269e800, 0x00000155529d7800,
0x0000015552fad800, 0x00000155525b7800, 0x0000015552b03000, 0x0000015551f58800,
0x0000015551e0f800, 0x0000015551e12000, 0x0000015551e11800, 0x0000015551e10800,
0x0000015553a95800, 0x0000015553a99800, 0x0000015553a99000, 0x0000015553a94000,
0x0000015553a9a800, 0x0000015553a97000, 0x0000015553a95000, 0x0000015553a96800
}

Java Threads: ( => current thread )
  0x00000155324f0000 JavaThread "main" [_thread_blocked, id=28776, stack(0x000000077e000000,0x000000077e100000)]
  0x00000155511cc800 JavaThread "Reference Handler" daemon [_thread_blocked, id=22568, stack(0x000000077e700000,0x000000077e800000)]
  0x00000155511cd800 JavaThread "Finalizer" daemon [_thread_blocked, id=32184, stack(0x000000077e800000,0x000000077e900000)]
  0x0000015551a67000 JavaThread "Signal Dispatcher" daemon [_thread_blocked, id=17716, stack(0x000000077e900000,0x000000077ea00000)]
  0x0000015551a6a000 JavaThread "Attach Listener" daemon [_thread_blocked, id=32180, stack(0x000000077ea00000,0x000000077eb00000)]
=>0x0000015551a6c000 JavaThread "C2 CompilerThread0" daemon [_thread_in_native, id=29264, stack(0x000000077eb00000,0x000000077ec00000)]
  0x0000015551ad3800 JavaThread "C1 CompilerThread0" daemon [_thread_in_native, id=23048, stack(0x000000077ec00000,0x000000077ed00000)]
  0x0000015551ad9000 JavaThread "Sweeper thread" daemon [_thread_blocked, id=14944, stack(0x000000077ed00000,0x000000077ee00000)]
  0x0000015551bd7800 JavaThread "Common-Cleaner" daemon [_thread_blocked, id=32012, stack(0x000000077ee00000,0x000000077ef00000)]
  0x0000015551bf7800 JavaThread "Service Thread" daemon [_thread_blocked, id=28644, stack(0x000000077ef00000,0x000000077f000000)]
  0x0000015552a7a000 JavaThread "Daemon health stats" [_thread_blocked, id=33504, stack(0x000000077f600000,0x000000077f700000)]
  0x0000015552555000 JavaThread "Incoming local TCP Connector on port 57897" [_thread_in_native, id=4676, stack(0x000000077f900000,0x000000077fa00000)]
  0x00000155546c8800 JavaThread "Daemon periodic checks" [_thread_blocked, id=12892, stack(0x000000077fa00000,0x000000077fb00000)]
  0x0000015552fcd800 JavaThread "Daemon" [_thread_blocked, id=3528, stack(0x000000077fb00000,0x000000077fc00000)]
  0x000001555269e800 JavaThread "Handler for socket connection from /127.0.0.1:57897 to /127.0.0.1:57903" [_thread_in_native, id=28492, stack(0x000000077fc00000,0x000000077fd00000)]
  0x00000155529d7800 JavaThread "Cancel handler" [_thread_blocked, id=4120, stack(0x000000077fd00000,0x000000077fe00000)]
  0x0000015552fad800 JavaThread "Daemon worker" [_thread_in_native, id=22488, stack(0x000000077fe00000,0x000000077ff00000)]
  0x00000155525b7800 JavaThread "Asynchronous log dispatcher for DefaultDaemonConnection: socket connection from /127.0.0.1:57897 to /127.0.0.1:57903" [_thread_blocked, id=16992, stack(0x000000077ff00000,0x0000000780000000)]
  0x0000015552b03000 JavaThread "Stdin handler" [_thread_blocked, id=28224, stack(0x0000000700000000,0x0000000700100000)]
  0x0000015551f58800 JavaThread "Daemon client event forwarder" [_thread_blocked, id=13888, stack(0x0000000700100000,0x0000000700200000)]
  0x0000015551e0f800 JavaThread "Cache worker for journal cache (C:\Users\wwwu\.gradle\caches\journal-1)" [_thread_blocked, id=22936, stack(0x0000000700200000,0x0000000700300000)]
  0x0000015551e12000 JavaThread "File lock request listener" [_thread_in_native, id=36200, stack(0x0000000700600000,0x0000000700700000)]
  0x0000015551e11800 JavaThread "File lock release action executor" [_thread_blocked, id=1228, stack(0x0000000700700000,0x0000000700800000)]
  0x0000015551e10800 JavaThread "Cache worker for file hash cache (C:\Users\wwwu\.gradle\caches\8.0.1\fileHashes)" [_thread_blocked, id=20848, stack(0x0000000700800000,0x0000000700900000)]
  0x0000015553a95800 JavaThread "File watcher server" daemon [_thread_in_native, id=39844, stack(0x0000000700900000,0x0000000700a00000)]
  0x0000015553a99800 JavaThread "File watcher consumer" daemon [_thread_blocked, id=31104, stack(0x0000000700a00000,0x0000000700b00000)]
  0x0000015553a99000 JavaThread "Cache worker for checksums cache (D:\mind\MindInsight\android\.gradle\8.0.1\checksums)" [_thread_blocked, id=37996, stack(0x0000000700b00000,0x0000000700c00000)]
  0x0000015553a94000 JavaThread "Cache worker for cache directory md-rule (C:\Users\wwwu\.gradle\caches\8.0.1\md-rule)" [_thread_blocked, id=33080, stack(0x0000000700c00000,0x0000000700d00000)]
  0x0000015553a9a800 JavaThread "Cache worker for file content cache (C:\Users\wwwu\.gradle\caches\8.0.1\fileContent)" [_thread_blocked, id=27688, stack(0x0000000700d00000,0x0000000700e00000)]
  0x0000015553a97000 JavaThread "Cache worker for file hash cache (D:\mind\MindInsight\android\.gradle\8.0.1\fileHashes)" [_thread_blocked, id=37792, stack(0x0000000700e00000,0x0000000700f00000)]
  0x0000015553a95000 JavaThread "Cache worker for cache directory md-supplier (C:\Users\wwwu\.gradle\caches\8.0.1\md-supplier)" [_thread_blocked, id=39940, stack(0x0000000700f00000,0x0000000701000000)]
  0x0000015553a96800 JavaThread "Cache worker for execution history cache (C:\Users\wwwu\.gradle\caches\8.0.1\executionHistory)" [_thread_blocked, id=22608, stack(0x0000000701000000,0x0000000701100000)]

Other Threads:
  0x00000155511c6000 VMThread "VM Thread" [stack: 0x000000077e600000,0x000000077e700000] [id=24168]
  0x0000015551bdb800 WatcherThread [stack: 0x000000077f000000,0x000000077f100000] [id=31452]
  0x0000015532506800 GCTaskThread "GC Thread#0" [stack: 0x000000077e100000,0x000000077e200000] [id=29172]
  0x0000015552a9c000 GCTaskThread "GC Thread#1" [stack: 0x000000077f100000,0x000000077f200000] [id=40112]
  0x00000155525d8000 GCTaskThread "GC Thread#2" [stack: 0x000000077f200000,0x000000077f300000] [id=39388]
  0x00000155529fa000 GCTaskThread "GC Thread#3" [stack: 0x000000077f300000,0x000000077f400000] [id=12544]
  0x00000155529fa800 GCTaskThread "GC Thread#4" [stack: 0x000000077f400000,0x000000077f500000] [id=30104]
  0x00000155529fc800 GCTaskThread "GC Thread#5" [stack: 0x000000077f500000,0x000000077f600000] [id=17316]
  0x0000015552b03800 GCTaskThread "GC Thread#6" [stack: 0x0000000700300000,0x0000000700400000] [id=27712]
  0x0000015551f59000 GCTaskThread "GC Thread#7" [stack: 0x0000000700400000,0x0000000700500000] [id=30884]
  0x0000015532537800 ConcurrentGCThread "G1 Main Marker" [stack: 0x000000077e200000,0x000000077e300000] [id=31600]
  0x000001553253a000 ConcurrentGCThread "G1 Conc#0" [stack: 0x000000077e300000,0x000000077e400000] [id=29988]
  0x000001555256d000 ConcurrentGCThread "G1 Conc#1" [stack: 0x0000000700500000,0x0000000700600000] [id=10132]
  0x00000155325ce000 ConcurrentGCThread "G1 Refine#0" [stack: 0x000000077e400000,0x000000077e500000] [id=38372]
  0x000001555105c800 ConcurrentGCThread "G1 Young RemSet Sampling" [stack: 0x000000077e500000,0x000000077e600000] [id=20696]

Threads with active compile tasks:
C2 CompilerThread02844   !   4       java.lang.reflect.Executable::declaredAnnotations (85 bytes)
C1 CompilerThread02861       3       org.objectweb.asm.MethodWriter::putMethodInfo (1274 bytes)

VM state:not at safepoint (normal execution)

VM Mutex/Monitor currently owned by a thread: None

Heap address: 0x0000000080000000, size: 2048 MB, Compressed Oops mode: 32-bit
Narrow klass base: 0x0000000000000000, Narrow klass shift: 3
Compressed class space size: 528482304 Address: 0x0000000100000000

Heap:
 garbage-first heap   total 260096K, used 74785K [0x0000000080000000, 0x0000000100000000)
  region size 1024K, 57 young (58368K), 3 survivors (3072K)
 Metaspace       used 31465K, capacity 32286K, committed 32432K, reserved 544768K
  class space    used 4194K, capacity 4500K, committed 4608K, reserved 516096K
Heap Regions: E=young(eden), S=young(survivor), O=old, HS=humongous(starts), HC=humongous(continues), CS=collection set, F=free, A=archive, TAMS=top-at-mark-start (previous, next)
|   0|0x0000000080000000, 0x0000000080100000, 0x0000000080100000|100%|HS|  |TAMS 0x0000000080100000, 0x0000000080000000| Complete 
|   1|0x0000000080100000, 0x0000000080200000, 0x0000000080200000|100%|HC|  |TAMS 0x0000000080200000, 0x0000000080100000| Complete 
|   2|0x0000000080200000, 0x0000000080300000, 0x0000000080300000|100%|HC|  |TAMS 0x0000000080300000, 0x0000000080200000| Complete 
|   3|0x0000000080300000, 0x0000000080400000, 0x0000000080400000|100%|HC|  |TAMS 0x0000000080400000, 0x0000000080300000| Complete 
|   4|0x0000000080400000, 0x0000000080500000, 0x0000000080500000|100%| O|  |TAMS 0x0000000080500000, 0x0000000080400000| Untracked 
|   5|0x0000000080500000, 0x0000000080600000, 0x0000000080600000|100%| O|  |TAMS 0x0000000080600000, 0x0000000080500000| Untracked 
|   6|0x0000000080600000, 0x0000000080700000, 0x0000000080700000|100%| O|  |TAMS 0x0000000080700000, 0x0000000080600000| Untracked 
|   7|0x0000000080700000, 0x0000000080800000, 0x0000000080800000|100%| O|  |TAMS 0x000000008073ca00, 0x0000000080700000| Untracked 
|   8|0x0000000080800000, 0x0000000080900000, 0x0000000080900000|100%| O|  |TAMS 0x0000000080800000, 0x0000000080800000| Untracked 
|   9|0x0000000080900000, 0x0000000080a00000, 0x0000000080a00000|100%| O|  |TAMS 0x0000000080900000, 0x0000000080900000| Untracked 
|  10|0x0000000080a00000, 0x0000000080b00000, 0x0000000080b00000|100%| O|  |TAMS 0x0000000080a00000, 0x0000000080a00000| Untracked 
|  11|0x0000000080b00000, 0x0000000080c00000, 0x0000000080c00000|100%| O|  |TAMS 0x0000000080b00000, 0x0000000080b00000| Untracked 
|  12|0x0000000080c00000, 0x0000000080d00000, 0x0000000080d00000|100%| O|  |TAMS 0x0000000080c00000, 0x0000000080c00000| Untracked 
|  13|0x0000000080d00000, 0x0000000080e00000, 0x0000000080e00000|100%| O|  |TAMS 0x0000000080d00000, 0x0000000080d00000| Untracked 
|  14|0x0000000080e00000, 0x0000000080f00000, 0x0000000080f00000|100%| O|  |TAMS 0x0000000080e00000, 0x0000000080e00000| Untracked 
|  15|0x0000000080f00000, 0x0000000081000000, 0x0000000081000000|100%| O|  |TAMS 0x0000000080f00000, 0x0000000080f00000| Untracked 
|  16|0x0000000081000000, 0x0000000081100000, 0x0000000081100000|100%| O|  |TAMS 0x0000000081000000, 0x0000000081000000| Untracked 
|  17|0x0000000081100000, 0x0000000081162c00, 0x0000000081200000| 38%| O|  |TAMS 0x0000000081100000, 0x0000000081100000| Untracked 
|  18|0x0000000081200000, 0x0000000081200000, 0x0000000081300000|  0%| F|  |TAMS 0x0000000081200000, 0x0000000081200000| Untracked 
|  19|0x0000000081300000, 0x0000000081300000, 0x0000000081400000|  0%| F|  |TAMS 0x0000000081300000, 0x0000000081300000| Untracked 
|  20|0x0000000081400000, 0x0000000081400000, 0x0000000081500000|  0%| F|  |TAMS 0x0000000081400000, 0x0000000081400000| Untracked 
|  21|0x0000000081500000, 0x0000000081500000, 0x0000000081600000|  0%| F|  |TAMS 0x0000000081500000, 0x0000000081500000| Untracked 
|  22|0x0000000081600000, 0x0000000081600000, 0x0000000081700000|  0%| F|  |TAMS 0x0000000081600000, 0x0000000081600000| Untracked 
|  23|0x0000000081700000, 0x0000000081700000, 0x0000000081800000|  0%| F|  |TAMS 0x0000000081700000, 0x0000000081700000| Untracked 
|  24|0x0000000081800000, 0x0000000081800000, 0x0000000081900000|  0%| F|  |TAMS 0x0000000081800000, 0x0000000081800000| Untracked 
|  25|0x0000000081900000, 0x0000000081900000, 0x0000000081a00000|  0%| F|  |TAMS 0x0000000081900000, 0x0000000081900000| Untracked 
|  26|0x0000000081a00000, 0x0000000081a00000, 0x0000000081b00000|  0%| F|  |TAMS 0x0000000081a00000, 0x0000000081a00000| Untracked 
|  27|0x0000000081b00000, 0x0000000081b00000, 0x0000000081c00000|  0%| F|  |TAMS 0x0000000081b00000, 0x0000000081b00000| Untracked 
|  28|0x0000000081c00000, 0x0000000081c00000, 0x0000000081d00000|  0%| F|  |TAMS 0x0000000081c00000, 0x0000000081c00000| Untracked 
|  29|0x0000000081d00000, 0x0000000081d00000, 0x0000000081e00000|  0%| F|  |TAMS 0x0000000081d00000, 0x0000000081d00000| Untracked 
|  30|0x0000000081e00000, 0x0000000081e00000, 0x0000000081f00000|  0%| F|  |TAMS 0x0000000081e00000, 0x0000000081e00000| Untracked 
|  31|0x0000000081f00000, 0x0000000081f00000, 0x0000000082000000|  0%| F|  |TAMS 0x0000000081f00000, 0x0000000081f00000| Untracked 
|  32|0x0000000082000000, 0x0000000082000000, 0x0000000082100000|  0%| F|  |TAMS 0x0000000082000000, 0x0000000082000000| Untracked 
|  33|0x0000000082100000, 0x0000000082100000, 0x0000000082200000|  0%| F|  |TAMS 0x0000000082100000, 0x0000000082100000| Untracked 
|  34|0x0000000082200000, 0x0000000082200000, 0x0000000082300000|  0%| F|  |TAMS 0x0000000082200000, 0x0000000082200000| Untracked 
|  35|0x0000000082300000, 0x0000000082300000, 0x0000000082400000|  0%| F|  |TAMS 0x0000000082300000, 0x0000000082300000| Untracked 
|  36|0x0000000082400000, 0x0000000082400000, 0x0000000082500000|  0%| F|  |TAMS 0x0000000082400000, 0x0000000082400000| Untracked 
|  37|0x0000000082500000, 0x0000000082500000, 0x0000000082600000|  0%| F|  |TAMS 0x0000000082500000, 0x0000000082500000| Untracked 
|  38|0x0000000082600000, 0x0000000082600000, 0x0000000082700000|  0%| F|  |TAMS 0x0000000082600000, 0x0000000082600000| Untracked 
|  39|0x0000000082700000, 0x0000000082700000, 0x0000000082800000|  0%| F|  |TAMS 0x0000000082700000, 0x0000000082700000| Untracked 
|  40|0x0000000082800000, 0x0000000082800000, 0x0000000082900000|  0%| F|  |TAMS 0x0000000082800000, 0x0000000082800000| Untracked 
|  41|0x0000000082900000, 0x0000000082900000, 0x0000000082a00000|  0%| F|  |TAMS 0x0000000082900000, 0x0000000082900000| Untracked 
|  42|0x0000000082a00000, 0x0000000082a00000, 0x0000000082b00000|  0%| F|  |TAMS 0x0000000082a00000, 0x0000000082a00000| Untracked 
|  43|0x0000000082b00000, 0x0000000082b00000, 0x0000000082c00000|  0%| F|  |TAMS 0x0000000082b00000, 0x0000000082b00000| Untracked 
|  44|0x0000000082c00000, 0x0000000082c00000, 0x0000000082d00000|  0%| F|  |TAMS 0x0000000082c00000, 0x0000000082c00000| Untracked 
|  45|0x0000000082d00000, 0x0000000082d00000, 0x0000000082e00000|  0%| F|  |TAMS 0x0000000082d00000, 0x0000000082d00000| Untracked 
|  46|0x0000000082e00000, 0x0000000082e00000, 0x0000000082f00000|  0%| F|  |TAMS 0x0000000082e00000, 0x0000000082e00000| Untracked 
|  47|0x0000000082f00000, 0x0000000082f00000, 0x0000000083000000|  0%| F|  |TAMS 0x0000000082f00000, 0x0000000082f00000| Untracked 
|  48|0x0000000083000000, 0x0000000083000000, 0x0000000083100000|  0%| F|  |TAMS 0x0000000083000000, 0x0000000083000000| Untracked 
|  49|0x0000000083100000, 0x0000000083100000, 0x0000000083200000|  0%| F|  |TAMS 0x0000000083100000, 0x0000000083100000| Untracked 
|  50|0x0000000083200000, 0x0000000083200000, 0x0000000083300000|  0%| F|  |TAMS 0x0000000083200000, 0x0000000083200000| Untracked 
|  51|0x0000000083300000, 0x0000000083300000, 0x0000000083400000|  0%| F|  |TAMS 0x0000000083300000, 0x0000000083300000| Untracked 
|  52|0x0000000083400000, 0x0000000083400000, 0x0000000083500000|  0%| F|  |TAMS 0x0000000083400000, 0x0000000083400000| Untracked 
|  53|0x0000000083500000, 0x0000000083500000, 0x0000000083600000|  0%| F|  |TAMS 0x0000000083500000, 0x0000000083500000| Untracked 
|  54|0x0000000083600000, 0x0000000083600000, 0x0000000083700000|  0%| F|  |TAMS 0x0000000083600000, 0x0000000083600000| Untracked 
|  55|0x0000000083700000, 0x0000000083700000, 0x0000000083800000|  0%| F|  |TAMS 0x0000000083700000, 0x0000000083700000| Untracked 
|  56|0x0000000083800000, 0x0000000083800000, 0x0000000083900000|  0%| F|  |TAMS 0x0000000083800000, 0x0000000083800000| Untracked 
|  57|0x0000000083900000, 0x0000000083900000, 0x0000000083a00000|  0%| F|  |TAMS 0x0000000083900000, 0x0000000083900000| Untracked 
|  58|0x0000000083a00000, 0x0000000083a00000, 0x0000000083b00000|  0%| F|  |TAMS 0x0000000083a00000, 0x0000000083a00000| Untracked 
|  59|0x0000000083b00000, 0x0000000083b00000, 0x0000000083c00000|  0%| F|  |TAMS 0x0000000083b00000, 0x0000000083b00000| Untracked 
|  60|0x0000000083c00000, 0x0000000083c00000, 0x0000000083d00000|  0%| F|  |TAMS 0x0000000083c00000, 0x0000000083c00000| Untracked 
|  61|0x0000000083d00000, 0x0000000083d00000, 0x0000000083e00000|  0%| F|  |TAMS 0x0000000083d00000, 0x0000000083d00000| Untracked 
|  62|0x0000000083e00000, 0x0000000083e00000, 0x0000000083f00000|  0%| F|  |TAMS 0x0000000083e00000, 0x0000000083e00000| Untracked 
|  63|0x0000000083f00000, 0x0000000083f00000, 0x0000000084000000|  0%| F|  |TAMS 0x0000000083f00000, 0x0000000083f00000| Untracked 
|  64|0x0000000084000000, 0x0000000084000000, 0x0000000084100000|  0%| F|  |TAMS 0x0000000084000000, 0x0000000084000000| Untracked 
|  65|0x0000000084100000, 0x0000000084100000, 0x0000000084200000|  0%| F|  |TAMS 0x0000000084100000, 0x0000000084100000| Untracked 
|  66|0x0000000084200000, 0x0000000084200000, 0x0000000084300000|  0%| F|  |TAMS 0x0000000084200000, 0x0000000084200000| Untracked 
|  67|0x0000000084300000, 0x0000000084300000, 0x0000000084400000|  0%| F|  |TAMS 0x0000000084300000, 0x0000000084300000| Untracked 
|  68|0x0000000084400000, 0x0000000084400000, 0x0000000084500000|  0%| F|  |TAMS 0x0000000084400000, 0x0000000084400000| Untracked 
|  69|0x0000000084500000, 0x0000000084500000, 0x0000000084600000|  0%| F|  |TAMS 0x0000000084500000, 0x0000000084500000| Untracked 
|  70|0x0000000084600000, 0x0000000084600000, 0x0000000084700000|  0%| F|  |TAMS 0x0000000084600000, 0x0000000084600000| Untracked 
|  71|0x0000000084700000, 0x0000000084700000, 0x0000000084800000|  0%| F|  |TAMS 0x0000000084700000, 0x0000000084700000| Untracked 
|  72|0x0000000084800000, 0x0000000084800000, 0x0000000084900000|  0%| F|  |TAMS 0x0000000084800000, 0x0000000084800000| Untracked 
|  73|0x0000000084900000, 0x0000000084900000, 0x0000000084a00000|  0%| F|  |TAMS 0x0000000084900000, 0x0000000084900000| Untracked 
|  74|0x0000000084a00000, 0x0000000084a00000, 0x0000000084b00000|  0%| F|  |TAMS 0x0000000084a00000, 0x0000000084a00000| Untracked 
|  75|0x0000000084b00000, 0x0000000084b00000, 0x0000000084c00000|  0%| F|  |TAMS 0x0000000084b00000, 0x0000000084b00000| Untracked 
|  76|0x0000000084c00000, 0x0000000084c00000, 0x0000000084d00000|  0%| F|  |TAMS 0x0000000084c00000, 0x0000000084c00000| Untracked 
|  77|0x0000000084d00000, 0x0000000084d00000, 0x0000000084e00000|  0%| F|  |TAMS 0x0000000084d00000, 0x0000000084d00000| Untracked 
|  78|0x0000000084e00000, 0x0000000084e00000, 0x0000000084f00000|  0%| F|  |TAMS 0x0000000084e00000, 0x0000000084e00000| Untracked 
|  79|0x0000000084f00000, 0x0000000084f00000, 0x0000000085000000|  0%| F|  |TAMS 0x0000000084f00000, 0x0000000084f00000| Untracked 
|  80|0x0000000085000000, 0x0000000085000000, 0x0000000085100000|  0%| F|  |TAMS 0x0000000085000000, 0x0000000085000000| Untracked 
|  81|0x0000000085100000, 0x0000000085100000, 0x0000000085200000|  0%| F|  |TAMS 0x0000000085100000, 0x0000000085100000| Untracked 
|  82|0x0000000085200000, 0x0000000085200000, 0x0000000085300000|  0%| F|  |TAMS 0x0000000085200000, 0x0000000085200000| Untracked 
|  83|0x0000000085300000, 0x0000000085300000, 0x0000000085400000|  0%| F|  |TAMS 0x0000000085300000, 0x0000000085300000| Untracked 
|  84|0x0000000085400000, 0x0000000085400000, 0x0000000085500000|  0%| F|  |TAMS 0x0000000085400000, 0x0000000085400000| Untracked 
|  85|0x0000000085500000, 0x0000000085500000, 0x0000000085600000|  0%| F|  |TAMS 0x0000000085500000, 0x0000000085500000| Untracked 
|  86|0x0000000085600000, 0x0000000085600000, 0x0000000085700000|  0%| F|  |TAMS 0x0000000085600000, 0x0000000085600000| Untracked 
|  87|0x0000000085700000, 0x0000000085700000, 0x0000000085800000|  0%| F|  |TAMS 0x0000000085700000, 0x0000000085700000| Untracked 
|  88|0x0000000085800000, 0x0000000085800000, 0x0000000085900000|  0%| F|  |TAMS 0x0000000085800000, 0x0000000085800000| Untracked 
|  89|0x0000000085900000, 0x0000000085900000, 0x0000000085a00000|  0%| F|  |TAMS 0x0000000085900000, 0x0000000085900000| Untracked 
|  90|0x0000000085a00000, 0x0000000085a00000, 0x0000000085b00000|  0%| F|  |TAMS 0x0000000085a00000, 0x0000000085a00000| Untracked 
|  91|0x0000000085b00000, 0x0000000085b00000, 0x0000000085c00000|  0%| F|  |TAMS 0x0000000085b00000, 0x0000000085b00000| Untracked 
|  92|0x0000000085c00000, 0x0000000085c00000, 0x0000000085d00000|  0%| F|  |TAMS 0x0000000085c00000, 0x0000000085c00000| Untracked 
|  93|0x0000000085d00000, 0x0000000085d00000, 0x0000000085e00000|  0%| F|  |TAMS 0x0000000085d00000, 0x0000000085d00000| Untracked 
|  94|0x0000000085e00000, 0x0000000085e00000, 0x0000000085f00000|  0%| F|  |TAMS 0x0000000085e00000, 0x0000000085e00000| Untracked 
|  95|0x0000000085f00000, 0x0000000085f00000, 0x0000000086000000|  0%| F|  |TAMS 0x0000000085f00000, 0x0000000085f00000| Untracked 
|  96|0x0000000086000000, 0x0000000086000000, 0x0000000086100000|  0%| F|  |TAMS 0x0000000086000000, 0x0000000086000000| Untracked 
|  97|0x0000000086100000, 0x0000000086100000, 0x0000000086200000|  0%| F|  |TAMS 0x0000000086100000, 0x0000000086100000| Untracked 
|  98|0x0000000086200000, 0x0000000086200000, 0x0000000086300000|  0%| F|  |TAMS 0x0000000086200000, 0x0000000086200000| Untracked 
|  99|0x0000000086300000, 0x0000000086300000, 0x0000000086400000|  0%| F|  |TAMS 0x0000000086300000, 0x0000000086300000| Untracked 
| 100|0x0000000086400000, 0x0000000086400000, 0x0000000086500000|  0%| F|  |TAMS 0x0000000086400000, 0x0000000086400000| Untracked 
| 101|0x0000000086500000, 0x0000000086500000, 0x0000000086600000|  0%| F|  |TAMS 0x0000000086500000, 0x0000000086500000| Untracked 
| 102|0x0000000086600000, 0x0000000086600000, 0x0000000086700000|  0%| F|  |TAMS 0x0000000086600000, 0x0000000086600000| Untracked 
| 103|0x0000000086700000, 0x0000000086700000, 0x0000000086800000|  0%| F|  |TAMS 0x0000000086700000, 0x0000000086700000| Untracked 
| 104|0x0000000086800000, 0x0000000086800000, 0x0000000086900000|  0%| F|  |TAMS 0x0000000086800000, 0x0000000086800000| Untracked 
| 105|0x0000000086900000, 0x0000000086900000, 0x0000000086a00000|  0%| F|  |TAMS 0x0000000086900000, 0x0000000086900000| Untracked 
| 106|0x0000000086a00000, 0x0000000086a00000, 0x0000000086b00000|  0%| F|  |TAMS 0x0000000086a00000, 0x0000000086a00000| Untracked 
| 107|0x0000000086b00000, 0x0000000086b00000, 0x0000000086c00000|  0%| F|  |TAMS 0x0000000086b00000, 0x0000000086b00000| Untracked 
| 108|0x0000000086c00000, 0x0000000086c00000, 0x0000000086d00000|  0%| F|  |TAMS 0x0000000086c00000, 0x0000000086c00000| Untracked 
| 109|0x0000000086d00000, 0x0000000086d00000, 0x0000000086e00000|  0%| F|  |TAMS 0x0000000086d00000, 0x0000000086d00000| Untracked 
| 110|0x0000000086e00000, 0x0000000086e00000, 0x0000000086f00000|  0%| F|  |TAMS 0x0000000086e00000, 0x0000000086e00000| Untracked 
| 111|0x0000000086f00000, 0x0000000086f00000, 0x0000000087000000|  0%| F|  |TAMS 0x0000000086f00000, 0x0000000086f00000| Untracked 
| 112|0x0000000087000000, 0x0000000087000000, 0x0000000087100000|  0%| F|  |TAMS 0x0000000087000000, 0x0000000087000000| Untracked 
| 113|0x0000000087100000, 0x0000000087100000, 0x0000000087200000|  0%| F|  |TAMS 0x0000000087100000, 0x0000000087100000| Untracked 
| 114|0x0000000087200000, 0x0000000087200000, 0x0000000087300000|  0%| F|  |TAMS 0x0000000087200000, 0x0000000087200000| Untracked 
| 115|0x0000000087300000, 0x0000000087300000, 0x0000000087400000|  0%| F|  |TAMS 0x0000000087300000, 0x0000000087300000| Untracked 
| 116|0x0000000087400000, 0x0000000087400000, 0x0000000087500000|  0%| F|  |TAMS 0x0000000087400000, 0x0000000087400000| Untracked 
| 117|0x0000000087500000, 0x0000000087500000, 0x0000000087600000|  0%| F|  |TAMS 0x0000000087500000, 0x0000000087500000| Untracked 
| 118|0x0000000087600000, 0x0000000087600000, 0x0000000087700000|  0%| F|  |TAMS 0x0000000087600000, 0x0000000087600000| Untracked 
| 119|0x0000000087700000, 0x0000000087700000, 0x0000000087800000|  0%| F|  |TAMS 0x0000000087700000, 0x0000000087700000| Untracked 
| 120|0x0000000087800000, 0x0000000087800000, 0x0000000087900000|  0%| F|  |TAMS 0x0000000087800000, 0x0000000087800000| Untracked 
| 121|0x0000000087900000, 0x0000000087900000, 0x0000000087a00000|  0%| F|  |TAMS 0x0000000087900000, 0x0000000087900000| Untracked 
| 122|0x0000000087a00000, 0x0000000087a00000, 0x0000000087b00000|  0%| F|  |TAMS 0x0000000087a00000, 0x0000000087a00000| Untracked 
| 123|0x0000000087b00000, 0x0000000087b00000, 0x0000000087c00000|  0%| F|  |TAMS 0x0000000087b00000, 0x0000000087b00000| Untracked 
| 124|0x0000000087c00000, 0x0000000087c00000, 0x0000000087d00000|  0%| F|  |TAMS 0x0000000087c00000, 0x0000000087c00000| Untracked 
| 125|0x0000000087d00000, 0x0000000087d00000, 0x0000000087e00000|  0%| F|  |TAMS 0x0000000087d00000, 0x0000000087d00000| Untracked 
| 126|0x0000000087e00000, 0x0000000087e00000, 0x0000000087f00000|  0%| F|  |TAMS 0x0000000087e00000, 0x0000000087e00000| Untracked 
| 127|0x0000000087f00000, 0x0000000087f00000, 0x0000000088000000|  0%| F|  |TAMS 0x0000000087f00000, 0x0000000087f00000| Untracked 
| 128|0x0000000088000000, 0x0000000088000000, 0x0000000088100000|  0%| F|  |TAMS 0x0000000088000000, 0x0000000088000000| Untracked 
| 129|0x0000000088100000, 0x0000000088100000, 0x0000000088200000|  0%| F|  |TAMS 0x0000000088100000, 0x0000000088100000| Untracked 
| 130|0x0000000088200000, 0x0000000088200000, 0x0000000088300000|  0%| F|  |TAMS 0x0000000088200000, 0x0000000088200000| Untracked 
| 131|0x0000000088300000, 0x0000000088300000, 0x0000000088400000|  0%| F|  |TAMS 0x0000000088300000, 0x0000000088300000| Untracked 
| 132|0x0000000088400000, 0x0000000088400000, 0x0000000088500000|  0%| F|  |TAMS 0x0000000088400000, 0x0000000088400000| Untracked 
| 133|0x0000000088500000, 0x0000000088500000, 0x0000000088600000|  0%| F|  |TAMS 0x0000000088500000, 0x0000000088500000| Untracked 
| 134|0x0000000088600000, 0x0000000088600000, 0x0000000088700000|  0%| F|  |TAMS 0x0000000088600000, 0x0000000088600000| Untracked 
| 135|0x0000000088700000, 0x0000000088700000, 0x0000000088800000|  0%| F|  |TAMS 0x0000000088700000, 0x0000000088700000| Untracked 
| 136|0x0000000088800000, 0x0000000088800000, 0x0000000088900000|  0%| F|  |TAMS 0x0000000088800000, 0x0000000088800000| Untracked 
| 137|0x0000000088900000, 0x0000000088900000, 0x0000000088a00000|  0%| F|  |TAMS 0x0000000088900000, 0x0000000088900000| Untracked 
| 138|0x0000000088a00000, 0x0000000088a00000, 0x0000000088b00000|  0%| F|  |TAMS 0x0000000088a00000, 0x0000000088a00000| Untracked 
| 139|0x0000000088b00000, 0x0000000088b00000, 0x0000000088c00000|  0%| F|  |TAMS 0x0000000088b00000, 0x0000000088b00000| Untracked 
| 140|0x0000000088c00000, 0x0000000088c00000, 0x0000000088d00000|  0%| F|  |TAMS 0x0000000088c00000, 0x0000000088c00000| Untracked 
| 141|0x0000000088d00000, 0x0000000088d00000, 0x0000000088e00000|  0%| F|  |TAMS 0x0000000088d00000, 0x0000000088d00000| Untracked 
| 142|0x0000000088e00000, 0x0000000088e00000, 0x0000000088f00000|  0%| F|  |TAMS 0x0000000088e00000, 0x0000000088e00000| Untracked 
| 143|0x0000000088f00000, 0x0000000088f00000, 0x0000000089000000|  0%| F|  |TAMS 0x0000000088f00000, 0x0000000088f00000| Untracked 
| 144|0x0000000089000000, 0x0000000089000000, 0x0000000089100000|  0%| F|  |TAMS 0x0000000089000000, 0x0000000089000000| Untracked 
| 145|0x0000000089100000, 0x0000000089100000, 0x0000000089200000|  0%| F|  |TAMS 0x0000000089100000, 0x0000000089100000| Untracked 
| 146|0x0000000089200000, 0x0000000089200000, 0x0000000089300000|  0%| F|  |TAMS 0x0000000089200000, 0x0000000089200000| Untracked 
| 147|0x0000000089300000, 0x0000000089300000, 0x0000000089400000|  0%| F|  |TAMS 0x0000000089300000, 0x0000000089300000| Untracked 
| 148|0x0000000089400000, 0x0000000089400000, 0x0000000089500000|  0%| F|  |TAMS 0x0000000089400000, 0x0000000089400000| Untracked 
| 149|0x0000000089500000, 0x0000000089500000, 0x0000000089600000|  0%| F|  |TAMS 0x0000000089500000, 0x0000000089500000| Untracked 
| 150|0x0000000089600000, 0x0000000089600000, 0x0000000089700000|  0%| F|  |TAMS 0x0000000089600000, 0x0000000089600000| Untracked 
| 151|0x0000000089700000, 0x0000000089700000, 0x0000000089800000|  0%| F|  |TAMS 0x0000000089700000, 0x0000000089700000| Untracked 
| 152|0x0000000089800000, 0x0000000089800000, 0x0000000089900000|  0%| F|  |TAMS 0x0000000089800000, 0x0000000089800000| Untracked 
| 153|0x0000000089900000, 0x0000000089900000, 0x0000000089a00000|  0%| F|  |TAMS 0x0000000089900000, 0x0000000089900000| Untracked 
| 154|0x0000000089a00000, 0x0000000089a00000, 0x0000000089b00000|  0%| F|  |TAMS 0x0000000089a00000, 0x0000000089a00000| Untracked 
| 155|0x0000000089b00000, 0x0000000089b00000, 0x0000000089c00000|  0%| F|  |TAMS 0x0000000089b00000, 0x0000000089b00000| Untracked 
| 156|0x0000000089c00000, 0x0000000089c00000, 0x0000000089d00000|  0%| F|  |TAMS 0x0000000089c00000, 0x0000000089c00000| Untracked 
| 157|0x0000000089d00000, 0x0000000089d00000, 0x0000000089e00000|  0%| F|  |TAMS 0x0000000089d00000, 0x0000000089d00000| Untracked 
| 158|0x0000000089e00000, 0x0000000089e00000, 0x0000000089f00000|  0%| F|  |TAMS 0x0000000089e00000, 0x0000000089e00000| Untracked 
| 159|0x0000000089f00000, 0x0000000089f00000, 0x000000008a000000|  0%| F|  |TAMS 0x0000000089f00000, 0x0000000089f00000| Untracked 
| 160|0x000000008a000000, 0x000000008a000000, 0x000000008a100000|  0%| F|  |TAMS 0x000000008a000000, 0x000000008a000000| Untracked 
| 161|0x000000008a100000, 0x000000008a100000, 0x000000008a200000|  0%| F|  |TAMS 0x000000008a100000, 0x000000008a100000| Untracked 
| 162|0x000000008a200000, 0x000000008a200000, 0x000000008a300000|  0%| F|  |TAMS 0x000000008a200000, 0x000000008a200000| Untracked 
| 163|0x000000008a300000, 0x000000008a300000, 0x000000008a400000|  0%| F|  |TAMS 0x000000008a300000, 0x000000008a300000| Untracked 
| 164|0x000000008a400000, 0x000000008a400000, 0x000000008a500000|  0%| F|  |TAMS 0x000000008a400000, 0x000000008a400000| Untracked 
| 165|0x000000008a500000, 0x000000008a500000, 0x000000008a600000|  0%| F|  |TAMS 0x000000008a500000, 0x000000008a500000| Untracked 
| 166|0x000000008a600000, 0x000000008a600000, 0x000000008a700000|  0%| F|  |TAMS 0x000000008a600000, 0x000000008a600000| Untracked 
| 167|0x000000008a700000, 0x000000008a700000, 0x000000008a800000|  0%| F|  |TAMS 0x000000008a700000, 0x000000008a700000| Untracked 
| 168|0x000000008a800000, 0x000000008a800000, 0x000000008a900000|  0%| F|  |TAMS 0x000000008a800000, 0x000000008a800000| Untracked 
| 169|0x000000008a900000, 0x000000008a900000, 0x000000008aa00000|  0%| F|  |TAMS 0x000000008a900000, 0x000000008a900000| Untracked 
| 170|0x000000008aa00000, 0x000000008aa00000, 0x000000008ab00000|  0%| F|  |TAMS 0x000000008aa00000, 0x000000008aa00000| Untracked 
| 171|0x000000008ab00000, 0x000000008ab00000, 0x000000008ac00000|  0%| F|  |TAMS 0x000000008ab00000, 0x000000008ab00000| Untracked 
| 172|0x000000008ac00000, 0x000000008ac00000, 0x000000008ad00000|  0%| F|  |TAMS 0x000000008ac00000, 0x000000008ac00000| Untracked 
| 173|0x000000008ad00000, 0x000000008ad00000, 0x000000008ae00000|  0%| F|  |TAMS 0x000000008ad00000, 0x000000008ad00000| Untracked 
| 174|0x000000008ae00000, 0x000000008ae00000, 0x000000008af00000|  0%| F|  |TAMS 0x000000008ae00000, 0x000000008ae00000| Untracked 
| 175|0x000000008af00000, 0x000000008af00000, 0x000000008b000000|  0%| F|  |TAMS 0x000000008af00000, 0x000000008af00000| Untracked 
| 176|0x000000008b000000, 0x000000008b000000, 0x000000008b100000|  0%| F|  |TAMS 0x000000008b000000, 0x000000008b000000| Untracked 
| 177|0x000000008b100000, 0x000000008b100000, 0x000000008b200000|  0%| F|  |TAMS 0x000000008b100000, 0x000000008b100000| Untracked 
| 178|0x000000008b200000, 0x000000008b200000, 0x000000008b300000|  0%| F|  |TAMS 0x000000008b200000, 0x000000008b200000| Untracked 
| 179|0x000000008b300000, 0x000000008b300000, 0x000000008b400000|  0%| F|  |TAMS 0x000000008b300000, 0x000000008b300000| Untracked 
| 180|0x000000008b400000, 0x000000008b400000, 0x000000008b500000|  0%| F|  |TAMS 0x000000008b400000, 0x000000008b400000| Untracked 
| 181|0x000000008b500000, 0x000000008b500000, 0x000000008b600000|  0%| F|  |TAMS 0x000000008b500000, 0x000000008b500000| Untracked 
| 182|0x000000008b600000, 0x000000008b600000, 0x000000008b700000|  0%| F|  |TAMS 0x000000008b600000, 0x000000008b600000| Untracked 
| 183|0x000000008b700000, 0x000000008b700000, 0x000000008b800000|  0%| F|  |TAMS 0x000000008b700000, 0x000000008b700000| Untracked 
| 184|0x000000008b800000, 0x000000008b800000, 0x000000008b900000|  0%| F|  |TAMS 0x000000008b800000, 0x000000008b800000| Untracked 
| 185|0x000000008b900000, 0x000000008b900000, 0x000000008ba00000|  0%| F|  |TAMS 0x000000008b900000, 0x000000008b900000| Untracked 
| 186|0x000000008ba00000, 0x000000008ba00000, 0x000000008bb00000|  0%| F|  |TAMS 0x000000008ba00000, 0x000000008ba00000| Untracked 
| 187|0x000000008bb00000, 0x000000008bb00000, 0x000000008bc00000|  0%| F|  |TAMS 0x000000008bb00000, 0x000000008bb00000| Untracked 
| 188|0x000000008bc00000, 0x000000008bc00000, 0x000000008bd00000|  0%| F|  |TAMS 0x000000008bc00000, 0x000000008bc00000| Untracked 
| 189|0x000000008bd00000, 0x000000008bd00000, 0x000000008be00000|  0%| F|  |TAMS 0x000000008bd00000, 0x000000008bd00000| Untracked 
| 190|0x000000008be00000, 0x000000008be00000, 0x000000008bf00000|  0%| F|  |TAMS 0x000000008be00000, 0x000000008be00000| Untracked 
| 191|0x000000008bf00000, 0x000000008bf00000, 0x000000008c000000|  0%| F|  |TAMS 0x000000008bf00000, 0x000000008bf00000| Untracked 
| 192|0x000000008c000000, 0x000000008c000000, 0x000000008c100000|  0%| F|  |TAMS 0x000000008c000000, 0x000000008c000000| Untracked 
| 193|0x000000008c100000, 0x000000008c1a5960, 0x000000008c200000| 64%| S|CS|TAMS 0x000000008c100000, 0x000000008c100000| Complete 
| 194|0x000000008c200000, 0x000000008c300000, 0x000000008c300000|100%| S|CS|TAMS 0x000000008c200000, 0x000000008c200000| Complete 
| 195|0x000000008c300000, 0x000000008c400000, 0x000000008c400000|100%| S|CS|TAMS 0x000000008c300000, 0x000000008c300000| Complete 
| 196|0x000000008c400000, 0x000000008c400000, 0x000000008c500000|  0%| F|  |TAMS 0x000000008c400000, 0x000000008c400000| Untracked 
| 197|0x000000008c500000, 0x000000008c500000, 0x000000008c600000|  0%| F|  |TAMS 0x000000008c500000, 0x000000008c500000| Untracked 
| 198|0x000000008c600000, 0x000000008c600000, 0x000000008c700000|  0%| F|  |TAMS 0x000000008c600000, 0x000000008c600000| Untracked 
| 199|0x000000008c700000, 0x000000008c780800, 0x000000008c800000| 50%| E|  |TAMS 0x000000008c700000, 0x000000008c700000| Complete 
| 200|0x000000008c800000, 0x000000008c900000, 0x000000008c900000|100%| E|CS|TAMS 0x000000008c800000, 0x000000008c800000| Complete 
| 201|0x000000008c900000, 0x000000008ca00000, 0x000000008ca00000|100%| E|CS|TAMS 0x000000008c900000, 0x000000008c900000| Complete 
| 202|0x000000008ca00000, 0x000000008cb00000, 0x000000008cb00000|100%| E|CS|TAMS 0x000000008ca00000, 0x000000008ca00000| Complete 
| 203|0x000000008cb00000, 0x000000008cc00000, 0x000000008cc00000|100%| E|CS|TAMS 0x000000008cb00000, 0x000000008cb00000| Complete 
| 204|0x000000008cc00000, 0x000000008cd00000, 0x000000008cd00000|100%| E|CS|TAMS 0x000000008cc00000, 0x000000008cc00000| Complete 
| 205|0x000000008cd00000, 0x000000008ce00000, 0x000000008ce00000|100%| E|CS|TAMS 0x000000008cd00000, 0x000000008cd00000| Complete 
| 206|0x000000008ce00000, 0x000000008cf00000, 0x000000008cf00000|100%| E|CS|TAMS 0x000000008ce00000, 0x000000008ce00000| Complete 
| 207|0x000000008cf00000, 0x000000008d000000, 0x000000008d000000|100%| E|CS|TAMS 0x000000008cf00000, 0x000000008cf00000| Complete 
| 208|0x000000008d000000, 0x000000008d100000, 0x000000008d100000|100%| E|CS|TAMS 0x000000008d000000, 0x000000008d000000| Complete 
| 209|0x000000008d100000, 0x000000008d200000, 0x000000008d200000|100%| E|CS|TAMS 0x000000008d100000, 0x000000008d100000| Complete 
| 210|0x000000008d200000, 0x000000008d300000, 0x000000008d300000|100%| E|CS|TAMS 0x000000008d200000, 0x000000008d200000| Complete 
| 211|0x000000008d300000, 0x000000008d400000, 0x000000008d400000|100%| E|CS|TAMS 0x000000008d300000, 0x000000008d300000| Complete 
| 212|0x000000008d400000, 0x000000008d500000, 0x000000008d500000|100%| E|CS|TAMS 0x000000008d400000, 0x000000008d400000| Complete 
| 213|0x000000008d500000, 0x000000008d600000, 0x000000008d600000|100%| E|CS|TAMS 0x000000008d500000, 0x000000008d500000| Complete 
| 214|0x000000008d600000, 0x000000008d700000, 0x000000008d700000|100%| E|CS|TAMS 0x000000008d600000, 0x000000008d600000| Complete 
| 215|0x000000008d700000, 0x000000008d800000, 0x000000008d800000|100%| E|CS|TAMS 0x000000008d700000, 0x000000008d700000| Complete 
| 216|0x000000008d800000, 0x000000008d900000, 0x000000008d900000|100%| E|CS|TAMS 0x000000008d800000, 0x000000008d800000| Complete 
| 217|0x000000008d900000, 0x000000008da00000, 0x000000008da00000|100%| E|CS|TAMS 0x000000008d900000, 0x000000008d900000| Complete 
| 218|0x000000008da00000, 0x000000008db00000, 0x000000008db00000|100%| E|CS|TAMS 0x000000008da00000, 0x000000008da00000| Complete 
| 219|0x000000008db00000, 0x000000008dc00000, 0x000000008dc00000|100%| E|CS|TAMS 0x000000008db00000, 0x000000008db00000| Complete 
| 220|0x000000008dc00000, 0x000000008dd00000, 0x000000008dd00000|100%| E|CS|TAMS 0x000000008dc00000, 0x000000008dc00000| Complete 
| 221|0x000000008dd00000, 0x000000008de00000, 0x000000008de00000|100%| E|CS|TAMS 0x000000008dd00000, 0x000000008dd00000| Complete 
| 222|0x000000008de00000, 0x000000008df00000, 0x000000008df00000|100%| E|CS|TAMS 0x000000008de00000, 0x000000008de00000| Complete 
| 223|0x000000008df00000, 0x000000008e000000, 0x000000008e000000|100%| E|CS|TAMS 0x000000008df00000, 0x000000008df00000| Complete 
| 224|0x000000008e000000, 0x000000008e100000, 0x000000008e100000|100%| E|CS|TAMS 0x000000008e000000, 0x000000008e000000| Complete 
| 225|0x000000008e100000, 0x000000008e200000, 0x000000008e200000|100%| E|CS|TAMS 0x000000008e100000, 0x000000008e100000| Complete 
| 226|0x000000008e200000, 0x000000008e300000, 0x000000008e300000|100%| E|CS|TAMS 0x000000008e200000, 0x000000008e200000| Complete 
| 227|0x000000008e300000, 0x000000008e400000, 0x000000008e400000|100%| E|CS|TAMS 0x000000008e300000, 0x000000008e300000| Complete 
| 228|0x000000008e400000, 0x000000008e500000, 0x000000008e500000|100%| E|CS|TAMS 0x000000008e400000, 0x000000008e400000| Complete 
| 229|0x000000008e500000, 0x000000008e600000, 0x000000008e600000|100%| E|CS|TAMS 0x000000008e500000, 0x000000008e500000| Complete 
| 230|0x000000008e600000, 0x000000008e700000, 0x000000008e700000|100%| E|CS|TAMS 0x000000008e600000, 0x000000008e600000| Complete 
| 231|0x000000008e700000, 0x000000008e800000, 0x000000008e800000|100%| E|CS|TAMS 0x000000008e700000, 0x000000008e700000| Complete 
| 232|0x000000008e800000, 0x000000008e900000, 0x000000008e900000|100%| E|CS|TAMS 0x000000008e800000, 0x000000008e800000| Complete 
| 233|0x000000008e900000, 0x000000008ea00000, 0x000000008ea00000|100%| E|CS|TAMS 0x000000008e900000, 0x000000008e900000| Complete 
| 234|0x000000008ea00000, 0x000000008eb00000, 0x000000008eb00000|100%| E|CS|TAMS 0x000000008ea00000, 0x000000008ea00000| Complete 
| 235|0x000000008eb00000, 0x000000008ec00000, 0x000000008ec00000|100%| E|CS|TAMS 0x000000008eb00000, 0x000000008eb00000| Complete 
| 236|0x000000008ec00000, 0x000000008ed00000, 0x000000008ed00000|100%| E|CS|TAMS 0x000000008ec00000, 0x000000008ec00000| Complete 
| 237|0x000000008ed00000, 0x000000008ee00000, 0x000000008ee00000|100%| E|CS|TAMS 0x000000008ed00000, 0x000000008ed00000| Complete 
| 238|0x000000008ee00000, 0x000000008ef00000, 0x000000008ef00000|100%| E|CS|TAMS 0x000000008ee00000, 0x000000008ee00000| Complete 
| 239|0x000000008ef00000, 0x000000008f000000, 0x000000008f000000|100%| E|CS|TAMS 0x000000008ef00000, 0x000000008ef00000| Complete 
| 240|0x000000008f000000, 0x000000008f100000, 0x000000008f100000|100%| E|CS|TAMS 0x000000008f000000, 0x000000008f000000| Complete 
| 241|0x000000008f100000, 0x000000008f200000, 0x000000008f200000|100%| E|CS|TAMS 0x000000008f100000, 0x000000008f100000| Complete 
| 242|0x000000008f200000, 0x000000008f300000, 0x000000008f300000|100%| E|CS|TAMS 0x000000008f200000, 0x000000008f200000| Complete 
| 243|0x000000008f300000, 0x000000008f400000, 0x000000008f400000|100%| E|CS|TAMS 0x000000008f300000, 0x000000008f300000| Complete 
| 244|0x000000008f400000, 0x000000008f500000, 0x000000008f500000|100%| E|CS|TAMS 0x000000008f400000, 0x000000008f400000| Complete 
| 245|0x000000008f500000, 0x000000008f600000, 0x000000008f600000|100%| E|CS|TAMS 0x000000008f500000, 0x000000008f500000| Complete 
| 246|0x000000008f600000, 0x000000008f700000, 0x000000008f700000|100%| E|CS|TAMS 0x000000008f600000, 0x000000008f600000| Complete 
| 247|0x000000008f700000, 0x000000008f800000, 0x000000008f800000|100%| E|CS|TAMS 0x000000008f700000, 0x000000008f700000| Complete 
| 248|0x000000008f800000, 0x000000008f900000, 0x000000008f900000|100%| E|CS|TAMS 0x000000008f800000, 0x000000008f800000| Complete 
| 249|0x000000008f900000, 0x000000008fa00000, 0x000000008fa00000|100%| E|CS|TAMS 0x000000008f900000, 0x000000008f900000| Complete 
| 250|0x000000008fa00000, 0x000000008fb00000, 0x000000008fb00000|100%| E|CS|TAMS 0x000000008fa00000, 0x000000008fa00000| Complete 
| 251|0x000000008fb00000, 0x000000008fc00000, 0x000000008fc00000|100%| E|CS|TAMS 0x000000008fb00000, 0x000000008fb00000| Complete 
| 252|0x000000008fc00000, 0x000000008fd00000, 0x000000008fd00000|100%| E|CS|TAMS 0x000000008fc00000, 0x000000008fc00000| Complete 
| 253|0x000000008fd00000, 0x000000008fe00000, 0x000000008fe00000|100%| E|CS|TAMS 0x000000008fd00000, 0x000000008fd00000| Complete 

Card table byte_map: [0x0000015549f50000,0x000001554a350000] _byte_map_base: 0x0000015549b50000

Marking Bits (Prev, Next): (CMBitMap*) 0x000001553252ee70, (CMBitMap*) 0x000001553252ee38
 Prev Bits: [0x000001554c750000, 0x000001554e750000)
 Next Bits: [0x000001554a750000, 0x000001554c750000)

Polling page: 0x0000015530430000

Metaspace:

Usage:
  Non-class:     27.20 MB capacity,    26.69 MB ( 98%) used,   443.21 KB (  2%) free+waste,    74.06 KB ( <1%) overhead. 
      Class:      4.40 MB capacity,     4.11 MB ( 93%) used,   255.86 KB (  6%) free+waste,    37.06 KB ( <1%) overhead. 
       Both:     31.59 MB capacity,    30.80 MB ( 97%) used,   699.07 KB (  2%) free+waste,   111.13 KB ( <1%) overhead. 

Virtual space:
  Non-class space:       28.00 MB reserved,      27.42 MB ( 98%) committed 
      Class space:      504.00 MB reserved,       4.50 MB ( <1%) committed 
             Both:      532.00 MB reserved,      31.92 MB (  6%) committed 

Chunk freelists:
   Non-Class:  4.50 KB
       Class:  1.38 KB
        Both:  5.88 KB

CodeHeap 'non-profiled nmethods': size=120000Kb used=1271Kb max_used=1271Kb free=118728Kb
 bounds [0x00000155422f0000, 0x0000015542560000, 0x0000015549820000]
CodeHeap 'profiled nmethods': size=120000Kb used=5725Kb max_used=5725Kb free=114274Kb
 bounds [0x000001553adc0000, 0x000001553b360000, 0x00000155422f0000]
CodeHeap 'non-nmethods': size=5760Kb used=1174Kb max_used=1207Kb free=4585Kb
 bounds [0x000001553a820000, 0x000001553aa90000, 0x000001553adc0000]
 total_blobs=4018 nmethods=2618 adapters=427
 compilation: enabled
              stopped_count=0, restarted_count=0
 full_count=0

Compilation events (10 events):
Event: 99.104 Thread 0x0000015551ad3800 2850       3       java.util.stream.AbstractPipeline::copyIntoWithCancel (46 bytes)
Event: 99.104 Thread 0x0000015551ad3800 nmethod 2850 0x000001553b355f10 code [0x000001553b356120, 0x000001553b356640]
Event: 99.104 Thread 0x0000015551ad3800 2846       3       java.util.stream.Sink::begin (1 bytes)
Event: 99.104 Thread 0x0000015551ad3800 nmethod 2846 0x000001553b356810 code [0x000001553b3569c0, 0x000001553b356b18]
Event: 99.104 Thread 0x0000015551ad3800 2848       1       com.google.common.collect.LinkedHashMultimap$ValueEntry::setSuccessorInMultimap (6 bytes)
Event: 99.104 Thread 0x0000015551ad3800 nmethod 2848 0x000001554242d210 code [0x000001554242d3c0, 0x000001554242d518]
Event: 99.104 Thread 0x0000015551ad3800 2849       1       com.google.common.collect.LinkedHashMultimap$ValueEntry::setPredecessorInMultimap (6 bytes)
Event: 99.105 Thread 0x0000015551ad3800 nmethod 2849 0x000001554242d590 code [0x000001554242d740, 0x000001554242d898]
Event: 99.105 Thread 0x0000015551ad3800 2847       1       org.gradle.internal.instantiation.generator.AbstractClassGenerator$ClassGenerationHandler::claimPropertyImplementation (2 bytes)
Event: 99.105 Thread 0x0000015551ad3800 nmethod 2847 0x000001554242d910 code [0x000001554242dac0, 0x000001554242dbd8]

GC Heap History (6 events):
Event: 9.887 GC heap before
{Heap before GC invocations=0 (full 0):
 garbage-first heap   total 260096K, used 27648K [0x0000000080000000, 0x0000000100000000)
  region size 1024K, 24 young (24576K), 0 survivors (0K)
 Metaspace       used 9982K, capacity 10205K, committed 10368K, reserved 526336K
  class space    used 1031K, capacity 1104K, committed 1152K, reserved 516096K
}
Event: 10.157 GC heap after
{Heap after GC invocations=1 (full 0):
 garbage-first heap   total 260096K, used 10482K [0x0000000080000000, 0x0000000100000000)
  region size 1024K, 3 young (3072K), 3 survivors (3072K)
 Metaspace       used 9982K, capacity 10205K, committed 10368K, reserved 526336K
  class space    used 1031K, capacity 1104K, committed 1152K, reserved 516096K
}
Event: 79.536 GC heap before
{Heap before GC invocations=1 (full 0):
 garbage-first heap   total 260096K, used 105714K [0x0000000080000000, 0x0000000100000000)
  region size 1024K, 97 young (99328K), 3 survivors (3072K)
 Metaspace       used 20776K, capacity 21241K, committed 21296K, reserved 536576K
  class space    used 2512K, capacity 2684K, committed 2688K, reserved 516096K
}
Event: 79.740 GC heap after
{Heap after GC invocations=2 (full 0):
 garbage-first heap   total 260096K, used 18092K [0x0000000080000000, 0x0000000100000000)
  region size 1024K, 11 young (11264K), 11 survivors (11264K)
 Metaspace       used 20776K, capacity 21241K, committed 21296K, reserved 536576K
  class space    used 2512K, capacity 2684K, committed 2688K, reserved 516096K
}
Event: 92.049 GC heap before
{Heap before GC invocations=3 (full 0):
 garbage-first heap   total 260096K, used 77484K [0x0000000080000000, 0x0000000100000000)
  region size 1024K, 69 young (70656K), 11 survivors (11264K)
 Metaspace       used 26377K, capacity 27024K, committed 27184K, reserved 540672K
  class space    used 3415K, capacity 3657K, committed 3712K, reserved 516096K
}
Event: 92.066 GC heap after
{Heap after GC invocations=4 (full 0):
 garbage-first heap   total 260096K, used 20513K [0x0000000080000000, 0x0000000100000000)
  region size 1024K, 3 young (3072K), 3 survivors (3072K)
 Metaspace       used 26377K, capacity 27024K, committed 27184K, reserved 540672K
  class space    used 3415K, capacity 3657K, committed 3712K, reserved 516096K
}

Deoptimization events (10 events):
Event: 81.072 Thread 0x0000015552fad800 Uncommon trap: reason=bimorphic_or_optimized_type_check action=maybe_recompile pc=0x000001554236bd5c method=java.util.AbstractList$Itr.next()Ljava/lang/Object; @ 14 c2
Event: 81.076 Thread 0x0000015552fad800 Uncommon trap: reason=unstable_if action=reinterpret pc=0x0000015542361c60 method=java.io.File.getName()Ljava/lang/String; @ 16 c2
Event: 81.076 Thread 0x0000015552fad800 Uncommon trap: reason=unstable_if action=reinterpret pc=0x000001554235e114 method=java.lang.String.substring(I)Ljava/lang/String; @ 34 c2
Event: 81.708 Thread 0x0000015552fad800 Uncommon trap: reason=intrinsic_or_type_checked_inlining action=make_not_entrant pc=0x000001554236a6f8 method=java.util.Arrays.copyOf([Ljava/lang/Object;ILjava/lang/Class;)[Ljava/lang/Object; @ 35 c2
Event: 85.100 Thread 0x0000015552fad800 Uncommon trap: reason=unstable_if action=reinterpret pc=0x00000155423b54b0 method=java.util.WeakHashMap.expungeStaleEntries()V @ 9 c2
Event: 89.724 Thread 0x0000015552fad800 Uncommon trap: reason=unstable_if action=reinterpret pc=0x0000015542330094 method=java.util.HashMap.hash(Ljava/lang/Object;)I @ 1 c2
Event: 92.078 Thread 0x0000015552fad800 Uncommon trap: reason=predicate action=maybe_recompile pc=0x00000155424068a4 method=com.google.common.base.CharMatcher.indexIn(Ljava/lang/CharSequence;I)I @ 19 c2
Event: 95.963 Thread 0x0000015552fad800 Uncommon trap: reason=unstable_if action=reinterpret pc=0x00000155423082d4 method=java.util.HashMap.hash(Ljava/lang/Object;)I @ 1 c2
Event: 95.964 Thread 0x0000015552fad800 Uncommon trap: reason=unstable_if action=reinterpret pc=0x000001554233302c method=java.util.HashMap.hash(Ljava/lang/Object;)I @ 1 c2
Event: 96.563 Thread 0x0000015552fad800 Uncommon trap: reason=unstable_if action=reinterpret pc=0x00000155424210e8 method=java.util.regex.Pattern$BmpCharProperty.match(Ljava/util/regex/Matcher;ILjava/lang/CharSequence;)Z @ 39 c2

Classes redefined (0 events):
No events

Internal exceptions (10 events):
Event: 95.346 Thread 0x0000015552fad800 Exception <a 'java/lang/NoSuchMethodError'{0x000000008eafb058}: java.lang.invoke.DirectMethodHandle$Holder.invokeSpecialIFC(Ljava/lang/Object;Ljava/lang/Object;Ljava/lang/Object;Ljava/lang/Object;)Ljava/lang/Object;> (0x000000008eafb058) thrown at [t:/wor
Event: 95.963 Thread 0x0000015552fad800 Implicit null exception at 0x00000155423080f5 to 0x00000155423082c2
Event: 95.964 Thread 0x0000015552fad800 Implicit null exception at 0x0000015542332faf to 0x000001554233301d
Event: 96.592 Thread 0x0000015552fad800 Exception <a 'java/lang/NoSuchMethodError'{0x000000008dfeac48}: java.lang.invoke.DirectMethodHandle$Holder.invokeSpecial(Ljava/lang/Object;Ljava/lang/Object;Ljava/lang/Object;Ljava/lang/Object;Ljava/lang/Object;Ljava/lang/Object;Ljava/lang/Object;Ljava/la
Event: 96.594 Thread 0x0000015552fad800 Exception <a 'java/lang/NoSuchMethodError'{0x000000008dffb538}: java.lang.invoke.Invokers$Holder.linkToTargetMethod(Ljava/lang/Object;Ljava/lang/Object;Ljava/lang/Object;Ljava/lang/Object;Ljava/lang/Object;Ljava/lang/Object;Ljava/lang/Object;Ljava/lang/Ob
Event: 96.606 Thread 0x0000015552fad800 Exception <a 'java/lang/NoSuchMethodError'{0x000000008de93278}: java.lang.invoke.DirectMethodHandle$Holder.invokeSpecial(Ljava/lang/Object;Ljava/lang/Object;Ljava/lang/Object;Ljava/lang/Object;Ljava/lang/Object;Ljava/lang/Object;Ljava/lang/Object;Ljava/la
Event: 96.607 Thread 0x0000015552fad800 Exception <a 'java/lang/NoSuchMethodError'{0x000000008dea4ae0}: java.lang.invoke.Invokers$Holder.linkToTargetMethod(Ljava/lang/Object;Ljava/lang/Object;Ljava/lang/Object;Ljava/lang/Object;Ljava/lang/Object;Ljava/lang/Object;Ljava/lang/Object;Ljava/lang/Ob
Event: 96.803 Thread 0x0000015552fad800 Exception <a 'java/lang/NoSuchMethodError'{0x000000008dddf668}: java.lang.invoke.DirectMethodHandle$Holder.invokeStaticInit(Ljava/lang/Object;Ljava/lang/Object;Ljava/lang/Object;Ljava/lang/Object;)Ljava/lang/Object;> (0x000000008dddf668) thrown at [t:/wor
Event: 98.532 Thread 0x0000015552fad800 Exception <a 'java/lang/NoSuchMethodError'{0x000000008cea3ab0}: java.lang.invoke.Invokers$Holder.linkToTargetMethod(Ljava/lang/Object;Ljava/lang/Object;Ljava/lang/Object;Ljava/lang/Object;Ljava/lang/Object;Ljava/lang/Object;Ljava/lang/Object;Ljava/lang/Ob
Event: 98.701 Thread 0x0000015552fad800 Exception <a 'java/lang/IncompatibleClassChangeError'{0x000000008cd459f8}: Found class java.lang.Object, but interface was expected> (0x000000008cd459f8) thrown at [t:/workspace/open/src/hotspot/share/interpreter/linkResolver.cpp, line 856]

Events (10 events):
Event: 99.028 loading class org/gradle/api/artifacts/UnknownConfigurationException
Event: 99.028 loading class org/gradle/api/artifacts/UnknownConfigurationException done
Event: 99.029 loading class org/gradle/api/internal/artifacts/configurations/DefaultConfiguration
Event: 99.029 loading class org/gradle/api/internal/artifacts/configurations/DefaultConfiguration done
Event: 99.035 loading class org/gradle/api/internal/artifacts/configurations/MutationValidator
Event: 99.035 loading class org/gradle/api/internal/artifacts/configurations/MutationValidator done
Event: 99.039 loading class org/gradle/api/internal/initialization/ResettableConfiguration
Event: 99.039 loading class org/gradle/api/internal/initialization/ResettableConfiguration done
Event: 99.044 loading class org/gradle/api/internal/file/AbstractFileCollection
Event: 99.044 loading class org/gradle/api/internal/file/AbstractFileCollection done


Dynamic libraries:
0x00007ff6552e0000 - 0x00007ff655327000 	C:\Program Files\Java\bin\java.exe
0x00007ffb91740000 - 0x00007ffb91949000 	C:\WINDOWS\SYSTEM32\ntdll.dll
0x00007ffb90250000 - 0x00007ffb9030e000 	C:\WINDOWS\System32\KERNEL32.DLL
0x00007ffb8ec50000 - 0x00007ffb8efd4000 	C:\WINDOWS\System32\KERNELBASE.dll
0x00007ffb91650000 - 0x00007ffb916ff000 	C:\WINDOWS\System32\ADVAPI32.dll
0x00007ffb8f940000 - 0x00007ffb8f9e3000 	C:\WINDOWS\System32\msvcrt.dll
0x00007ffb90c10000 - 0x00007ffb90cae000 	C:\WINDOWS\System32\sechost.dll
0x00007ffb905f0000 - 0x00007ffb90711000 	C:\WINDOWS\System32\RPCRT4.dll
0x00007ffb90a60000 - 0x00007ffb90c0d000 	C:\WINDOWS\System32\USER32.dll
0x00007ffb8f0a0000 - 0x00007ffb8f0c6000 	C:\WINDOWS\System32\win32u.dll
0x00007ffb90970000 - 0x00007ffb9099a000 	C:\WINDOWS\System32\GDI32.dll
0x00007ffb8f2e0000 - 0x00007ffb8f3ff000 	C:\WINDOWS\System32\gdi32full.dll
0x00007ffb8f0d0000 - 0x00007ffb8f16d000 	C:\WINDOWS\System32\msvcp_win.dll
0x00007ffb8f400000 - 0x00007ffb8f511000 	C:\WINDOWS\System32\ucrtbase.dll
0x00007ffb84130000 - 0x00007ffb8413a000 	C:\WINDOWS\SYSTEM32\VERSION.dll
0x00007ffb7be20000 - 0x00007ffb7c0c5000 	C:\WINDOWS\WinSxS\amd64_microsoft.windows.common-controls_6595b64144ccf1df_6.0.22000.120_none_9d947278b86cc467\COMCTL32.dll
0x00007ffb908b0000 - 0x00007ffb908e1000 	C:\WINDOWS\System32\IMM32.DLL
0x00007ffb7b060000 - 0x00007ffb7b076000 	C:\Program Files\Java\bin\vcruntime140.dll
0x00007ffb2faf0000 - 0x00007ffb2fb9a000 	C:\Program Files\Java\bin\msvcp140.dll
0x00007ffaf7e60000 - 0x00007ffaf89a2000 	C:\Program Files\Java\bin\server\jvm.dll
0x00007ffb8f8d0000 - 0x00007ffb8f8d8000 	C:\WINDOWS\System32\PSAPI.DLL
0x00007ffb87d00000 - 0x00007ffb87d09000 	C:\WINDOWS\SYSTEM32\WSOCK32.dll
0x00007ffb90720000 - 0x00007ffb9078f000 	C:\WINDOWS\System32\WS2_32.dll
0x00007ffb87430000 - 0x00007ffb87463000 	C:\WINDOWS\SYSTEM32\WINMM.dll
0x00007ffb8dd40000 - 0x00007ffb8dd58000 	C:\WINDOWS\SYSTEM32\kernel.appcore.dll
0x00007ffb7b040000 - 0x00007ffb7b051000 	C:\Program Files\Java\bin\verify.dll
0x00007ffb8bf50000 - 0x00007ffb8c171000 	C:\WINDOWS\SYSTEM32\DBGHELP.DLL
0x00007ffb650c0000 - 0x00007ffb650f1000 	C:\WINDOWS\SYSTEM32\dbgcore.DLL
0x00007ffb8f520000 - 0x00007ffb8f59f000 	C:\WINDOWS\System32\bcryptPrimitives.dll
0x00007ffb5f1b0000 - 0x00007ffb5f1d9000 	C:\Program Files\Java\bin\java.dll
0x00007ffb694f0000 - 0x00007ffb69506000 	C:\Program Files\Java\bin\zip.dll
0x00007ffb795e0000 - 0x00007ffb795ea000 	C:\Program Files\Java\bin\jimage.dll
0x00007ffb90cb0000 - 0x00007ffb91475000 	C:\WINDOWS\System32\SHELL32.dll
0x00007ffb8ccb0000 - 0x00007ffb8d514000 	C:\WINDOWS\SYSTEM32\windows.storage.dll
0x00007ffb8fed0000 - 0x00007ffb90246000 	C:\WINDOWS\System32\combase.dll
0x00007ffb8cb40000 - 0x00007ffb8cca7000 	C:\WINDOWS\SYSTEM32\wintypes.dll
0x00007ffb91480000 - 0x00007ffb9156a000 	C:\WINDOWS\System32\SHCORE.dll
0x00007ffb8f8e0000 - 0x00007ffb8f93d000 	C:\WINDOWS\System32\shlwapi.dll
0x00007ffb8eb10000 - 0x00007ffb8eb31000 	C:\WINDOWS\SYSTEM32\profapi.dll
0x00007ffb60470000 - 0x00007ffb60489000 	C:\Program Files\Java\bin\net.dll
0x00007ffb86500000 - 0x00007ffb86613000 	C:\WINDOWS\SYSTEM32\WINHTTP.dll
0x00007ffb8e1f0000 - 0x00007ffb8e257000 	C:\WINDOWS\system32\mswsock.dll
0x00007ffb60270000 - 0x00007ffb60283000 	C:\Program Files\Java\bin\nio.dll
0x00007ffb7a1b0000 - 0x00007ffb7a1d7000 	C:\Users\wwwu\.gradle\native\68d5fa5c4cc2d200863cafc0d521ce42e7d3e7ee720ec0a83991735586a16f82\windows-amd64\native-platform.dll
0x00007ffb2e250000 - 0x00007ffb2e394000 	C:\Users\wwwu\.gradle\native\e376f236ea51e6404a007f0833ffe2c6e607c4080706a723a18a27aeea778392\windows-amd64\native-platform-file-events.dll
0x00007ffb79510000 - 0x00007ffb79519000 	C:\Program Files\Java\bin\management.dll
0x00007ffb79300000 - 0x00007ffb7930c000 	C:\Program Files\Java\bin\management_ext.dll
0x00007ffb8e440000 - 0x00007ffb8e458000 	C:\WINDOWS\SYSTEM32\CRYPTSP.dll
0x00007ffb8dca0000 - 0x00007ffb8dcd5000 	C:\WINDOWS\system32\rsaenh.dll
0x00007ffb8e2f0000 - 0x00007ffb8e319000 	C:\WINDOWS\SYSTEM32\USERENV.dll
0x00007ffb8e5c0000 - 0x00007ffb8e5e7000 	C:\WINDOWS\SYSTEM32\bcrypt.dll
0x00007ffb8e460000 - 0x00007ffb8e46c000 	C:\WINDOWS\SYSTEM32\CRYPTBASE.dll
0x00007ffb8d860000 - 0x00007ffb8d88d000 	C:\WINDOWS\SYSTEM32\IPHLPAPI.DLL
0x00007ffb90a30000 - 0x00007ffb90a39000 	C:\WINDOWS\System32\NSI.dll
0x00007ffb86670000 - 0x00007ffb86689000 	C:\WINDOWS\SYSTEM32\dhcpcsvc6.DLL
0x00007ffb867b0000 - 0x00007ffb867ce000 	C:\WINDOWS\SYSTEM32\dhcpcsvc.DLL
0x00007ffb8d890000 - 0x00007ffb8d977000 	C:\WINDOWS\SYSTEM32\DNSAPI.dll

dbghelp: loaded successfully - version: 4.0.5 - missing functions: none
symbol engine: initialized successfully - sym options: 0x614 - pdb path: .;C:\Program Files\Java\bin;C:\WINDOWS\SYSTEM32;C:\WINDOWS\WinSxS\amd64_microsoft.windows.common-controls_6595b64144ccf1df_6.0.22000.120_none_9d947278b86cc467;C:\Program Files\Java\bin\server;C:\Users\wwwu\.gradle\native\68d5fa5c4cc2d200863cafc0d521ce42e7d3e7ee720ec0a83991735586a16f82\windows-amd64;C:\Users\wwwu\.gradle\native\e376f236ea51e6404a007f0833ffe2c6e607c4080706a723a18a27aeea778392\windows-amd64

VM Arguments:
jvm_args: -XX:MaxMetaspaceSize=512m --add-opens=java.base/java.util=ALL-UNNAMED --add-opens=java.base/java.lang=ALL-UNNAMED --add-opens=java.base/java.lang.invoke=ALL-UNNAMED --add-opens=java.prefs/java.util.prefs=ALL-UNNAMED --add-opens=java.base/java.nio.charset=ALL-UNNAMED --add-opens=java.base/java.net=ALL-UNNAMED --add-opens=java.base/java.util.concurrent.atomic=ALL-UNNAMED -Xmx2048m -Dfile.encoding=GBK -Duser.country=CN -Duser.language=zh -Duser.variant 
java_command: org.gradle.launcher.daemon.bootstrap.GradleDaemon 8.0.1
java_class_path (initial): C:\Users\wwwu\.gradle\wrapper\dists\gradle-8.0.1-all\aro4hu1c3oeioove7l0i4i14o\gradle-8.0.1\lib\gradle-launcher-8.0.1.jar
Launcher Type: SUN_STANDARD

[Global flags]
     intx CICompilerCount                          = 4                                         {product} {ergonomic}
   size_t CompressedClassSpaceSize                 = 528482304                                 {product} {ergonomic}
     uint ConcGCThreads                            = 2                                         {product} {ergonomic}
     uint G1ConcRefinementThreads                  = 8                                         {product} {ergonomic}
   size_t G1HeapRegionSize                         = 1048576                                   {product} {ergonomic}
    uintx GCDrainStackTargetSize                   = 64                                        {product} {ergonomic}
   size_t InitialHeapSize                          = 266338304                                 {product} {ergonomic}
   size_t MarkStackSize                            = 4194304                                   {product} {ergonomic}
   size_t MaxHeapSize                              = 2147483648                                {product} {command line}
   size_t MaxMetaspaceSize                         = 536870912                                 {product} {command line}
   size_t MaxNewSize                               = 1287651328                                {product} {ergonomic}
   size_t MinHeapDeltaBytes                        = 1048576                                   {product} {ergonomic}
    uintx NonNMethodCodeHeapSize                   = 5835340                                {pd product} {ergonomic}
    uintx NonProfiledCodeHeapSize                  = 122911450                              {pd product} {ergonomic}
    uintx ProfiledCodeHeapSize                     = 122911450                              {pd product} {ergonomic}
    uintx ReservedCodeCacheSize                    = 251658240                              {pd product} {ergonomic}
     bool SegmentedCodeCache                       = true                                      {product} {ergonomic}
     bool UseCompressedClassPointers               = true                                 {lp64_product} {ergonomic}
     bool UseCompressedOops                        = true                                 {lp64_product} {ergonomic}
     bool UseG1GC                                  = true                                      {product} {ergonomic}
     bool UseLargePagesIndividualAllocation        = false                                  {pd product} {ergonomic}

Logging:
Log output configuration:
 #0: stdout all=warning uptime,level,tags
 #1: stderr all=off uptime,level,tags

Environment Variables:
JAVA_HOME=C:\Program Files\Java
CLASSPATH=D:\mind\MindInsight\android\\gradle\wrapper\gradle-wrapper.jar
PATH=D:\mind\MindInsight\node_modules\.bin;D:\mind\MindInsight\node_modules\.bin;D:\mind\node_modules\.bin;D:\node_modules\.bin;C:\Users\wwwu\AppData\Roaming\npm\node_modules\npm\node_modules\@npmcli\run-script\lib\node-gyp-bin;D:\mind\MindInsight\node_modules\.bin;D:\mind\node_modules\.bin;D:\node_modules\.bin;C:\Users\wwwu\AppData\Roaming\npm\node_modules\npm\node_modules\@npmcli\run-script\lib\node-gyp-bin;C:\Program Files (x86)\VMware\VMware Workstation\bin\;C:\Program Files (x86)\Common Files\Oracle\Java\javapath;C:\Program Files\Microsoft MPI\Bin\;D:\anaconda;D:\anaconda\Library\mingw-w64\bin;D:\anaconda\Library\usr\bin;D:\anaconda\Library\bin;D:\anaconda\Scripts;C:\Program Files\Java\bin;C:\WINDOWS\system32;C:\WINDOWS;C:\WINDOWS\System32\Wbem;C:\WINDOWS\System32\WindowsPowerShell\v1.0\;C:\WINDOWS\System32\OpenSSH\;C:\Program Files\Git\cmd;D:\nodejs\node_global;C:\Users\wwwu\AppData\Local\Android\Sdk\platform-tools;D:\MySQL\bin;D:\微信开发者工具\微信web开发者工具\dll;C:\Users\wwwu\AppData\Local\Programs\Python\Python311\Scripts\;C:\Program Files (x86)\Microsoft SQL Server\160\Tools\Binn\;C:\Program Files\Microsoft SQL Server\160\Tools\Binn\;C:\Program Files\Microsoft SQL Server\Client SDK\ODBC\170\Tools\Binn\;C:\Program Files\Microsoft SQL Server\160\DTS\Binn\;C:\Program Files (x86)\Microsoft SQL Server\160\DTS\Binn\;C:\Program Files\Azure Data Studio\bin;C:\Users\wwwu\AppData\Roaming\npm;C:\Program Files (x86)\NetSarang\Xshell 7\;C:\Program Files (x86)\NetSarang\Xftp 7\;%ANDROID_HOME%\platform-tools;%ANDROID_HOME%\platform-tools;%ANDROID_HOME%\emulator;%ANDROID_HOME%\tools;D:\nodejs\;D:\gradle\gradle-8.2.1\bin;C:\Users\wwwu\AppData\Local\Programs\Python\Python311\Scripts\;C:\Users\wwwu\AppData\Local\Programs\Python\Python311\;C:\Ruby27-x64\bin;C:\Users\wwwu\AppData\Local\Microsoft\WindowsApps;C:\Program Files\Bandizip\;C:\Users\wwwu\Downloads\Microsoft VS Code\bin;C:\Program Files\JetBrains\WebStorm 2022.2.3\bin;;C:\Program Files\JetBrains\IntelliJ IDEA 2021.1.1
USERNAME=wwwu
OS=Windows_NT
PROCESSOR_IDENTIFIER=Intel64 Family 6 Model 140 Stepping 1, GenuineIntel



---------------  S Y S T E M  ---------------

OS: Windows 10 , 64 bit Build 22000 (10.0.22000.2003)

CPU:total 8 (initial active 8) (4 cores per cpu, 2 threads per core) family 6 model 140 stepping 1, cmov, cx8, fxsr, mmx, sse, sse2, sse3, ssse3, sse4.1, sse4.2, popcnt, avx, avx2, aes, clmul, erms, 3dnowpref, lzcnt, ht, tsc, tscinvbit, bmi1, bmi2, adx, sha, fma

Memory: 4k page, system-wide physical 16167M (165M free)
TotalPageFile size 41767M (AvailPageFile size 3M)
current process WorkingSet (physical memory assigned to process): 198M, peak: 212M
current process commit charge ("private bytes"): 397M, peak: 412M

vm_info: Java HotSpot(TM) 64-Bit Server VM (11+28) for windows-amd64 JRE (11+28), built on Aug 23 2018 03:03:59 by "mach5one" with MS VC++ 15.5 (VS2017)

END.
