#
# There is insufficient memory for the Java Runtime Environment to continue.
# Native memory allocation (malloc) failed to allocate 299376 bytes for Chunk::new
# Possible reasons:
#   The system is out of physical RAM or swap space
#   The process is running with CompressedOops enabled, and the Java Heap may be blocking the growth of the native heap
# Possible solutions:
#   Reduce memory load on the system
#   Increase physical memory or swap space
#   Check if swap backing store is full
#   Decrease Java heap size (-Xmx/-Xms)
#   Decrease number of Java threads
#   Decrease Java thread stack sizes (-Xss)
#   Set larger code cache with -XX:ReservedCodeCacheSize=
#   JVM is running with Unscaled Compressed Oops mode in which the Java heap is
#     placed in the first 4GB address space. The Java Heap base address is the
#     maximum limit for the native heap growth. Please use -XX:HeapBaseMinAddress
#     to set the Java Heap base and to place the Java Heap above 4GB virtual address.
# This output file may be truncated or incomplete.
#
#  Out of Memory Error (t:/workspace/open/src/hotspot/share/memory/arena.cpp:197), pid=31928, tid=36616
#
# JRE version: Java(TM) SE Runtime Environment (11.0+28) (build 11+28)
# Java VM: Java HotSpot(TM) 64-Bit Server VM (11+28, mixed mode, tiered, compressed oops, g1 gc, windows-amd64)
# No core dump will be written. Minidumps are not enabled by default on client versions of Windows
#

---------------  S U M M A R Y ------------

Command Line: -Xmx64m -Xms64m -Dorg.gradle.appname=gradlew org.gradle.wrapper.GradleWrapperMain tasks

Host: 11th Gen Intel(R) Core(TM) i5-11300H @ 3.10GHz, 8 cores, 15G,  Windows 10 , 64 bit Build 22000 (10.0.22000.2003)
Time: Mon Sep  4 15:37:57 2023 中国标准时间 elapsed time: 88 seconds (0d 0h 1m 28s)

---------------  T H R E A D  ---------------

Current thread (0x0000021f6c461000):  JavaThread "C2 CompilerThread0" daemon [_thread_in_native, id=36616, stack(0x00000094b1600000,0x00000094b1700000)]


Current CompileTask:
C2:  88053 1363       4       jdk.internal.org.objectweb.asm.Item::set (219 bytes)

Stack: [0x00000094b1600000,0x00000094b1700000]
Native frames: (J=compiled Java code, j=interpreted, Vv=VM code, C=native code)
V  [jvm.dll+0x63c22a]
V  [jvm.dll+0x7797ef]
V  [jvm.dll+0x77adda]
V  [jvm.dll+0x77b493]
V  [jvm.dll+0x262818]
V  [jvm.dll+0xc5c71]
V  [jvm.dll+0xc61fc]
V  [jvm.dll+0x36f927]
V  [jvm.dll+0x33c6d3]
V  [jvm.dll+0x33baaa]
V  [jvm.dll+0x21c7e5]
V  [jvm.dll+0x21b98a]
V  [jvm.dll+0x198390]
V  [jvm.dll+0x22a99f]
V  [jvm.dll+0x228fb8]
V  [jvm.dll+0x73f04d]
V  [jvm.dll+0x63b2c2]
C  [ucrtbase.dll+0x26c0c]
C  [KERNEL32.DLL+0x155a0]
C  [ntdll.dll+0x485b]


---------------  P R O C E S S  ---------------

Threads class SMR info:
_java_thread_list=0x0000021f6cdcd380, length=13, elements={
0x0000021f5198c000, 0x0000021f6c3e5000, 0x0000021f6c3ee800, 0x0000021f6c45b800,
0x0000021f6c45f800, 0x0000021f6c461000, 0x0000021f6c46b800, 0x0000021f6c478000,
0x0000021f6c643000, 0x0000021f6c648800, 0x0000021f6cfe1800, 0x0000021f6d0e6000,
0x0000021f6d6a7000
}

Java Threads: ( => current thread )
  0x0000021f5198c000 JavaThread "main" [_thread_blocked, id=34176, stack(0x00000094b0b00000,0x00000094b0c00000)]
  0x0000021f6c3e5000 JavaThread "Reference Handler" daemon [_thread_blocked, id=36484, stack(0x00000094b1200000,0x00000094b1300000)]
  0x0000021f6c3ee800 JavaThread "Finalizer" daemon [_thread_blocked, id=36488, stack(0x00000094b1300000,0x00000094b1400000)]
  0x0000021f6c45b800 JavaThread "Signal Dispatcher" daemon [_thread_blocked, id=36608, stack(0x00000094b1400000,0x00000094b1500000)]
  0x0000021f6c45f800 JavaThread "Attach Listener" daemon [_thread_blocked, id=36612, stack(0x00000094b1500000,0x00000094b1600000)]
=>0x0000021f6c461000 JavaThread "C2 CompilerThread0" daemon [_thread_in_native, id=36616, stack(0x00000094b1600000,0x00000094b1700000)]
  0x0000021f6c46b800 JavaThread "C1 CompilerThread0" daemon [_thread_blocked, id=36620, stack(0x00000094b1700000,0x00000094b1800000)]
  0x0000021f6c478000 JavaThread "Sweeper thread" daemon [_thread_blocked, id=36624, stack(0x00000094b1800000,0x00000094b1900000)]
  0x0000021f6c643000 JavaThread "Service Thread" daemon [_thread_blocked, id=23876, stack(0x00000094b1900000,0x00000094b1a00000)]
  0x0000021f6c648800 JavaThread "Common-Cleaner" daemon [_thread_blocked, id=32284, stack(0x00000094b1b00000,0x00000094b1c00000)]
  0x0000021f6cfe1800 JavaThread "pool-1-thread-1" [_thread_blocked, id=31932, stack(0x00000094b1d00000,0x00000094b1e00000)]
  0x0000021f6d0e6000 JavaThread "Exec process" [_thread_blocked, id=40924, stack(0x00000094b1f00000,0x00000094b2000000)]
  0x0000021f6d6a7000 JavaThread "DisconnectableInputStream source reader" daemon [_thread_blocked, id=33356, stack(0x00000094b2000000,0x00000094b2100000)]

Other Threads:
  0x0000021f6c3bb000 VMThread "VM Thread" [stack: 0x00000094b1100000,0x00000094b1200000] [id=36116]
  0x0000021f6c647800 WatcherThread [stack: 0x00000094b1a00000,0x00000094b1b00000] [id=25824]
  0x0000021f519a4000 GCTaskThread "GC Thread#0" [stack: 0x00000094b0c00000,0x00000094b0d00000] [id=36080]
  0x0000021f6cc02000 GCTaskThread "GC Thread#1" [stack: 0x00000094b1c00000,0x00000094b1d00000] [id=26140]
  0x0000021f6d389800 GCTaskThread "GC Thread#2" [stack: 0x0000000000000000,0x0000000000000000] [id=40316]
  0x0000021f6c751000 GCTaskThread "GC Thread#3" [stack: 0x0000000000000000,0x0000000000000000] [id=40276]
  0x0000021f6cdca000 GCTaskThread "GC Thread#4" [stack: 0x00000094b2300000,0x00000094b2400000] [id=40272]
  0x0000021f6cdcb000 GCTaskThread "GC Thread#5" [stack: 0x00000094b2400000,0x00000094b2500000] [id=39696]
  0x0000021f519ad000 ConcurrentGCThread "G1 Main Marker" [stack: 0x00000094b0d00000,0x00000094b0e00000] [id=36084]
  0x0000021f519af000 ConcurrentGCThread "G1 Conc#0" [stack: 0x00000094b0e00000,0x00000094b0f00000] [id=36088]
  0x0000021f51a15000 ConcurrentGCThread "G1 Refine#0" [stack: 0x00000094b0f00000,0x00000094b1000000] [id=36104]
  0x0000021f51a16000 ConcurrentGCThread "G1 Young RemSet Sampling" [stack: 0x00000094b1000000,0x00000094b1100000] [id=36108]

Threads with active compile tasks:
C2 CompilerThread01363       4       jdk.internal.org.objectweb.asm.Item::set (219 bytes)
C1 CompilerThread01366       3       java.util.regex.Pattern$$Lambda$1/0x0000000100066040::is (9 bytes)

VM state:at safepoint (normal execution)

VM Mutex/Monitor currently owned by a thread:  ([mutex/lock_event])
[0x0000021f519881c0] Threads_lock - owner thread: 0x0000021f6c3bb000
[0x0000021f51989a80] Heap_lock - owner thread: 0x0000021f6d0e6000

OutOfMemory and StackOverflow Exception counts:
OutOfMemoryError java_heap_errors=1
LinkageErrors=16

Heap address: 0x00000000fc000000, size: 64 MB, Compressed Oops mode: 32-bit
Narrow klass base: 0x0000000000000000, Narrow klass shift: 3
Compressed class space size: 1073741824 Address: 0x0000000100000000

Heap:
 garbage-first heap   total 65536K, used 35944K [0x00000000fc000000, 0x0000000100000000)
  region size 1024K, 27 young (27648K), 2 survivors (2048K)
 Metaspace       used 15354K, capacity 15690K, committed 16000K, reserved 1069056K
  class space    used 1755K, capacity 1852K, committed 1920K, reserved 1048576K
Heap Regions: E=young(eden), S=young(survivor), O=old, HS=humongous(starts), HC=humongous(continues), CS=collection set, F=free, A=archive, TAMS=top-at-mark-start (previous, next)
|   0|0x00000000fc000000, 0x00000000fc100000, 0x00000000fc100000|100%|HS|  |TAMS 0x00000000fc000000, 0x00000000fc000000| Complete 
|   1|0x00000000fc100000, 0x00000000fc200000, 0x00000000fc200000|100%|HC|  |TAMS 0x00000000fc100000, 0x00000000fc100000| Complete 
|   2|0x00000000fc200000, 0x00000000fc300000, 0x00000000fc300000|100%|HC|  |TAMS 0x00000000fc200000, 0x00000000fc200000| Complete 
|   3|0x00000000fc300000, 0x00000000fc400000, 0x00000000fc400000|100%|HC|  |TAMS 0x00000000fc300000, 0x00000000fc300000| Complete 
|   4|0x00000000fc400000, 0x00000000fc500000, 0x00000000fc500000|100%| O|  |TAMS 0x00000000fc400000, 0x00000000fc400000| Untracked 
|   5|0x00000000fc500000, 0x00000000fc600000, 0x00000000fc600000|100%| O|  |TAMS 0x00000000fc500000, 0x00000000fc500000| Untracked 
|   6|0x00000000fc600000, 0x00000000fc700000, 0x00000000fc700000|100%| O|  |TAMS 0x00000000fc600000, 0x00000000fc600000| Untracked 
|   7|0x00000000fc700000, 0x00000000fc800000, 0x00000000fc800000|100%| O|  |TAMS 0x00000000fc700000, 0x00000000fc700000| Untracked 
|   8|0x00000000fc800000, 0x00000000fc900000, 0x00000000fc900000|100%| O|  |TAMS 0x00000000fc800000, 0x00000000fc800000| Untracked 
|   9|0x00000000fc900000, 0x00000000fca00000, 0x00000000fca00000|100%| O|  |TAMS 0x00000000fc900000, 0x00000000fc900000| Untracked 
|  10|0x00000000fca00000, 0x00000000fca1ea80, 0x00000000fcb00000| 11%| O|  |TAMS 0x00000000fca00000, 0x00000000fca00000| Untracked 
|  11|0x00000000fcb00000, 0x00000000fcb00000, 0x00000000fcc00000|  0%| F|  |TAMS 0x00000000fcb00000, 0x00000000fcb00000| Untracked 
|  12|0x00000000fcc00000, 0x00000000fcc00000, 0x00000000fcd00000|  0%| F|  |TAMS 0x00000000fcc00000, 0x00000000fcc00000| Untracked 
|  13|0x00000000fcd00000, 0x00000000fcd00000, 0x00000000fce00000|  0%| F|  |TAMS 0x00000000fcd00000, 0x00000000fcd00000| Untracked 
|  14|0x00000000fce00000, 0x00000000fce00000, 0x00000000fcf00000|  0%| F|  |TAMS 0x00000000fce00000, 0x00000000fce00000| Untracked 
|  15|0x00000000fcf00000, 0x00000000fcf00000, 0x00000000fd000000|  0%| F|  |TAMS 0x00000000fcf00000, 0x00000000fcf00000| Untracked 
|  16|0x00000000fd000000, 0x00000000fd000000, 0x00000000fd100000|  0%| F|  |TAMS 0x00000000fd000000, 0x00000000fd000000| Untracked 
|  17|0x00000000fd100000, 0x00000000fd100000, 0x00000000fd200000|  0%| F|  |TAMS 0x00000000fd100000, 0x00000000fd100000| Untracked 
|  18|0x00000000fd200000, 0x00000000fd200000, 0x00000000fd300000|  0%| F|  |TAMS 0x00000000fd200000, 0x00000000fd200000| Untracked 
|  19|0x00000000fd300000, 0x00000000fd300000, 0x00000000fd400000|  0%| F|  |TAMS 0x00000000fd300000, 0x00000000fd300000| Untracked 
|  20|0x00000000fd400000, 0x00000000fd400000, 0x00000000fd500000|  0%| F|  |TAMS 0x00000000fd400000, 0x00000000fd400000| Untracked 
|  21|0x00000000fd500000, 0x00000000fd500000, 0x00000000fd600000|  0%| F|  |TAMS 0x00000000fd500000, 0x00000000fd500000| Untracked 
|  22|0x00000000fd600000, 0x00000000fd600000, 0x00000000fd700000|  0%| F|  |TAMS 0x00000000fd600000, 0x00000000fd600000| Untracked 
|  23|0x00000000fd700000, 0x00000000fd700000, 0x00000000fd800000|  0%| F|  |TAMS 0x00000000fd700000, 0x00000000fd700000| Untracked 
|  24|0x00000000fd800000, 0x00000000fd800000, 0x00000000fd900000|  0%| F|  |TAMS 0x00000000fd800000, 0x00000000fd800000| Untracked 
|  25|0x00000000fd900000, 0x00000000fd900000, 0x00000000fda00000|  0%| F|  |TAMS 0x00000000fd900000, 0x00000000fd900000| Untracked 
|  26|0x00000000fda00000, 0x00000000fda00000, 0x00000000fdb00000|  0%| F|  |TAMS 0x00000000fda00000, 0x00000000fda00000| Untracked 
|  27|0x00000000fdb00000, 0x00000000fdb00000, 0x00000000fdc00000|  0%| F|  |TAMS 0x00000000fdb00000, 0x00000000fdb00000| Untracked 
|  28|0x00000000fdc00000, 0x00000000fdc00000, 0x00000000fdd00000|  0%| F|  |TAMS 0x00000000fdc00000, 0x00000000fdc00000| Untracked 
|  29|0x00000000fdd00000, 0x00000000fdd00000, 0x00000000fde00000|  0%| F|  |TAMS 0x00000000fdd00000, 0x00000000fdd00000| Untracked 
|  30|0x00000000fde00000, 0x00000000fde00000, 0x00000000fdf00000|  0%| F|  |TAMS 0x00000000fde00000, 0x00000000fde00000| Untracked 
|  31|0x00000000fdf00000, 0x00000000fdf00000, 0x00000000fe000000|  0%| F|  |TAMS 0x00000000fdf00000, 0x00000000fdf00000| Untracked 
|  32|0x00000000fe000000, 0x00000000fe000000, 0x00000000fe100000|  0%| F|  |TAMS 0x00000000fe000000, 0x00000000fe000000| Untracked 
|  33|0x00000000fe100000, 0x00000000fe100000, 0x00000000fe200000|  0%| F|  |TAMS 0x00000000fe100000, 0x00000000fe100000| Untracked 
|  34|0x00000000fe200000, 0x00000000fe2322f8, 0x00000000fe300000| 19%| S|  |TAMS 0x00000000fe200000, 0x00000000fe200000| Complete 
|  35|0x00000000fe300000, 0x00000000fe400000, 0x00000000fe400000|100%| S|  |TAMS 0x00000000fe300000, 0x00000000fe300000| Complete 
|  36|0x00000000fe400000, 0x00000000fe500000, 0x00000000fe500000|100%| E|CS|TAMS 0x00000000fe400000, 0x00000000fe400000| Complete 
|  37|0x00000000fe500000, 0x00000000fe600000, 0x00000000fe600000|100%| E|CS|TAMS 0x00000000fe500000, 0x00000000fe500000| Complete 
|  38|0x00000000fe600000, 0x00000000fe700000, 0x00000000fe700000|100%| E|CS|TAMS 0x00000000fe600000, 0x00000000fe600000| Complete 
|  39|0x00000000fe700000, 0x00000000fe800000, 0x00000000fe800000|100%| E|CS|TAMS 0x00000000fe700000, 0x00000000fe700000| Complete 
|  40|0x00000000fe800000, 0x00000000fe900000, 0x00000000fe900000|100%| E|CS|TAMS 0x00000000fe800000, 0x00000000fe800000| Complete 
|  41|0x00000000fe900000, 0x00000000fea00000, 0x00000000fea00000|100%| E|CS|TAMS 0x00000000fe900000, 0x00000000fe900000| Complete 
|  42|0x00000000fea00000, 0x00000000feb00000, 0x00000000feb00000|100%| E|CS|TAMS 0x00000000fea00000, 0x00000000fea00000| Complete 
|  43|0x00000000feb00000, 0x00000000fec00000, 0x00000000fec00000|100%| E|CS|TAMS 0x00000000feb00000, 0x00000000feb00000| Complete 
|  44|0x00000000fec00000, 0x00000000fed00000, 0x00000000fed00000|100%| E|CS|TAMS 0x00000000fec00000, 0x00000000fec00000| Complete 
|  45|0x00000000fed00000, 0x00000000fee00000, 0x00000000fee00000|100%| E|CS|TAMS 0x00000000fed00000, 0x00000000fed00000| Complete 
|  46|0x00000000fee00000, 0x00000000fef00000, 0x00000000fef00000|100%| E|CS|TAMS 0x00000000fee00000, 0x00000000fee00000| Complete 
|  47|0x00000000fef00000, 0x00000000ff000000, 0x00000000ff000000|100%| E|CS|TAMS 0x00000000fef00000, 0x00000000fef00000| Complete 
|  48|0x00000000ff000000, 0x00000000ff100000, 0x00000000ff100000|100%| E|CS|TAMS 0x00000000ff000000, 0x00000000ff000000| Complete 
|  49|0x00000000ff100000, 0x00000000ff200000, 0x00000000ff200000|100%| E|CS|TAMS 0x00000000ff100000, 0x00000000ff100000| Complete 
|  50|0x00000000ff200000, 0x00000000ff300000, 0x00000000ff300000|100%| E|CS|TAMS 0x00000000ff200000, 0x00000000ff200000| Complete 
|  51|0x00000000ff300000, 0x00000000ff400000, 0x00000000ff400000|100%| E|CS|TAMS 0x00000000ff300000, 0x00000000ff300000| Complete 
|  52|0x00000000ff400000, 0x00000000ff500000, 0x00000000ff500000|100%| E|CS|TAMS 0x00000000ff400000, 0x00000000ff400000| Complete 
|  53|0x00000000ff500000, 0x00000000ff600000, 0x00000000ff600000|100%| E|CS|TAMS 0x00000000ff500000, 0x00000000ff500000| Complete 
|  54|0x00000000ff600000, 0x00000000ff700000, 0x00000000ff700000|100%| E|CS|TAMS 0x00000000ff600000, 0x00000000ff600000| Complete 
|  55|0x00000000ff700000, 0x00000000ff800000, 0x00000000ff800000|100%| E|CS|TAMS 0x00000000ff700000, 0x00000000ff700000| Complete 
|  56|0x00000000ff800000, 0x00000000ff900000, 0x00000000ff900000|100%| E|CS|TAMS 0x00000000ff800000, 0x00000000ff800000| Complete 
|  57|0x00000000ff900000, 0x00000000ffa00000, 0x00000000ffa00000|100%| E|CS|TAMS 0x00000000ff900000, 0x00000000ff900000| Complete 
|  58|0x00000000ffa00000, 0x00000000ffb00000, 0x00000000ffb00000|100%| E|CS|TAMS 0x00000000ffa00000, 0x00000000ffa00000| Complete 
|  59|0x00000000ffb00000, 0x00000000ffc00000, 0x00000000ffc00000|100%| E|CS|TAMS 0x00000000ffb00000, 0x00000000ffb00000| Complete 
|  60|0x00000000ffc00000, 0x00000000ffd00000, 0x00000000ffd00000|100%| E|CS|TAMS 0x00000000ffc00000, 0x00000000ffc00000| Complete 
|  61|0x00000000ffd00000, 0x00000000ffe00000, 0x00000000ffe00000|100%| E|CS|TAMS 0x00000000ffd00000, 0x00000000ffd00000| Complete 
|  62|0x00000000ffe00000, 0x00000000fff00000, 0x00000000fff00000|100%| E|CS|TAMS 0x00000000ffe00000, 0x00000000ffe00000| Complete 
|  63|0x00000000fff00000, 0x0000000100000000, 0x0000000100000000|100%| E|CS|TAMS 0x00000000fff00000, 0x00000000fff00000| Complete 

Card table byte_map: [0x0000021f518e0000,0x0000021f51900000] _byte_map_base: 0x0000021f51100000

Marking Bits (Prev, Next): (CMBitMap*) 0x0000021f519abc38, (CMBitMap*) 0x0000021f519abc70
 Prev Bits: [0x0000021f68ff0000, 0x0000021f690f0000)
 Next Bits: [0x0000021f690f0000, 0x0000021f691f0000)

Polling page: 0x0000021f4f9b0000

Metaspace:

Usage:
  Non-class:     13.51 MB capacity,    13.28 MB ( 98%) used,   216.98 KB (  2%) free+waste,    22.81 KB ( <1%) overhead. 
      Class:      1.81 MB capacity,     1.71 MB ( 95%) used,    84.89 KB (  5%) free+waste,    11.31 KB ( <1%) overhead. 
       Both:     15.32 MB capacity,    14.99 MB ( 98%) used,   301.88 KB (  2%) free+waste,    34.13 KB ( <1%) overhead. 

Virtual space:
  Non-class space:       20.00 MB reserved,      13.75 MB ( 69%) committed 
      Class space:        1.00 GB reserved,       1.88 MB ( <1%) committed 
             Both:        1.02 GB reserved,      15.63 MB (  1%) committed 

Chunk freelists:
   Non-Class:  0 bytes
       Class:  512 bytes
        Both:  512 bytes

CodeHeap 'non-profiled nmethods': size=120000Kb used=506Kb max_used=506Kb free=119493Kb
 bounds [0x0000021f61790000, 0x0000021f61a00000, 0x0000021f68cc0000]
CodeHeap 'profiled nmethods': size=120000Kb used=2826Kb max_used=2826Kb free=117173Kb
 bounds [0x0000021f5a260000, 0x0000021f5a530000, 0x0000021f61790000]
CodeHeap 'non-nmethods': size=5760Kb used=1103Kb max_used=1120Kb free=4656Kb
 bounds [0x0000021f59cc0000, 0x0000021f59f30000, 0x0000021f5a260000]
 total_blobs=2109 nmethods=1361 adapters=328
 compilation: enabled
              stopped_count=0, restarted_count=0
 full_count=0

Compilation events (10 events):
Event: 87.981 Thread 0x0000021f6c46b800 1356       3       java.lang.AbstractStringBuilder::append (45 bytes)
Event: 87.981 Thread 0x0000021f6c46b800 nmethod 1356 0x0000021f5a520a90 code [0x0000021f5a520cc0, 0x0000021f5a521240]
Event: 87.981 Thread 0x0000021f6c46b800 1354       3       jdk.internal.org.objectweb.asm.Label::resolve (214 bytes)
Event: 87.982 Thread 0x0000021f6c46b800 nmethod 1354 0x0000021f5a521490 code [0x0000021f5a521680, 0x0000021f5a521b98]
Event: 87.985 Thread 0x0000021f6c46b800 1359       3       java.lang.StringBuilder::toString (35 bytes)
Event: 87.986 Thread 0x0000021f6c46b800 nmethod 1359 0x0000021f5a521e90 code [0x0000021f5a522080, 0x0000021f5a522580]
Event: 87.994 Thread 0x0000021f6c46b800 1361       3       java.lang.invoke.MethodTypeForm::cachedLambdaForm (44 bytes)
Event: 87.994 Thread 0x0000021f6c46b800 nmethod 1361 0x0000021f5a522710 code [0x0000021f5a5228e0, 0x0000021f5a522c90]
Event: 87.995 Thread 0x0000021f6c461000 1363       4       jdk.internal.org.objectweb.asm.Item::set (219 bytes)
Event: 88.010 Thread 0x0000021f6c46b800 1366       3       java.util.regex.Pattern$$Lambda$1/0x0000000100066040::is (9 bytes)

GC Heap History (3 events):
Event: 28.052 GC heap before
{Heap before GC invocations=0 (full 0):
 garbage-first heap   total 65536K, used 27648K [0x00000000fc000000, 0x0000000100000000)
  region size 1024K, 24 young (24576K), 0 survivors (0K)
 Metaspace       used 9957K, capacity 10125K, committed 10368K, reserved 1058816K
  class space    used 1017K, capacity 1097K, committed 1152K, reserved 1048576K
}
Event: 28.071 GC heap after
{Heap after GC invocations=1 (full 0):
 garbage-first heap   total 65536K, used 10344K [0x00000000fc000000, 0x0000000100000000)
  region size 1024K, 3 young (3072K), 3 survivors (3072K)
 Metaspace       used 9957K, capacity 10125K, committed 10368K, reserved 1058816K
  class space    used 1017K, capacity 1097K, committed 1152K, reserved 1048576K
}
Event: 88.011 GC heap before
{Heap before GC invocations=1 (full 0):
 garbage-first heap   total 65536K, used 35944K [0x00000000fc000000, 0x0000000100000000)
  region size 1024K, 28 young (28672K), 3 survivors (3072K)
 Metaspace       used 15354K, capacity 15690K, committed 16000K, reserved 1069056K
  class space    used 1755K, capacity 1852K, committed 1920K, reserved 1048576K
}

Deoptimization events (10 events):
Event: 28.698 Thread 0x0000021f5198c000 Uncommon trap: reason=unstable_if action=reinterpret pc=0x0000021f61798b9c method=java.lang.String.charAt(I)C @ 4 c2
Event: 41.462 Thread 0x0000021f5198c000 Uncommon trap: reason=bimorphic_or_optimized_type_check action=maybe_recompile pc=0x0000021f617ef698 method=java.util.concurrent.ConcurrentHashMap.get(Ljava/lang/Object;)Ljava/lang/Object; @ 149 c2
Event: 43.442 Thread 0x0000021f5198c000 Uncommon trap: reason=unstable_if action=reinterpret pc=0x0000021f617ebfe0 method=java.util.HashMap.getNode(ILjava/lang/Object;)Ljava/util/HashMap$Node; @ 129 c2
Event: 43.442 Thread 0x0000021f5198c000 Uncommon trap: reason=unstable_if action=reinterpret pc=0x0000021f617dcb04 method=java.util.HashMap.putVal(ILjava/lang/Object;Ljava/lang/Object;ZZ)Ljava/lang/Object; @ 206 c2
Event: 83.828 Thread 0x0000021f5198c000 Uncommon trap: reason=unstable_if action=reinterpret pc=0x0000021f617c05f8 method=java.lang.StringCoding.hasNegatives([BII)Z @ 12 c2
Event: 87.111 Thread 0x0000021f6d0e6000 Uncommon trap: reason=unstable_if action=reinterpret pc=0x0000021f617c4fac method=java.lang.AbstractStringBuilder.putStringAt(ILjava/lang/String;)V @ 8 c2
Event: 87.112 Thread 0x0000021f6d0e6000 Uncommon trap: reason=unstable_if action=reinterpret pc=0x0000021f617b9400 method=java.lang.AbstractStringBuilder.isLatin1()Z @ 10 c2
Event: 87.112 Thread 0x0000021f6d0e6000 Uncommon trap: reason=unstable_if action=reinterpret pc=0x0000021f617c5a94 method=java.lang.AbstractStringBuilder.putStringAt(ILjava/lang/String;)V @ 8 c2
Event: 87.112 Thread 0x0000021f6d0e6000 Uncommon trap: reason=unstable_if action=reinterpret pc=0x0000021f617bc17c method=java.lang.AbstractStringBuilder.isLatin1()Z @ 10 c2
Event: 87.113 Thread 0x0000021f6d0e6000 Uncommon trap: reason=unstable_if action=reinterpret pc=0x0000021f617fe9c0 method=java.lang.AbstractStringBuilder.isLatin1()Z @ 10 c2

Classes redefined (0 events):
No events

Internal exceptions (10 events):
Event: 41.070 Thread 0x0000021f5198c000 Exception <a 'java/lang/NoSuchMethodError'{0x00000000ff5b7a18}: java.lang.invoke.DirectMethodHandle$Holder.invokeStaticInit(Ljava/lang/Object;Ljava/lang/Object;Ljava/lang/Object;)Ljava/lang/Object;> (0x00000000ff5b7a18) thrown at [t:/workspace/open/src/ho
Event: 44.037 Thread 0x0000021f5198c000 Exception <a 'java/lang/NoSuchMethodError'{0x00000000ff0c6828}: java.lang.invoke.DirectMethodHandle$Holder.invokeStaticInit(Ljava/lang/Object;IIII)Ljava/lang/Object;> (0x00000000ff0c6828) thrown at [t:/workspace/open/src/hotspot/share/interpreter/linkReso
Event: 59.668 Thread 0x0000021f5198c000 Exception <a 'java/lang/NoSuchMethodError'{0x00000000fef301e0}: java.lang.invoke.DirectMethodHandle$Holder.invokeStaticInit(Ljava/lang/Object;Ljava/lang/Object;IIII)Ljava/lang/Object;> (0x00000000fef301e0) thrown at [t:/workspace/open/src/hotspot/share/in
Event: 78.051 Thread 0x0000021f5198c000 Exception <a 'java/lang/NoSuchMethodError'{0x00000000feff67a0}: java.lang.invoke.DirectMethodHandle$Holder.invokeSpecial(Ljava/lang/Object;Ljava/lang/Object;)V> (0x00000000feff67a0) thrown at [t:/workspace/open/src/hotspot/share/interpreter/linkResolver.c
Event: 87.978 Thread 0x0000021f6d0e6000 Exception <a 'java/lang/NoSuchMethodError'{0x00000000fe49c6d8}: java.lang.invoke.DirectMethodHandle$Holder.invokeStatic(Ljava/lang/Object;J)V> (0x00000000fe49c6d8) thrown at [t:/workspace/open/src/hotspot/share/interpreter/linkResolver.cpp, line 772]
Event: 87.980 Thread 0x0000021f6d0e6000 Exception <a 'java/lang/NoSuchMethodError'{0x00000000fe4a1678}: java.lang.invoke.DirectMethodHandle$Holder.invokeStatic(Ljava/lang/Object;J)Ljava/lang/Object;> (0x00000000fe4a1678) thrown at [t:/workspace/open/src/hotspot/share/interpreter/linkResolver.cp
Event: 87.994 Thread 0x0000021f6d0e6000 Exception <a 'java/lang/NoSuchMethodError'{0x00000000fe4af960}: java.lang.invoke.DirectMethodHandle$Holder.invokeStaticInit(Ljava/lang/Object;Ljava/lang/Object;JLjava/lang/Object;)Ljava/lang/Object;> (0x00000000fe4af960) thrown at [t:/workspace/open/src/h
Event: 87.995 Thread 0x0000021f6d0e6000 Exception <a 'java/lang/NoSuchMethodError'{0x00000000fe4b5848}: java.lang.invoke.DirectMethodHandle$Holder.invokeStatic(Ljava/lang/Object;Ljava/lang/Object;J)Ljava/lang/Object;> (0x00000000fe4b5848) thrown at [t:/workspace/open/src/hotspot/share/interpret
Event: 87.996 Thread 0x0000021f6d0e6000 Exception <a 'java/lang/NoSuchMethodError'{0x00000000fe4bbb18}: java.lang.invoke.Invokers$Holder.linkToTargetMethod(Ljava/lang/Object;JLjava/lang/Object;)Ljava/lang/Object;> (0x00000000fe4bbb18) thrown at [t:/workspace/open/src/hotspot/share/interpreter/l
Event: 88.009 Thread 0x0000021f6d0e6000 Exception <a 'java/lang/OutOfMemoryError'{0x00000000fe4d1ed8}: unable to create native thread: possibly out of memory or process/resource limits reached> (0x00000000fe4d1ed8) thrown at [t:/workspace/open/src/hotspot/share/prims/jvm.cpp, line 2926]

Events (10 events):
Event: 88.005 loading class org/gradle/util/internal/DisconnectableInputStream$1
Event: 88.005 loading class org/gradle/util/internal/DisconnectableInputStream$1 done
Event: 88.007 Thread 0x0000021f6d6a7000 Thread added: 0x0000021f6d6a7000
Event: 88.007 loading class org/gradle/process/internal/streams/ExecOutputHandleRunner
Event: 88.007 loading class org/gradle/process/internal/streams/ExecOutputHandleRunner done
Event: 88.008 loading class org/gradle/process/internal/shutdown/ShutdownHooks
Event: 88.008 loading class org/gradle/process/internal/shutdown/ShutdownHooks done
Event: 88.009 loading class org/gradle/process/internal/DefaultExecHandle$ExecResultImpl
Event: 88.009 loading class org/gradle/process/internal/DefaultExecHandle$ExecResultImpl done
Event: 88.011 Executing VM operation: G1CollectForAllocation


Dynamic libraries:
0x00007ff6552e0000 - 0x00007ff655327000 	C:\Program Files\Java\bin\java.exe
0x00007ffb91740000 - 0x00007ffb91949000 	C:\WINDOWS\SYSTEM32\ntdll.dll
0x00007ffb90250000 - 0x00007ffb9030e000 	C:\WINDOWS\System32\KERNEL32.DLL
0x00007ffb8ec50000 - 0x00007ffb8efd4000 	C:\WINDOWS\System32\KERNELBASE.dll
0x00007ffb91650000 - 0x00007ffb916ff000 	C:\WINDOWS\System32\ADVAPI32.dll
0x00007ffb8f940000 - 0x00007ffb8f9e3000 	C:\WINDOWS\System32\msvcrt.dll
0x00007ffb90c10000 - 0x00007ffb90cae000 	C:\WINDOWS\System32\sechost.dll
0x00007ffb905f0000 - 0x00007ffb90711000 	C:\WINDOWS\System32\RPCRT4.dll
0x00007ffb90a60000 - 0x00007ffb90c0d000 	C:\WINDOWS\System32\USER32.dll
0x00007ffb8f0a0000 - 0x00007ffb8f0c6000 	C:\WINDOWS\System32\win32u.dll
0x00007ffb90970000 - 0x00007ffb9099a000 	C:\WINDOWS\System32\GDI32.dll
0x00007ffb8f2e0000 - 0x00007ffb8f3ff000 	C:\WINDOWS\System32\gdi32full.dll
0x00007ffb8f0d0000 - 0x00007ffb8f16d000 	C:\WINDOWS\System32\msvcp_win.dll
0x00007ffb8f400000 - 0x00007ffb8f511000 	C:\WINDOWS\System32\ucrtbase.dll
0x00007ffb7be20000 - 0x00007ffb7c0c5000 	C:\WINDOWS\WinSxS\amd64_microsoft.windows.common-controls_6595b64144ccf1df_6.0.22000.120_none_9d947278b86cc467\COMCTL32.dll
0x00007ffb84130000 - 0x00007ffb8413a000 	C:\WINDOWS\SYSTEM32\VERSION.dll
0x00007ffb908b0000 - 0x00007ffb908e1000 	C:\WINDOWS\System32\IMM32.DLL
0x00007ffb7b060000 - 0x00007ffb7b076000 	C:\Program Files\Java\bin\vcruntime140.dll
0x00007ffb2faf0000 - 0x00007ffb2fb9a000 	C:\Program Files\Java\bin\msvcp140.dll
0x00007ffaf7e60000 - 0x00007ffaf89a2000 	C:\Program Files\Java\bin\server\jvm.dll
0x00007ffb8f8d0000 - 0x00007ffb8f8d8000 	C:\WINDOWS\System32\PSAPI.DLL
0x00007ffb87d00000 - 0x00007ffb87d09000 	C:\WINDOWS\SYSTEM32\WSOCK32.dll
0x00007ffb87430000 - 0x00007ffb87463000 	C:\WINDOWS\SYSTEM32\WINMM.dll
0x00007ffb90720000 - 0x00007ffb9078f000 	C:\WINDOWS\System32\WS2_32.dll
0x00007ffb8dd40000 - 0x00007ffb8dd58000 	C:\WINDOWS\SYSTEM32\kernel.appcore.dll
0x00007ffb7b040000 - 0x00007ffb7b051000 	C:\Program Files\Java\bin\verify.dll
0x00007ffb8bf50000 - 0x00007ffb8c171000 	C:\WINDOWS\SYSTEM32\DBGHELP.DLL
0x00007ffb650c0000 - 0x00007ffb650f1000 	C:\WINDOWS\SYSTEM32\dbgcore.DLL
0x00007ffb8f520000 - 0x00007ffb8f59f000 	C:\WINDOWS\System32\bcryptPrimitives.dll
0x00007ffb5f1b0000 - 0x00007ffb5f1d9000 	C:\Program Files\Java\bin\java.dll
0x00007ffb694f0000 - 0x00007ffb69506000 	C:\Program Files\Java\bin\zip.dll
0x00007ffb795e0000 - 0x00007ffb795ea000 	C:\Program Files\Java\bin\jimage.dll
0x00007ffb90cb0000 - 0x00007ffb91475000 	C:\WINDOWS\System32\SHELL32.dll
0x00007ffb8ccb0000 - 0x00007ffb8d514000 	C:\WINDOWS\SYSTEM32\windows.storage.dll
0x00007ffb8fed0000 - 0x00007ffb90246000 	C:\WINDOWS\System32\combase.dll
0x00007ffb8cb40000 - 0x00007ffb8cca7000 	C:\WINDOWS\SYSTEM32\wintypes.dll
0x00007ffb91480000 - 0x00007ffb9156a000 	C:\WINDOWS\System32\SHCORE.dll
0x00007ffb8f8e0000 - 0x00007ffb8f93d000 	C:\WINDOWS\System32\shlwapi.dll
0x00007ffb8eb10000 - 0x00007ffb8eb31000 	C:\WINDOWS\SYSTEM32\profapi.dll
0x00007ffb60470000 - 0x00007ffb60489000 	C:\Program Files\Java\bin\net.dll
0x00007ffb86500000 - 0x00007ffb86613000 	C:\WINDOWS\SYSTEM32\WINHTTP.dll
0x00007ffb8e1f0000 - 0x00007ffb8e257000 	C:\WINDOWS\system32\mswsock.dll
0x00007ffb60270000 - 0x00007ffb60283000 	C:\Program Files\Java\bin\nio.dll
0x00007ffb7a1b0000 - 0x00007ffb7a1d7000 	C:\Users\wwwu\.gradle\native\68d5fa5c4cc2d200863cafc0d521ce42e7d3e7ee720ec0a83991735586a16f82\windows-amd64\native-platform.dll
0x00007ffb79510000 - 0x00007ffb79519000 	C:\Program Files\Java\bin\management.dll
0x00007ffb79300000 - 0x00007ffb7930c000 	C:\Program Files\Java\bin\management_ext.dll
0x00007ffb8e440000 - 0x00007ffb8e458000 	C:\WINDOWS\SYSTEM32\CRYPTSP.dll
0x00007ffb8dca0000 - 0x00007ffb8dcd5000 	C:\WINDOWS\system32\rsaenh.dll
0x00007ffb8e2f0000 - 0x00007ffb8e319000 	C:\WINDOWS\SYSTEM32\USERENV.dll
0x00007ffb8e5c0000 - 0x00007ffb8e5e7000 	C:\WINDOWS\SYSTEM32\bcrypt.dll
0x00007ffb8e460000 - 0x00007ffb8e46c000 	C:\WINDOWS\SYSTEM32\CRYPTBASE.dll
0x00007ffb8d860000 - 0x00007ffb8d88d000 	C:\WINDOWS\SYSTEM32\IPHLPAPI.DLL
0x00007ffb90a30000 - 0x00007ffb90a39000 	C:\WINDOWS\System32\NSI.dll
0x00007ffb86670000 - 0x00007ffb86689000 	C:\WINDOWS\SYSTEM32\dhcpcsvc6.DLL
0x00007ffb867b0000 - 0x00007ffb867ce000 	C:\WINDOWS\SYSTEM32\dhcpcsvc.DLL
0x00007ffb8d890000 - 0x00007ffb8d977000 	C:\WINDOWS\SYSTEM32\DNSAPI.dll

dbghelp: loaded successfully - version: 4.0.5 - missing functions: none
symbol engine: initialized successfully - sym options: 0x614 - pdb path: .;C:\Program Files\Java\bin;C:\WINDOWS\SYSTEM32;C:\WINDOWS\WinSxS\amd64_microsoft.windows.common-controls_6595b64144ccf1df_6.0.22000.120_none_9d947278b86cc467;C:\Program Files\Java\bin\server;C:\Users\wwwu\.gradle\native\68d5fa5c4cc2d200863cafc0d521ce42e7d3e7ee720ec0a83991735586a16f82\windows-amd64

VM Arguments:
jvm_args: -Xmx64m -Xms64m -Dorg.gradle.appname=gradlew 
java_command: org.gradle.wrapper.GradleWrapperMain tasks
java_class_path (initial): D:\mind\MindInsight\android\\gradle\wrapper\gradle-wrapper.jar
Launcher Type: SUN_STANDARD

[Global flags]
     intx CICompilerCount                          = 4                                         {product} {ergonomic}
     uint ConcGCThreads                            = 2                                         {product} {ergonomic}
     uint G1ConcRefinementThreads                  = 8                                         {product} {ergonomic}
   size_t G1HeapRegionSize                         = 1048576                                   {product} {ergonomic}
    uintx GCDrainStackTargetSize                   = 64                                        {product} {ergonomic}
   size_t InitialHeapSize                          = 67108864                                  {product} {command line}
   size_t MarkStackSize                            = 4194304                                   {product} {ergonomic}
   size_t MaxHeapSize                              = 67108864                                  {product} {command line}
   size_t MaxNewSize                               = 39845888                                  {product} {ergonomic}
   size_t MinHeapDeltaBytes                        = 1048576                                   {product} {ergonomic}
    uintx NonNMethodCodeHeapSize                   = 5835340                                {pd product} {ergonomic}
    uintx NonProfiledCodeHeapSize                  = 122911450                              {pd product} {ergonomic}
    uintx ProfiledCodeHeapSize                     = 122911450                              {pd product} {ergonomic}
    uintx ReservedCodeCacheSize                    = 251658240                              {pd product} {ergonomic}
     bool SegmentedCodeCache                       = true                                      {product} {ergonomic}
     bool UseCompressedClassPointers               = true                                 {lp64_product} {ergonomic}
     bool UseCompressedOops                        = true                                 {lp64_product} {ergonomic}
     bool UseG1GC                                  = true                                      {product} {ergonomic}
     bool UseLargePagesIndividualAllocation        = false                                  {pd product} {ergonomic}

Logging:
Log output configuration:
 #0: stdout all=warning uptime,level,tags
 #1: stderr all=off uptime,level,tags

Environment Variables:
JAVA_HOME=C:\Program Files\Java
CLASSPATH=D:\mind\MindInsight\android\\gradle\wrapper\gradle-wrapper.jar
PATH=D:\mind\MindInsight\node_modules\.bin;D:\mind\MindInsight\node_modules\.bin;D:\mind\node_modules\.bin;D:\node_modules\.bin;C:\Users\wwwu\AppData\Roaming\npm\node_modules\npm\node_modules\@npmcli\run-script\lib\node-gyp-bin;D:\mind\MindInsight\node_modules\.bin;D:\mind\node_modules\.bin;D:\node_modules\.bin;C:\Users\wwwu\AppData\Roaming\npm\node_modules\npm\node_modules\@npmcli\run-script\lib\node-gyp-bin;C:\Program Files (x86)\VMware\VMware Workstation\bin\;C:\Program Files (x86)\Common Files\Oracle\Java\javapath;C:\Program Files\Microsoft MPI\Bin\;D:\anaconda;D:\anaconda\Library\mingw-w64\bin;D:\anaconda\Library\usr\bin;D:\anaconda\Library\bin;D:\anaconda\Scripts;C:\Program Files\Java\bin;C:\WINDOWS\system32;C:\WINDOWS;C:\WINDOWS\System32\Wbem;C:\WINDOWS\System32\WindowsPowerShell\v1.0\;C:\WINDOWS\System32\OpenSSH\;C:\Program Files\Git\cmd;D:\nodejs\node_global;C:\Users\wwwu\AppData\Local\Android\Sdk\platform-tools;D:\MySQL\bin;D:\微信开发者工具\微信web开发者工具\dll;C:\Users\wwwu\AppData\Local\Programs\Python\Python311\Scripts\;C:\Program Files (x86)\Microsoft SQL Server\160\Tools\Binn\;C:\Program Files\Microsoft SQL Server\160\Tools\Binn\;C:\Program Files\Microsoft SQL Server\Client SDK\ODBC\170\Tools\Binn\;C:\Program Files\Microsoft SQL Server\160\DTS\Binn\;C:\Program Files (x86)\Microsoft SQL Server\160\DTS\Binn\;C:\Program Files\Azure Data Studio\bin;C:\Users\wwwu\AppData\Roaming\npm;C:\Program Files (x86)\NetSarang\Xshell 7\;C:\Program Files (x86)\NetSarang\Xftp 7\;%ANDROID_HOME%\platform-tools;%ANDROID_HOME%\platform-tools;%ANDROID_HOME%\emulator;%ANDROID_HOME%\tools;D:\nodejs\;D:\gradle\gradle-8.2.1\bin;C:\Users\wwwu\AppData\Local\Programs\Python\Python311\Scripts\;C:\Users\wwwu\AppData\Local\Programs\Python\Python311\;C:\Ruby27-x64\bin;C:\Users\wwwu\AppData\Local\Microsoft\WindowsApps;C:\Program Files\Bandizip\;C:\Users\wwwu\Downloads\Microsoft VS Code\bin;C:\Program Files\JetBrains\WebStorm 2022.2.3\bin;;C:\Program Files\JetBrains\IntelliJ IDEA 2021.1.1
USERNAME=wwwu
OS=Windows_NT
PROCESSOR_IDENTIFIER=Intel64 Family 6 Model 140 Stepping 1, GenuineIntel



---------------  S Y S T E M  ---------------

OS: Windows 10 , 64 bit Build 22000 (10.0.22000.2003)

CPU:total 8 (initial active 8) (4 cores per cpu, 2 threads per core) family 6 model 140 stepping 1, cmov, cx8, fxsr, mmx, sse, sse2, sse3, ssse3, sse4.1, sse4.2, popcnt, avx, avx2, aes, clmul, erms, 3dnowpref, lzcnt, ht, tsc, tscinvbit, bmi1, bmi2, adx, sha, fma

Memory: 4k page, system-wide physical 16167M (360M free)
TotalPageFile size 41767M (AvailPageFile size 169M)
current process WorkingSet (physical memory assigned to process): 92M, peak: 92M
current process commit charge ("private bytes"): 160M, peak: 161M

vm_info: Java HotSpot(TM) 64-Bit Server VM (11+28) for windows-amd64 JRE (11+28), built on Aug 23 2018 03:03:59 by "mach5one" with MS VC++ 15.5 (VS2017)

END.
